[0.207s] DEBUG:colcon:Command line arguments: ['/usr/bin/colcon', 'build']
[0.207s] DEBUG:colcon:Parsed command line arguments: Namespace(allow_overriding=[], ament_cmake_args=None, base_paths=['.'], build_base='build', catkin_cmake_args=None, catkin_skip_building_tests=False, cmake_args=None, cmake_clean_cache=False, cmake_clean_first=False, cmake_force_configure=False, cmake_target=None, cmake_target_skip_unavailable=False, continue_on_error=False, event_handlers=None, executor='parallel', ignore_user_meta=False, install_base='install', log_base=None, log_level=None, main=<bound method BuildVerb.main of <colcon_core.verb.build.BuildVerb object at 0x7fd49c688b50>>, merge_install=False, metas=['./colcon.meta'], packages_above=None, packages_above_and_dependencies=None, packages_above_depth=None, packages_end=None, packages_ignore=None, packages_ignore_regex=None, packages_select=None, packages_select_build_failed=False, packages_select_by_dep=None, packages_select_regex=None, packages_select_test_failures=False, packages_skip=None, packages_skip_build_finished=False, packages_skip_by_dep=None, packages_skip_regex=None, packages_skip_test_passed=False, packages_skip_up_to=None, packages_start=None, packages_up_to=None, packages_up_to_regex=None, parallel_workers=16, paths=None, symlink_install=False, test_result_base=None, verb_extension=<colcon_core.verb.build.BuildVerb object at 0x7fd49c688b50>, verb_name='build', verb_parser=<colcon_defaults.argument_parser.defaults.DefaultArgumentsDecorator object at 0x7fd49c619100>)
[0.358s] Level 1:colcon.colcon_core.package_discovery:discover_packages(colcon_meta) check parameters
[0.358s] Level 1:colcon.colcon_core.package_discovery:discover_packages(recursive) check parameters
[0.358s] Level 1:colcon.colcon_core.package_discovery:discover_packages(ignore) check parameters
[0.358s] Level 1:colcon.colcon_core.package_discovery:discover_packages(path) check parameters
[0.358s] Level 1:colcon.colcon_core.package_discovery:discover_packages(colcon_meta) discover
[0.359s] Level 1:colcon.colcon_core.package_discovery:discover_packages(recursive) discover
[0.359s] INFO:colcon.colcon_core.package_discovery:Crawling recursively for packages in '/home/apan/Desktop/ws_ROS2PNC'
[0.359s] Level 1:colcon.colcon_core.package_identification:_identify(.) by extensions ['ignore', 'ignore_ament_install']
[0.359s] Level 1:colcon.colcon_core.package_identification:_identify(.) by extension 'ignore'
[0.359s] Level 1:colcon.colcon_core.package_identification:_identify(.) by extension 'ignore_ament_install'
[0.359s] Level 1:colcon.colcon_core.package_identification:_identify(.) by extensions ['colcon_pkg']
[0.359s] Level 1:colcon.colcon_core.package_identification:_identify(.) by extension 'colcon_pkg'
[0.359s] Level 1:colcon.colcon_core.package_identification:_identify(.) by extensions ['colcon_meta']
[0.359s] Level 1:colcon.colcon_core.package_identification:_identify(.) by extension 'colcon_meta'
[0.359s] Level 1:colcon.colcon_core.package_identification:_identify(.) by extensions ['ros']
[0.359s] Level 1:colcon.colcon_core.package_identification:_identify(.) by extension 'ros'
[0.370s] Level 1:colcon.colcon_core.package_identification:_identify(.) by extensions ['cmake', 'python']
[0.370s] Level 1:colcon.colcon_core.package_identification:_identify(.) by extension 'cmake'
[0.370s] Level 1:colcon.colcon_core.package_identification:_identify(.) by extension 'python'
[0.370s] Level 1:colcon.colcon_core.package_identification:_identify(.) by extensions ['python_setup_py']
[0.370s] Level 1:colcon.colcon_core.package_identification:_identify(.) by extension 'python_setup_py'
[0.370s] Level 1:colcon.colcon_core.package_identification:_identify(build) by extensions ['ignore', 'ignore_ament_install']
[0.370s] Level 1:colcon.colcon_core.package_identification:_identify(build) by extension 'ignore'
[0.370s] Level 1:colcon.colcon_core.package_identification:_identify(build) ignored
[0.370s] Level 1:colcon.colcon_core.package_identification:_identify(doc) by extensions ['ignore', 'ignore_ament_install']
[0.371s] Level 1:colcon.colcon_core.package_identification:_identify(doc) by extension 'ignore'
[0.371s] Level 1:colcon.colcon_core.package_identification:_identify(doc) by extension 'ignore_ament_install'
[0.371s] Level 1:colcon.colcon_core.package_identification:_identify(doc) by extensions ['colcon_pkg']
[0.371s] Level 1:colcon.colcon_core.package_identification:_identify(doc) by extension 'colcon_pkg'
[0.371s] Level 1:colcon.colcon_core.package_identification:_identify(doc) by extensions ['colcon_meta']
[0.371s] Level 1:colcon.colcon_core.package_identification:_identify(doc) by extension 'colcon_meta'
[0.371s] Level 1:colcon.colcon_core.package_identification:_identify(doc) by extensions ['ros']
[0.371s] Level 1:colcon.colcon_core.package_identification:_identify(doc) by extension 'ros'
[0.371s] Level 1:colcon.colcon_core.package_identification:_identify(doc) by extensions ['cmake', 'python']
[0.371s] Level 1:colcon.colcon_core.package_identification:_identify(doc) by extension 'cmake'
[0.371s] Level 1:colcon.colcon_core.package_identification:_identify(doc) by extension 'python'
[0.371s] Level 1:colcon.colcon_core.package_identification:_identify(doc) by extensions ['python_setup_py']
[0.371s] Level 1:colcon.colcon_core.package_identification:_identify(doc) by extension 'python_setup_py'
[0.371s] Level 1:colcon.colcon_core.package_identification:_identify(install) by extensions ['ignore', 'ignore_ament_install']
[0.371s] Level 1:colcon.colcon_core.package_identification:_identify(install) by extension 'ignore'
[0.371s] Level 1:colcon.colcon_core.package_identification:_identify(install) ignored
[0.371s] Level 1:colcon.colcon_core.package_identification:_identify(log) by extensions ['ignore', 'ignore_ament_install']
[0.372s] Level 1:colcon.colcon_core.package_identification:_identify(log) by extension 'ignore'
[0.372s] Level 1:colcon.colcon_core.package_identification:_identify(log) ignored
[0.372s] Level 1:colcon.colcon_core.package_identification:_identify(src) by extensions ['ignore', 'ignore_ament_install']
[0.372s] Level 1:colcon.colcon_core.package_identification:_identify(src) by extension 'ignore'
[0.372s] Level 1:colcon.colcon_core.package_identification:_identify(src) by extension 'ignore_ament_install'
[0.372s] Level 1:colcon.colcon_core.package_identification:_identify(src) by extensions ['colcon_pkg']
[0.372s] Level 1:colcon.colcon_core.package_identification:_identify(src) by extension 'colcon_pkg'
[0.372s] Level 1:colcon.colcon_core.package_identification:_identify(src) by extensions ['colcon_meta']
[0.372s] Level 1:colcon.colcon_core.package_identification:_identify(src) by extension 'colcon_meta'
[0.372s] Level 1:colcon.colcon_core.package_identification:_identify(src) by extensions ['ros']
[0.372s] Level 1:colcon.colcon_core.package_identification:_identify(src) by extension 'ros'
[0.372s] Level 1:colcon.colcon_core.package_identification:_identify(src) by extensions ['cmake', 'python']
[0.372s] Level 1:colcon.colcon_core.package_identification:_identify(src) by extension 'cmake'
[0.372s] Level 1:colcon.colcon_core.package_identification:_identify(src) by extension 'python'
[0.372s] Level 1:colcon.colcon_core.package_identification:_identify(src) by extensions ['python_setup_py']
[0.372s] Level 1:colcon.colcon_core.package_identification:_identify(src) by extension 'python_setup_py'
[0.372s] Level 1:colcon.colcon_core.package_identification:_identify(src/base_msgs) by extensions ['ignore', 'ignore_ament_install']
[0.372s] Level 1:colcon.colcon_core.package_identification:_identify(src/base_msgs) by extension 'ignore'
[0.373s] Level 1:colcon.colcon_core.package_identification:_identify(src/base_msgs) by extension 'ignore_ament_install'
[0.373s] Level 1:colcon.colcon_core.package_identification:_identify(src/base_msgs) by extensions ['colcon_pkg']
[0.373s] Level 1:colcon.colcon_core.package_identification:_identify(src/base_msgs) by extension 'colcon_pkg'
[0.373s] Level 1:colcon.colcon_core.package_identification:_identify(src/base_msgs) by extensions ['colcon_meta']
[0.373s] Level 1:colcon.colcon_core.package_identification:_identify(src/base_msgs) by extension 'colcon_meta'
[0.373s] Level 1:colcon.colcon_core.package_identification:_identify(src/base_msgs) by extensions ['ros']
[0.373s] Level 1:colcon.colcon_core.package_identification:_identify(src/base_msgs) by extension 'ros'
[0.375s] DEBUG:colcon.colcon_core.package_identification:Package 'src/base_msgs' with type 'ros.ament_cmake' and name 'base_msgs'
[0.376s] Level 1:colcon.colcon_core.package_identification:_identify(src/data_plot) by extensions ['ignore', 'ignore_ament_install']
[0.376s] Level 1:colcon.colcon_core.package_identification:_identify(src/data_plot) by extension 'ignore'
[0.376s] Level 1:colcon.colcon_core.package_identification:_identify(src/data_plot) by extension 'ignore_ament_install'
[0.376s] Level 1:colcon.colcon_core.package_identification:_identify(src/data_plot) by extensions ['colcon_pkg']
[0.376s] Level 1:colcon.colcon_core.package_identification:_identify(src/data_plot) by extension 'colcon_pkg'
[0.376s] Level 1:colcon.colcon_core.package_identification:_identify(src/data_plot) by extensions ['colcon_meta']
[0.376s] Level 1:colcon.colcon_core.package_identification:_identify(src/data_plot) by extension 'colcon_meta'
[0.376s] Level 1:colcon.colcon_core.package_identification:_identify(src/data_plot) by extensions ['ros']
[0.376s] Level 1:colcon.colcon_core.package_identification:_identify(src/data_plot) by extension 'ros'
[0.376s] DEBUG:colcon.colcon_core.package_identification:Package 'src/data_plot' with type 'ros.ament_python' and name 'data_plot'
[0.377s] Level 1:colcon.colcon_core.package_identification:_identify(src/planning) by extensions ['ignore', 'ignore_ament_install']
[0.377s] Level 1:colcon.colcon_core.package_identification:_identify(src/planning) by extension 'ignore'
[0.377s] Level 1:colcon.colcon_core.package_identification:_identify(src/planning) by extension 'ignore_ament_install'
[0.377s] Level 1:colcon.colcon_core.package_identification:_identify(src/planning) by extensions ['colcon_pkg']
[0.377s] Level 1:colcon.colcon_core.package_identification:_identify(src/planning) by extension 'colcon_pkg'
[0.377s] Level 1:colcon.colcon_core.package_identification:_identify(src/planning) by extensions ['colcon_meta']
[0.377s] Level 1:colcon.colcon_core.package_identification:_identify(src/planning) by extension 'colcon_meta'
[0.377s] Level 1:colcon.colcon_core.package_identification:_identify(src/planning) by extensions ['ros']
[0.377s] Level 1:colcon.colcon_core.package_identification:_identify(src/planning) by extension 'ros'
[0.378s] DEBUG:colcon.colcon_core.package_identification:Package 'src/planning' with type 'ros.ament_cmake' and name 'planning'
[0.378s] Level 1:colcon.colcon_core.package_discovery:discover_packages(recursive) using defaults
[0.378s] Level 1:colcon.colcon_core.package_discovery:discover_packages(ignore) discover
[0.378s] Level 1:colcon.colcon_core.package_discovery:discover_packages(ignore) using defaults
[0.378s] Level 1:colcon.colcon_core.package_discovery:discover_packages(path) discover
[0.378s] Level 1:colcon.colcon_core.package_discovery:discover_packages(path) using defaults
[0.394s] Level 1:colcon.colcon_core.package_discovery:discover_packages(prefix_path) check parameters
[0.394s] Level 1:colcon.colcon_core.package_discovery:discover_packages(prefix_path) discover
[0.395s] DEBUG:colcon.colcon_installed_package_information.package_discovery:Found 3 installed packages in /home/apan/Desktop/ws_ROS2PNC/install
[0.396s] DEBUG:colcon.colcon_installed_package_information.package_discovery:Found 272 installed packages in /opt/ros/humble
[0.398s] Level 1:colcon.colcon_core.package_discovery:discover_packages(prefix_path) using defaults
[0.470s] Level 5:colcon.colcon_core.verb:set package 'base_msgs' build argument 'cmake_args' from command line to 'None'
[0.470s] Level 5:colcon.colcon_core.verb:set package 'base_msgs' build argument 'cmake_target' from command line to 'None'
[0.470s] Level 5:colcon.colcon_core.verb:set package 'base_msgs' build argument 'cmake_target_skip_unavailable' from command line to 'False'
[0.470s] Level 5:colcon.colcon_core.verb:set package 'base_msgs' build argument 'cmake_clean_cache' from command line to 'False'
[0.470s] Level 5:colcon.colcon_core.verb:set package 'base_msgs' build argument 'cmake_clean_first' from command line to 'False'
[0.470s] Level 5:colcon.colcon_core.verb:set package 'base_msgs' build argument 'cmake_force_configure' from command line to 'False'
[0.470s] Level 5:colcon.colcon_core.verb:set package 'base_msgs' build argument 'ament_cmake_args' from command line to 'None'
[0.470s] Level 5:colcon.colcon_core.verb:set package 'base_msgs' build argument 'catkin_cmake_args' from command line to 'None'
[0.470s] Level 5:colcon.colcon_core.verb:set package 'base_msgs' build argument 'catkin_skip_building_tests' from command line to 'False'
[0.470s] DEBUG:colcon.colcon_core.verb:Building package 'base_msgs' with the following arguments: {'ament_cmake_args': None, 'build_base': '/home/apan/Desktop/ws_ROS2PNC/build/base_msgs', 'catkin_cmake_args': None, 'catkin_skip_building_tests': False, 'cmake_args': None, 'cmake_clean_cache': False, 'cmake_clean_first': False, 'cmake_force_configure': False, 'cmake_target': None, 'cmake_target_skip_unavailable': False, 'install_base': '/home/apan/Desktop/ws_ROS2PNC/install/base_msgs', 'merge_install': False, 'path': '/home/apan/Desktop/ws_ROS2PNC/src/base_msgs', 'symlink_install': False, 'test_result_base': None}
[0.471s] Level 5:colcon.colcon_core.verb:set package 'data_plot' build argument 'cmake_args' from command line to 'None'
[0.471s] Level 5:colcon.colcon_core.verb:set package 'data_plot' build argument 'cmake_target' from command line to 'None'
[0.471s] Level 5:colcon.colcon_core.verb:set package 'data_plot' build argument 'cmake_target_skip_unavailable' from command line to 'False'
[0.471s] Level 5:colcon.colcon_core.verb:set package 'data_plot' build argument 'cmake_clean_cache' from command line to 'False'
[0.471s] Level 5:colcon.colcon_core.verb:set package 'data_plot' build argument 'cmake_clean_first' from command line to 'False'
[0.471s] Level 5:colcon.colcon_core.verb:set package 'data_plot' build argument 'cmake_force_configure' from command line to 'False'
[0.471s] Level 5:colcon.colcon_core.verb:set package 'data_plot' build argument 'ament_cmake_args' from command line to 'None'
[0.471s] Level 5:colcon.colcon_core.verb:set package 'data_plot' build argument 'catkin_cmake_args' from command line to 'None'
[0.471s] Level 5:colcon.colcon_core.verb:set package 'data_plot' build argument 'catkin_skip_building_tests' from command line to 'False'
[0.471s] DEBUG:colcon.colcon_core.verb:Building package 'data_plot' with the following arguments: {'ament_cmake_args': None, 'build_base': '/home/apan/Desktop/ws_ROS2PNC/build/data_plot', 'catkin_cmake_args': None, 'catkin_skip_building_tests': False, 'cmake_args': None, 'cmake_clean_cache': False, 'cmake_clean_first': False, 'cmake_force_configure': False, 'cmake_target': None, 'cmake_target_skip_unavailable': False, 'install_base': '/home/apan/Desktop/ws_ROS2PNC/install/data_plot', 'merge_install': False, 'path': '/home/apan/Desktop/ws_ROS2PNC/src/data_plot', 'symlink_install': False, 'test_result_base': None}
[0.471s] Level 5:colcon.colcon_core.verb:set package 'planning' build argument 'cmake_args' from command line to 'None'
[0.472s] Level 5:colcon.colcon_core.verb:set package 'planning' build argument 'cmake_target' from command line to 'None'
[0.472s] Level 5:colcon.colcon_core.verb:set package 'planning' build argument 'cmake_target_skip_unavailable' from command line to 'False'
[0.472s] Level 5:colcon.colcon_core.verb:set package 'planning' build argument 'cmake_clean_cache' from command line to 'False'
[0.472s] Level 5:colcon.colcon_core.verb:set package 'planning' build argument 'cmake_clean_first' from command line to 'False'
[0.472s] Level 5:colcon.colcon_core.verb:set package 'planning' build argument 'cmake_force_configure' from command line to 'False'
[0.472s] Level 5:colcon.colcon_core.verb:set package 'planning' build argument 'ament_cmake_args' from command line to 'None'
[0.472s] Level 5:colcon.colcon_core.verb:set package 'planning' build argument 'catkin_cmake_args' from command line to 'None'
[0.472s] Level 5:colcon.colcon_core.verb:set package 'planning' build argument 'catkin_skip_building_tests' from command line to 'False'
[0.472s] DEBUG:colcon.colcon_core.verb:Building package 'planning' with the following arguments: {'ament_cmake_args': None, 'build_base': '/home/apan/Desktop/ws_ROS2PNC/build/planning', 'catkin_cmake_args': None, 'catkin_skip_building_tests': False, 'cmake_args': None, 'cmake_clean_cache': False, 'cmake_clean_first': False, 'cmake_force_configure': False, 'cmake_target': None, 'cmake_target_skip_unavailable': False, 'install_base': '/home/apan/Desktop/ws_ROS2PNC/install/planning', 'merge_install': False, 'path': '/home/apan/Desktop/ws_ROS2PNC/src/planning', 'symlink_install': False, 'test_result_base': None}
[0.472s] INFO:colcon.colcon_core.executor:Executing jobs using 'parallel' executor
[0.473s] DEBUG:colcon.colcon_parallel_executor.executor.parallel:run_until_complete
[0.473s] INFO:colcon.colcon_ros.task.ament_cmake.build:Building ROS package in '/home/apan/Desktop/ws_ROS2PNC/src/base_msgs' with build type 'ament_cmake'
[0.473s] INFO:colcon.colcon_cmake.task.cmake.build:Building CMake package in '/home/apan/Desktop/ws_ROS2PNC/src/base_msgs'
[0.475s] INFO:colcon.colcon_core.plugin_system:Skipping extension 'colcon_core.shell.bat': Not used on non-Windows systems
[0.475s] INFO:colcon.colcon_core.shell:Skip shell extension 'powershell' for command environment: Not usable outside of PowerShell
[0.475s] DEBUG:colcon.colcon_core.shell:Skip shell extension 'dsv' for command environment
[0.479s] INFO:colcon.colcon_ros.task.ament_python.build:Building ROS package in '/home/apan/Desktop/ws_ROS2PNC/src/data_plot' with build type 'ament_python'
[0.479s] Level 1:colcon.colcon_core.shell:create_environment_hook('data_plot', 'ament_prefix_path')
[0.480s] INFO:colcon.colcon_core.shell:Creating environment hook '/home/apan/Desktop/ws_ROS2PNC/install/data_plot/share/data_plot/hook/ament_prefix_path.ps1'
[0.481s] INFO:colcon.colcon_core.shell:Creating environment descriptor '/home/apan/Desktop/ws_ROS2PNC/install/data_plot/share/data_plot/hook/ament_prefix_path.dsv'
[0.481s] INFO:colcon.colcon_core.shell:Creating environment hook '/home/apan/Desktop/ws_ROS2PNC/install/data_plot/share/data_plot/hook/ament_prefix_path.sh'
[0.482s] INFO:colcon.colcon_core.shell:Skip shell extension 'powershell' for command environment: Not usable outside of PowerShell
[0.483s] DEBUG:colcon.colcon_core.shell:Skip shell extension 'dsv' for command environment
[0.487s] INFO:colcon.colcon_ros.task.ament_cmake.build:Building ROS package in '/home/apan/Desktop/ws_ROS2PNC/src/planning' with build type 'ament_cmake'
[0.487s] INFO:colcon.colcon_cmake.task.cmake.build:Building CMake package in '/home/apan/Desktop/ws_ROS2PNC/src/planning'
[0.488s] INFO:colcon.colcon_core.shell:Skip shell extension 'powershell' for command environment: Not usable outside of PowerShell
[0.488s] DEBUG:colcon.colcon_core.shell:Skip shell extension 'dsv' for command environment
[0.502s] DEBUG:colcon.colcon_core.event_handler.log_command:Invoking command in '/home/apan/Desktop/ws_ROS2PNC/build/base_msgs': CMAKE_PREFIX_PATH=${CMAKE_PREFIX_PATH}:/home/apan/Desktop/ws_ROS2PNC/install/data_plot:/opt/ros/humble CONDA_PROMPT_MODIFIER=(base) /home/apan/anaconda3/bin/cmake --build /home/apan/Desktop/ws_ROS2PNC/build/base_msgs -- -j16 -l16
[0.737s] INFO:colcon.colcon_core.task.python.build:Building Python package in '/home/apan/Desktop/ws_ROS2PNC/src/data_plot'
[0.738s] INFO:colcon.colcon_core.shell:Skip shell extension 'powershell' for command environment: Not usable outside of PowerShell
[0.738s] DEBUG:colcon.colcon_core.shell:Skip shell extension 'dsv' for command environment
[0.750s] DEBUG:colcon.colcon_core.event_handler.log_command:Invoking command in '/home/apan/Desktop/ws_ROS2PNC/build/planning': CMAKE_PREFIX_PATH=${CMAKE_PREFIX_PATH}:/home/apan/Desktop/ws_ROS2PNC/install/data_plot:/opt/ros/humble CONDA_PROMPT_MODIFIER=(base) /home/apan/anaconda3/bin/cmake --build /home/apan/Desktop/ws_ROS2PNC/build/planning -- -j16 -l16
[0.781s] DEBUG:colcon.colcon_core.event_handler.log_command:Invoked command in '/home/apan/Desktop/ws_ROS2PNC/build/planning' returned '0': CMAKE_PREFIX_PATH=${CMAKE_PREFIX_PATH}:/home/apan/Desktop/ws_ROS2PNC/install/data_plot:/opt/ros/humble CONDA_PROMPT_MODIFIER=(base) /home/apan/anaconda3/bin/cmake --build /home/apan/Desktop/ws_ROS2PNC/build/planning -- -j16 -l16
[0.790s] DEBUG:colcon.colcon_core.event_handler.log_command:Invoking command in '/home/apan/Desktop/ws_ROS2PNC/build/planning': CMAKE_PREFIX_PATH=${CMAKE_PREFIX_PATH}:/home/apan/Desktop/ws_ROS2PNC/install/data_plot:/opt/ros/humble CONDA_PROMPT_MODIFIER=(base) /home/apan/anaconda3/bin/cmake --install /home/apan/Desktop/ws_ROS2PNC/build/planning
[0.796s] Level 1:colcon.colcon_core.environment:create_environment_scripts_only(planning)
[0.796s] DEBUG:colcon.colcon_core.event_handler.log_command:Invoked command in '/home/apan/Desktop/ws_ROS2PNC/build/planning' returned '0': CMAKE_PREFIX_PATH=${CMAKE_PREFIX_PATH}:/home/apan/Desktop/ws_ROS2PNC/install/data_plot:/opt/ros/humble CONDA_PROMPT_MODIFIER=(base) /home/apan/anaconda3/bin/cmake --install /home/apan/Desktop/ws_ROS2PNC/build/planning
[0.799s] Level 1:colcon.colcon_core.environment:checking '/home/apan/Desktop/ws_ROS2PNC/install/planning' for CMake module files
[0.800s] Level 1:colcon.colcon_core.environment:checking '/home/apan/Desktop/ws_ROS2PNC/install/planning' for CMake config files
[0.800s] Level 1:colcon.colcon_core.shell:create_environment_hook('planning', 'cmake_prefix_path')
[0.800s] INFO:colcon.colcon_core.shell:Creating environment hook '/home/apan/Desktop/ws_ROS2PNC/install/planning/share/planning/hook/cmake_prefix_path.ps1'
[0.801s] INFO:colcon.colcon_core.shell:Creating environment descriptor '/home/apan/Desktop/ws_ROS2PNC/install/planning/share/planning/hook/cmake_prefix_path.dsv'
[0.801s] INFO:colcon.colcon_core.shell:Creating environment hook '/home/apan/Desktop/ws_ROS2PNC/install/planning/share/planning/hook/cmake_prefix_path.sh'
[0.802s] Level 1:colcon.colcon_core.environment:checking '/home/apan/Desktop/ws_ROS2PNC/install/planning/lib'
[0.802s] Level 1:colcon.colcon_core.environment:checking '/home/apan/Desktop/ws_ROS2PNC/install/planning/bin'
[0.802s] Level 1:colcon.colcon_core.environment:checking '/home/apan/Desktop/ws_ROS2PNC/install/planning/lib/pkgconfig/planning.pc'
[0.802s] Level 1:colcon.colcon_core.environment:checking '/home/apan/Desktop/ws_ROS2PNC/install/planning/lib/python3.8/site-packages'
[0.802s] Level 1:colcon.colcon_core.environment:checking '/home/apan/Desktop/ws_ROS2PNC/install/planning/bin'
[0.803s] INFO:colcon.colcon_core.shell:Creating package script '/home/apan/Desktop/ws_ROS2PNC/install/planning/share/planning/package.ps1'
[0.803s] INFO:colcon.colcon_core.shell:Creating package descriptor '/home/apan/Desktop/ws_ROS2PNC/install/planning/share/planning/package.dsv'
[0.804s] INFO:colcon.colcon_core.shell:Creating package script '/home/apan/Desktop/ws_ROS2PNC/install/planning/share/planning/package.sh'
[0.805s] INFO:colcon.colcon_core.shell:Creating package script '/home/apan/Desktop/ws_ROS2PNC/install/planning/share/planning/package.bash'
[0.805s] INFO:colcon.colcon_core.shell:Creating package script '/home/apan/Desktop/ws_ROS2PNC/install/planning/share/planning/package.zsh'
[0.806s] Level 1:colcon.colcon_core.environment:create_file_with_runtime_dependencies(/home/apan/Desktop/ws_ROS2PNC/install/planning/share/colcon-core/packages/planning)
[0.806s] Level 1:colcon.colcon_core.environment:create_environment_scripts_only(planning)
[0.807s] Level 1:colcon.colcon_core.environment:checking '/home/apan/Desktop/ws_ROS2PNC/install/planning' for CMake module files
[0.807s] Level 1:colcon.colcon_core.environment:checking '/home/apan/Desktop/ws_ROS2PNC/install/planning' for CMake config files
[0.807s] Level 1:colcon.colcon_core.shell:create_environment_hook('planning', 'cmake_prefix_path')
[0.808s] INFO:colcon.colcon_core.shell:Creating environment hook '/home/apan/Desktop/ws_ROS2PNC/install/planning/share/planning/hook/cmake_prefix_path.ps1'
[0.808s] INFO:colcon.colcon_core.shell:Creating environment descriptor '/home/apan/Desktop/ws_ROS2PNC/install/planning/share/planning/hook/cmake_prefix_path.dsv'
[0.808s] INFO:colcon.colcon_core.shell:Creating environment hook '/home/apan/Desktop/ws_ROS2PNC/install/planning/share/planning/hook/cmake_prefix_path.sh'
[0.809s] Level 1:colcon.colcon_core.environment:checking '/home/apan/Desktop/ws_ROS2PNC/install/planning/lib'
[0.809s] Level 1:colcon.colcon_core.environment:checking '/home/apan/Desktop/ws_ROS2PNC/install/planning/bin'
[0.809s] Level 1:colcon.colcon_core.environment:checking '/home/apan/Desktop/ws_ROS2PNC/install/planning/lib/pkgconfig/planning.pc'
[0.809s] Level 1:colcon.colcon_core.environment:checking '/home/apan/Desktop/ws_ROS2PNC/install/planning/lib/python3.8/site-packages'
[0.809s] Level 1:colcon.colcon_core.environment:checking '/home/apan/Desktop/ws_ROS2PNC/install/planning/bin'
[0.809s] INFO:colcon.colcon_core.shell:Creating package script '/home/apan/Desktop/ws_ROS2PNC/install/planning/share/planning/package.ps1'
[0.810s] INFO:colcon.colcon_core.shell:Creating package descriptor '/home/apan/Desktop/ws_ROS2PNC/install/planning/share/planning/package.dsv'
[0.810s] INFO:colcon.colcon_core.shell:Creating package script '/home/apan/Desktop/ws_ROS2PNC/install/planning/share/planning/package.sh'
[0.811s] INFO:colcon.colcon_core.shell:Creating package script '/home/apan/Desktop/ws_ROS2PNC/install/planning/share/planning/package.bash'
[0.811s] INFO:colcon.colcon_core.shell:Creating package script '/home/apan/Desktop/ws_ROS2PNC/install/planning/share/planning/package.zsh'
[0.811s] Level 1:colcon.colcon_core.environment:create_file_with_runtime_dependencies(/home/apan/Desktop/ws_ROS2PNC/install/planning/share/colcon-core/packages/planning)
[1.132s] DEBUG:colcon.colcon_core.event_handler.log_command:Invoking command in '/home/apan/Desktop/ws_ROS2PNC/src/data_plot': CONDA_PROMPT_MODIFIER=(base) PYTHONPATH=/home/apan/Desktop/ws_ROS2PNC/build/data_plot/prefix_override:/usr/lib/python3/dist-packages/colcon_core/task/python/colcon_distutils_commands:/home/apan/Desktop/ws_ROS2PNC/install/data_plot/lib/python3.8/site-packages:${PYTHONPATH} /usr/bin/python3 -W ignore:setup.py install is deprecated -W ignore:easy_install command is deprecated setup.py egg_info --egg-base ../../build/data_plot build --build-base /home/apan/Desktop/ws_ROS2PNC/build/data_plot/build install --record /home/apan/Desktop/ws_ROS2PNC/build/data_plot/install.log --single-version-externally-managed install_data
[1.197s] DEBUG:colcon.colcon_core.event_handler.log_command:Invoked command in '/home/apan/Desktop/ws_ROS2PNC/build/base_msgs' returned '0': CMAKE_PREFIX_PATH=${CMAKE_PREFIX_PATH}:/home/apan/Desktop/ws_ROS2PNC/install/data_plot:/opt/ros/humble CONDA_PROMPT_MODIFIER=(base) /home/apan/anaconda3/bin/cmake --build /home/apan/Desktop/ws_ROS2PNC/build/base_msgs -- -j16 -l16
[1.200s] DEBUG:colcon.colcon_core.event_handler.log_command:Invoking command in '/home/apan/Desktop/ws_ROS2PNC/build/base_msgs': CMAKE_PREFIX_PATH=${CMAKE_PREFIX_PATH}:/home/apan/Desktop/ws_ROS2PNC/install/data_plot:/opt/ros/humble CONDA_PROMPT_MODIFIER=(base) /home/apan/anaconda3/bin/cmake --install /home/apan/Desktop/ws_ROS2PNC/build/base_msgs
[1.206s] Level 1:colcon.colcon_core.environment:create_environment_scripts_only(base_msgs)
[1.206s] Level 1:colcon.colcon_core.environment:checking '/home/apan/Desktop/ws_ROS2PNC/install/base_msgs' for CMake module files
[1.207s] DEBUG:colcon.colcon_core.event_handler.log_command:Invoked command in '/home/apan/Desktop/ws_ROS2PNC/build/base_msgs' returned '0': CMAKE_PREFIX_PATH=${CMAKE_PREFIX_PATH}:/home/apan/Desktop/ws_ROS2PNC/install/data_plot:/opt/ros/humble CONDA_PROMPT_MODIFIER=(base) /home/apan/anaconda3/bin/cmake --install /home/apan/Desktop/ws_ROS2PNC/build/base_msgs
[1.207s] Level 1:colcon.colcon_core.environment:checking '/home/apan/Desktop/ws_ROS2PNC/install/base_msgs' for CMake config files
[1.207s] Level 1:colcon.colcon_core.shell:create_environment_hook('base_msgs', 'cmake_prefix_path')
[1.208s] INFO:colcon.colcon_core.shell:Creating environment hook '/home/apan/Desktop/ws_ROS2PNC/install/base_msgs/share/base_msgs/hook/cmake_prefix_path.ps1'
[1.208s] INFO:colcon.colcon_core.shell:Creating environment descriptor '/home/apan/Desktop/ws_ROS2PNC/install/base_msgs/share/base_msgs/hook/cmake_prefix_path.dsv'
[1.208s] INFO:colcon.colcon_core.shell:Creating environment hook '/home/apan/Desktop/ws_ROS2PNC/install/base_msgs/share/base_msgs/hook/cmake_prefix_path.sh'
[1.209s] Level 1:colcon.colcon_core.environment:checking '/home/apan/Desktop/ws_ROS2PNC/install/base_msgs/bin'
[1.209s] Level 1:colcon.colcon_core.environment:checking '/home/apan/Desktop/ws_ROS2PNC/install/base_msgs/lib/pkgconfig/base_msgs.pc'
[1.209s] Level 1:colcon.colcon_core.environment:checking '/home/apan/Desktop/ws_ROS2PNC/install/base_msgs/lib/python3.8/site-packages'
[1.209s] Level 1:colcon.colcon_core.environment:checking '/home/apan/Desktop/ws_ROS2PNC/install/base_msgs/bin'
[1.210s] INFO:colcon.colcon_core.shell:Creating package script '/home/apan/Desktop/ws_ROS2PNC/install/base_msgs/share/base_msgs/package.ps1'
[1.210s] INFO:colcon.colcon_core.shell:Creating package descriptor '/home/apan/Desktop/ws_ROS2PNC/install/base_msgs/share/base_msgs/package.dsv'
[1.210s] INFO:colcon.colcon_core.shell:Creating package script '/home/apan/Desktop/ws_ROS2PNC/install/base_msgs/share/base_msgs/package.sh'
[1.211s] INFO:colcon.colcon_core.shell:Creating package script '/home/apan/Desktop/ws_ROS2PNC/install/base_msgs/share/base_msgs/package.bash'
[1.211s] INFO:colcon.colcon_core.shell:Creating package script '/home/apan/Desktop/ws_ROS2PNC/install/base_msgs/share/base_msgs/package.zsh'
[1.211s] Level 1:colcon.colcon_core.environment:create_file_with_runtime_dependencies(/home/apan/Desktop/ws_ROS2PNC/install/base_msgs/share/colcon-core/packages/base_msgs)
[1.212s] Level 1:colcon.colcon_core.environment:create_environment_scripts_only(base_msgs)
[1.212s] Level 1:colcon.colcon_core.environment:checking '/home/apan/Desktop/ws_ROS2PNC/install/base_msgs' for CMake module files
[1.212s] Level 1:colcon.colcon_core.environment:checking '/home/apan/Desktop/ws_ROS2PNC/install/base_msgs' for CMake config files
[1.213s] Level 1:colcon.colcon_core.shell:create_environment_hook('base_msgs', 'cmake_prefix_path')
[1.213s] INFO:colcon.colcon_core.shell:Creating environment hook '/home/apan/Desktop/ws_ROS2PNC/install/base_msgs/share/base_msgs/hook/cmake_prefix_path.ps1'
[1.213s] INFO:colcon.colcon_core.shell:Creating environment descriptor '/home/apan/Desktop/ws_ROS2PNC/install/base_msgs/share/base_msgs/hook/cmake_prefix_path.dsv'
[1.213s] INFO:colcon.colcon_core.shell:Creating environment hook '/home/apan/Desktop/ws_ROS2PNC/install/base_msgs/share/base_msgs/hook/cmake_prefix_path.sh'
[1.214s] Level 1:colcon.colcon_core.environment:checking '/home/apan/Desktop/ws_ROS2PNC/install/base_msgs/bin'
[1.214s] Level 1:colcon.colcon_core.environment:checking '/home/apan/Desktop/ws_ROS2PNC/install/base_msgs/lib/pkgconfig/base_msgs.pc'
[1.214s] Level 1:colcon.colcon_core.environment:checking '/home/apan/Desktop/ws_ROS2PNC/install/base_msgs/lib/python3.8/site-packages'
[1.214s] Level 1:colcon.colcon_core.environment:checking '/home/apan/Desktop/ws_ROS2PNC/install/base_msgs/bin'
[1.215s] INFO:colcon.colcon_core.shell:Creating package script '/home/apan/Desktop/ws_ROS2PNC/install/base_msgs/share/base_msgs/package.ps1'
[1.215s] INFO:colcon.colcon_core.shell:Creating package descriptor '/home/apan/Desktop/ws_ROS2PNC/install/base_msgs/share/base_msgs/package.dsv'
[1.215s] INFO:colcon.colcon_core.shell:Creating package script '/home/apan/Desktop/ws_ROS2PNC/install/base_msgs/share/base_msgs/package.sh'
[1.216s] INFO:colcon.colcon_core.shell:Creating package script '/home/apan/Desktop/ws_ROS2PNC/install/base_msgs/share/base_msgs/package.bash'
[1.216s] INFO:colcon.colcon_core.shell:Creating package script '/home/apan/Desktop/ws_ROS2PNC/install/base_msgs/share/base_msgs/package.zsh'
[1.217s] Level 1:colcon.colcon_core.environment:create_file_with_runtime_dependencies(/home/apan/Desktop/ws_ROS2PNC/install/base_msgs/share/colcon-core/packages/base_msgs)
[1.423s] Level 1:colcon.colcon_core.environment:checking '/home/apan/Desktop/ws_ROS2PNC/install/data_plot' for CMake module files
[1.424s] DEBUG:colcon.colcon_core.event_handler.log_command:Invoked command in '/home/apan/Desktop/ws_ROS2PNC/src/data_plot' returned '0': CONDA_PROMPT_MODIFIER=(base) PYTHONPATH=/home/apan/Desktop/ws_ROS2PNC/build/data_plot/prefix_override:/usr/lib/python3/dist-packages/colcon_core/task/python/colcon_distutils_commands:/home/apan/Desktop/ws_ROS2PNC/install/data_plot/lib/python3.8/site-packages:${PYTHONPATH} /usr/bin/python3 -W ignore:setup.py install is deprecated -W ignore:easy_install command is deprecated setup.py egg_info --egg-base ../../build/data_plot build --build-base /home/apan/Desktop/ws_ROS2PNC/build/data_plot/build install --record /home/apan/Desktop/ws_ROS2PNC/build/data_plot/install.log --single-version-externally-managed install_data
[1.424s] Level 1:colcon.colcon_core.environment:checking '/home/apan/Desktop/ws_ROS2PNC/install/data_plot' for CMake config files
[1.425s] Level 1:colcon.colcon_core.environment:checking '/home/apan/Desktop/ws_ROS2PNC/install/data_plot/lib'
[1.425s] Level 1:colcon.colcon_core.environment:checking '/home/apan/Desktop/ws_ROS2PNC/install/data_plot/bin'
[1.425s] Level 1:colcon.colcon_core.environment:checking '/home/apan/Desktop/ws_ROS2PNC/install/data_plot/lib/pkgconfig/data_plot.pc'
[1.425s] Level 1:colcon.colcon_core.environment:checking '/home/apan/Desktop/ws_ROS2PNC/install/data_plot/lib/python3.8/site-packages'
[1.425s] Level 1:colcon.colcon_core.shell:create_environment_hook('data_plot', 'pythonpath')
[1.425s] INFO:colcon.colcon_core.shell:Creating environment hook '/home/apan/Desktop/ws_ROS2PNC/install/data_plot/share/data_plot/hook/pythonpath.ps1'
[1.426s] INFO:colcon.colcon_core.shell:Creating environment descriptor '/home/apan/Desktop/ws_ROS2PNC/install/data_plot/share/data_plot/hook/pythonpath.dsv'
[1.426s] INFO:colcon.colcon_core.shell:Creating environment hook '/home/apan/Desktop/ws_ROS2PNC/install/data_plot/share/data_plot/hook/pythonpath.sh'
[1.426s] Level 1:colcon.colcon_core.environment:checking '/home/apan/Desktop/ws_ROS2PNC/install/data_plot/bin'
[1.426s] Level 1:colcon.colcon_core.environment:create_environment_scripts_only(data_plot)
[1.427s] INFO:colcon.colcon_core.shell:Creating package script '/home/apan/Desktop/ws_ROS2PNC/install/data_plot/share/data_plot/package.ps1'
[1.427s] INFO:colcon.colcon_core.shell:Creating package descriptor '/home/apan/Desktop/ws_ROS2PNC/install/data_plot/share/data_plot/package.dsv'
[1.428s] INFO:colcon.colcon_core.shell:Creating package script '/home/apan/Desktop/ws_ROS2PNC/install/data_plot/share/data_plot/package.sh'
[1.428s] INFO:colcon.colcon_core.shell:Creating package script '/home/apan/Desktop/ws_ROS2PNC/install/data_plot/share/data_plot/package.bash'
[1.428s] INFO:colcon.colcon_core.shell:Creating package script '/home/apan/Desktop/ws_ROS2PNC/install/data_plot/share/data_plot/package.zsh'
[1.429s] Level 1:colcon.colcon_core.environment:create_file_with_runtime_dependencies(/home/apan/Desktop/ws_ROS2PNC/install/data_plot/share/colcon-core/packages/data_plot)
[1.429s] DEBUG:colcon.colcon_parallel_executor.executor.parallel:closing loop
[1.429s] DEBUG:colcon.colcon_parallel_executor.executor.parallel:loop closed
[1.429s] DEBUG:colcon.colcon_parallel_executor.executor.parallel:run_until_complete finished with '0'
[1.429s] DEBUG:colcon.colcon_core.event_reactor:joining thread
[1.436s] INFO:colcon.colcon_core.plugin_system:Skipping extension 'colcon_notification.desktop_notification.terminal_notifier': Not used on non-Darwin systems
[1.436s] INFO:colcon.colcon_core.plugin_system:Skipping extension 'colcon_notification.desktop_notification.win32': Not used on non-Windows systems
[1.436s] INFO:colcon.colcon_notification.desktop_notification:Sending desktop notification using 'notify2'
[1.451s] DEBUG:colcon.colcon_core.event_reactor:joined thread
[1.451s] INFO:colcon.colcon_core.shell:Creating prefix script '/home/apan/Desktop/ws_ROS2PNC/install/local_setup.ps1'
[1.452s] INFO:colcon.colcon_core.shell:Creating prefix util module '/home/apan/Desktop/ws_ROS2PNC/install/_local_setup_util_ps1.py'
[1.454s] INFO:colcon.colcon_core.shell:Creating prefix chain script '/home/apan/Desktop/ws_ROS2PNC/install/setup.ps1'
[1.456s] INFO:colcon.colcon_core.shell:Creating prefix script '/home/apan/Desktop/ws_ROS2PNC/install/local_setup.sh'
[1.457s] INFO:colcon.colcon_core.shell:Creating prefix util module '/home/apan/Desktop/ws_ROS2PNC/install/_local_setup_util_sh.py'
[1.457s] INFO:colcon.colcon_core.shell:Creating prefix chain script '/home/apan/Desktop/ws_ROS2PNC/install/setup.sh'
[1.458s] INFO:colcon.colcon_core.shell:Creating prefix script '/home/apan/Desktop/ws_ROS2PNC/install/local_setup.bash'
[1.459s] INFO:colcon.colcon_core.shell:Creating prefix chain script '/home/apan/Desktop/ws_ROS2PNC/install/setup.bash'
[1.460s] INFO:colcon.colcon_core.shell:Creating prefix script '/home/apan/Desktop/ws_ROS2PNC/install/local_setup.zsh'
[1.460s] INFO:colcon.colcon_core.shell:Creating prefix chain script '/home/apan/Desktop/ws_ROS2PNC/install/setup.zsh'
