[0.232s] Invoking command in '/home/panjincheng/Desktop/ws_ROS2PNC/build/planning': CMAKE_PREFIX_PATH=/opt/ros/galactic CONDA_PROMPT_MODIFIER=(base) /home/panjincheng/miniconda3/bin/cmake /home/panjincheng/Desktop/ws_ROS2PNC/src/planning -DCMAKE_INSTALL_PREFIX=/home/panjincheng/Desktop/ws_ROS2PNC/install/planning
[0.272s] -- The C compiler identification is GNU 9.4.0
[0.319s] -- The CXX compiler identification is GNU 9.4.0
[0.325s] -- Detecting C compiler ABI info
[0.370s] -- Detecting C compiler ABI info - done
[0.381s] -- Check for working C compiler: /usr/bin/cc - skipped
[0.381s] -- Detecting C compile features
[0.381s] -- Detecting C compile features - done
[0.384s] -- Detecting CXX compiler ABI info
[0.440s] -- Detecting CXX compiler ABI info - done
[0.453s] -- Check for working CXX compiler: /usr/bin/c++ - skipped
[0.453s] -- Detecting CXX compile features
[0.454s] -- Detecting CXX compile features - done
[0.455s] -- Found ament_cmake: 1.1.6 (/opt/ros/galactic/share/ament_cmake/cmake)
[0.470s] -- Found PythonInterp: /home/panjincheng/miniconda3/bin/python3 (found suitable version "3.12.2", minimum required is "3") 
[0.471s] -- Using PYTHON_EXECUTABLE: /home/panjincheng/miniconda3/bin/python3
[0.568s] -- Found rclcpp: 9.2.2 (/opt/ros/galactic/share/rclcpp/cmake)
[0.625s] -- Using all available rosidl_typesupport_c: rosidl_typesupport_fastrtps_c;rosidl_typesupport_introspection_c
[0.632s] -- Found rosidl_adapter: 2.2.3 (/opt/ros/galactic/share/rosidl_adapter/cmake)
[0.706s] -- Found OpenSSL: /usr/lib/x86_64-linux-gnu/libcrypto.so (found version "1.1.1f")  
[0.734s] -- Found FastRTPS: /opt/ros/galactic/include  
[0.816s] -- Using all available rosidl_typesupport_cpp: rosidl_typesupport_fastrtps_cpp;rosidl_typesupport_introspection_cpp
[0.881s] -- Found rmw_implementation_cmake: 3.3.1 (/opt/ros/galactic/share/rmw_implementation_cmake/cmake)
[0.884s] -- Found rmw_cyclonedds_cpp: 0.22.6 (/opt/ros/galactic/share/rmw_cyclonedds_cpp/cmake)
[0.905s] -- Using RMW implementation 'rmw_cyclonedds_cpp' as default
[0.906s] -- Looking for pthread.h
[0.960s] -- Looking for pthread.h - found
[0.960s] -- Performing Test CMAKE_HAVE_LIBC_PTHREAD
[1.009s] -- Performing Test CMAKE_HAVE_LIBC_PTHREAD - Failed
[1.010s] -- Looking for pthread_create in pthreads
[1.048s] -- Looking for pthread_create in pthreads - not found
[1.048s] -- Looking for pthread_create in pthread
[1.095s] -- Looking for pthread_create in pthread - found
[1.096s] -- Found Threads: TRUE  
[1.248s] -- Found ament_lint_auto: 0.10.7 (/opt/ros/galactic/share/ament_lint_auto/cmake)
[1.265s] Traceback (most recent call last):
[1.265s]   File "/opt/ros/galactic/share/ament_cmake_core/cmake/core/package_xml_2_cmake.py", line 22, in <module>
[1.265s]     from catkin_pkg.package import evaluate_condition
[1.266s] ModuleNotFoundError: No module named 'catkin_pkg'
[1.268s] CMake Error at /opt/ros/galactic/share/ament_cmake_core/cmake/core/ament_package_xml.cmake:94 (message):
[1.268s]   execute_process(/home/panjincheng/miniconda3/bin/python3
[1.268s]   /opt/ros/galactic/share/ament_cmake_core/cmake/core/package_xml_2_cmake.py
[1.268s]   /home/panjincheng/Desktop/ws_ROS2PNC/src/planning/package.xml
[1.269s]   /home/panjincheng/Desktop/ws_ROS2PNC/build/planning/ament_cmake_core/package.cmake)
[1.269s]   returned error code 1
[1.269s] Call Stack (most recent call first):
[1.269s]   /opt/ros/galactic/share/ament_cmake_core/cmake/core/ament_package_xml.cmake:49 (_ament_package_xml)
[1.269s]   /opt/ros/galactic/share/ament_lint_auto/cmake/ament_lint_auto_find_test_dependencies.cmake:31 (ament_package_xml)
[1.269s]   CMakeLists.txt:33 (ament_lint_auto_find_test_dependencies)
[1.269s] 
[1.269s] 
[1.269s] -- Configuring incomplete, errors occurred!
[1.269s] See also "/home/panjincheng/Desktop/ws_ROS2PNC/build/planning/CMakeFiles/CMakeOutput.log".
[1.269s] See also "/home/panjincheng/Desktop/ws_ROS2PNC/build/planning/CMakeFiles/CMakeError.log".
