[0.052s] DEBUG:colcon:Command line arguments: ['/usr/bin/colcon', 'build']
[0.052s] DEBUG:colcon:Parsed command line arguments: Namespace(log_base=None, log_level=None, verb_name='build', build_base='build', install_base='install', merge_install=False, symlink_install=False, test_result_base=None, continue_on_error=False, executor='parallel', parallel_workers=16, event_handlers=None, ignore_user_meta=False, metas=['./colcon.meta'], base_paths=['.'], packages_ignore=None, packages_ignore_regex=None, paths=None, packages_up_to=None, packages_up_to_regex=None, packages_above=None, packages_above_and_dependencies=None, packages_above_depth=None, packages_select_by_dep=None, packages_skip_by_dep=None, packages_skip_up_to=None, packages_select_build_failed=False, packages_skip_build_finished=False, packages_select_test_failures=False, packages_skip_test_passed=False, packages_select=None, packages_skip=None, packages_select_regex=None, packages_skip_regex=None, packages_start=None, packages_end=None, allow_overriding=[], cmake_args=None, cmake_target=None, cmake_target_skip_unavailable=False, cmake_clean_cache=False, cmake_clean_first=False, cmake_force_configure=False, ament_cmake_args=None, catkin_cmake_args=None, catkin_skip_building_tests=False, verb_parser=<colcon_defaults.argument_parser.defaults.DefaultArgumentsDecorator object at 0x773131734d60>, verb_extension=<colcon_core.verb.build.BuildVerb object at 0x77313182a0b0>, main=<bound method BuildVerb.main of <colcon_core.verb.build.BuildVerb object at 0x77313182a0b0>>)
[0.151s] Level 1:colcon.colcon_core.package_discovery:discover_packages(colcon_meta) check parameters
[0.151s] Level 1:colcon.colcon_core.package_discovery:discover_packages(recursive) check parameters
[0.151s] Level 1:colcon.colcon_core.package_discovery:discover_packages(ignore) check parameters
[0.151s] Level 1:colcon.colcon_core.package_discovery:discover_packages(path) check parameters
[0.151s] Level 1:colcon.colcon_core.package_discovery:discover_packages(colcon_meta) discover
[0.151s] Level 1:colcon.colcon_core.package_discovery:discover_packages(recursive) discover
[0.151s] INFO:colcon.colcon_core.package_discovery:Crawling recursively for packages in '/home/apan/Desktop/ROS2PNC'
[0.151s] Level 1:colcon.colcon_core.package_identification:_identify(.) by extensions ['ignore', 'ignore_ament_install']
[0.151s] Level 1:colcon.colcon_core.package_identification:_identify(.) by extension 'ignore'
[0.151s] Level 1:colcon.colcon_core.package_identification:_identify(.) by extension 'ignore_ament_install'
[0.151s] Level 1:colcon.colcon_core.package_identification:_identify(.) by extensions ['colcon_pkg']
[0.151s] Level 1:colcon.colcon_core.package_identification:_identify(.) by extension 'colcon_pkg'
[0.151s] Level 1:colcon.colcon_core.package_identification:_identify(.) by extensions ['colcon_meta']
[0.151s] Level 1:colcon.colcon_core.package_identification:_identify(.) by extension 'colcon_meta'
[0.152s] Level 1:colcon.colcon_core.package_identification:_identify(.) by extensions ['ros']
[0.152s] Level 1:colcon.colcon_core.package_identification:_identify(.) by extension 'ros'
[0.159s] Level 1:colcon.colcon_core.package_identification:_identify(.) by extensions ['cmake', 'python']
[0.159s] Level 1:colcon.colcon_core.package_identification:_identify(.) by extension 'cmake'
[0.159s] Level 1:colcon.colcon_core.package_identification:_identify(.) by extension 'python'
[0.159s] Level 1:colcon.colcon_core.package_identification:_identify(.) by extensions ['python_setup_py']
[0.159s] Level 1:colcon.colcon_core.package_identification:_identify(.) by extension 'python_setup_py'
[0.159s] Level 1:colcon.colcon_core.package_identification:_identify(build) by extensions ['ignore', 'ignore_ament_install']
[0.159s] Level 1:colcon.colcon_core.package_identification:_identify(build) by extension 'ignore'
[0.159s] Level 1:colcon.colcon_core.package_identification:_identify(build) ignored
[0.159s] Level 1:colcon.colcon_core.package_identification:_identify(doc) by extensions ['ignore', 'ignore_ament_install']
[0.159s] Level 1:colcon.colcon_core.package_identification:_identify(doc) by extension 'ignore'
[0.159s] Level 1:colcon.colcon_core.package_identification:_identify(doc) by extension 'ignore_ament_install'
[0.159s] Level 1:colcon.colcon_core.package_identification:_identify(doc) by extensions ['colcon_pkg']
[0.159s] Level 1:colcon.colcon_core.package_identification:_identify(doc) by extension 'colcon_pkg'
[0.159s] Level 1:colcon.colcon_core.package_identification:_identify(doc) by extensions ['colcon_meta']
[0.159s] Level 1:colcon.colcon_core.package_identification:_identify(doc) by extension 'colcon_meta'
[0.159s] Level 1:colcon.colcon_core.package_identification:_identify(doc) by extensions ['ros']
[0.159s] Level 1:colcon.colcon_core.package_identification:_identify(doc) by extension 'ros'
[0.159s] Level 1:colcon.colcon_core.package_identification:_identify(doc) by extensions ['cmake', 'python']
[0.159s] Level 1:colcon.colcon_core.package_identification:_identify(doc) by extension 'cmake'
[0.159s] Level 1:colcon.colcon_core.package_identification:_identify(doc) by extension 'python'
[0.159s] Level 1:colcon.colcon_core.package_identification:_identify(doc) by extensions ['python_setup_py']
[0.159s] Level 1:colcon.colcon_core.package_identification:_identify(doc) by extension 'python_setup_py'
[0.159s] Level 1:colcon.colcon_core.package_identification:_identify(doc/笔记绘图) by extensions ['ignore', 'ignore_ament_install']
[0.160s] Level 1:colcon.colcon_core.package_identification:_identify(doc/笔记绘图) by extension 'ignore'
[0.160s] Level 1:colcon.colcon_core.package_identification:_identify(doc/笔记绘图) by extension 'ignore_ament_install'
[0.160s] Level 1:colcon.colcon_core.package_identification:_identify(doc/笔记绘图) by extensions ['colcon_pkg']
[0.160s] Level 1:colcon.colcon_core.package_identification:_identify(doc/笔记绘图) by extension 'colcon_pkg'
[0.160s] Level 1:colcon.colcon_core.package_identification:_identify(doc/笔记绘图) by extensions ['colcon_meta']
[0.160s] Level 1:colcon.colcon_core.package_identification:_identify(doc/笔记绘图) by extension 'colcon_meta'
[0.160s] Level 1:colcon.colcon_core.package_identification:_identify(doc/笔记绘图) by extensions ['ros']
[0.160s] Level 1:colcon.colcon_core.package_identification:_identify(doc/笔记绘图) by extension 'ros'
[0.160s] Level 1:colcon.colcon_core.package_identification:_identify(doc/笔记绘图) by extensions ['cmake', 'python']
[0.160s] Level 1:colcon.colcon_core.package_identification:_identify(doc/笔记绘图) by extension 'cmake'
[0.160s] Level 1:colcon.colcon_core.package_identification:_identify(doc/笔记绘图) by extension 'python'
[0.160s] Level 1:colcon.colcon_core.package_identification:_identify(doc/笔记绘图) by extensions ['python_setup_py']
[0.160s] Level 1:colcon.colcon_core.package_identification:_identify(doc/笔记绘图) by extension 'python_setup_py'
[0.160s] Level 1:colcon.colcon_core.package_identification:_identify(doc/项目架构) by extensions ['ignore', 'ignore_ament_install']
[0.160s] Level 1:colcon.colcon_core.package_identification:_identify(doc/项目架构) by extension 'ignore'
[0.160s] Level 1:colcon.colcon_core.package_identification:_identify(doc/项目架构) by extension 'ignore_ament_install'
[0.160s] Level 1:colcon.colcon_core.package_identification:_identify(doc/项目架构) by extensions ['colcon_pkg']
[0.160s] Level 1:colcon.colcon_core.package_identification:_identify(doc/项目架构) by extension 'colcon_pkg'
[0.160s] Level 1:colcon.colcon_core.package_identification:_identify(doc/项目架构) by extensions ['colcon_meta']
[0.160s] Level 1:colcon.colcon_core.package_identification:_identify(doc/项目架构) by extension 'colcon_meta'
[0.160s] Level 1:colcon.colcon_core.package_identification:_identify(doc/项目架构) by extensions ['ros']
[0.160s] Level 1:colcon.colcon_core.package_identification:_identify(doc/项目架构) by extension 'ros'
[0.160s] Level 1:colcon.colcon_core.package_identification:_identify(doc/项目架构) by extensions ['cmake', 'python']
[0.160s] Level 1:colcon.colcon_core.package_identification:_identify(doc/项目架构) by extension 'cmake'
[0.160s] Level 1:colcon.colcon_core.package_identification:_identify(doc/项目架构) by extension 'python'
[0.160s] Level 1:colcon.colcon_core.package_identification:_identify(doc/项目架构) by extensions ['python_setup_py']
[0.160s] Level 1:colcon.colcon_core.package_identification:_identify(doc/项目架构) by extension 'python_setup_py'
[0.160s] Level 1:colcon.colcon_core.package_identification:_identify(doc/项目架构/planning_with_ROS2_course) by extensions ['ignore', 'ignore_ament_install']
[0.160s] Level 1:colcon.colcon_core.package_identification:_identify(doc/项目架构/planning_with_ROS2_course) by extension 'ignore'
[0.160s] Level 1:colcon.colcon_core.package_identification:_identify(doc/项目架构/planning_with_ROS2_course) by extension 'ignore_ament_install'
[0.160s] Level 1:colcon.colcon_core.package_identification:_identify(doc/项目架构/planning_with_ROS2_course) by extensions ['colcon_pkg']
[0.160s] Level 1:colcon.colcon_core.package_identification:_identify(doc/项目架构/planning_with_ROS2_course) by extension 'colcon_pkg'
[0.160s] Level 1:colcon.colcon_core.package_identification:_identify(doc/项目架构/planning_with_ROS2_course) by extensions ['colcon_meta']
[0.160s] Level 1:colcon.colcon_core.package_identification:_identify(doc/项目架构/planning_with_ROS2_course) by extension 'colcon_meta'
[0.160s] Level 1:colcon.colcon_core.package_identification:_identify(doc/项目架构/planning_with_ROS2_course) by extensions ['ros']
[0.160s] Level 1:colcon.colcon_core.package_identification:_identify(doc/项目架构/planning_with_ROS2_course) by extension 'ros'
[0.160s] Level 1:colcon.colcon_core.package_identification:_identify(doc/项目架构/planning_with_ROS2_course) by extensions ['cmake', 'python']
[0.160s] Level 1:colcon.colcon_core.package_identification:_identify(doc/项目架构/planning_with_ROS2_course) by extension 'cmake'
[0.160s] Level 1:colcon.colcon_core.package_identification:_identify(doc/项目架构/planning_with_ROS2_course) by extension 'python'
[0.160s] Level 1:colcon.colcon_core.package_identification:_identify(doc/项目架构/planning_with_ROS2_course) by extensions ['python_setup_py']
[0.160s] Level 1:colcon.colcon_core.package_identification:_identify(doc/项目架构/planning_with_ROS2_course) by extension 'python_setup_py'
[0.160s] Level 1:colcon.colcon_core.package_identification:_identify(doc/项目架构/planning_with_ROS2_course/doc) by extensions ['ignore', 'ignore_ament_install']
[0.160s] Level 1:colcon.colcon_core.package_identification:_identify(doc/项目架构/planning_with_ROS2_course/doc) by extension 'ignore'
[0.160s] Level 1:colcon.colcon_core.package_identification:_identify(doc/项目架构/planning_with_ROS2_course/doc) by extension 'ignore_ament_install'
[0.160s] Level 1:colcon.colcon_core.package_identification:_identify(doc/项目架构/planning_with_ROS2_course/doc) by extensions ['colcon_pkg']
[0.160s] Level 1:colcon.colcon_core.package_identification:_identify(doc/项目架构/planning_with_ROS2_course/doc) by extension 'colcon_pkg'
[0.160s] Level 1:colcon.colcon_core.package_identification:_identify(doc/项目架构/planning_with_ROS2_course/doc) by extensions ['colcon_meta']
[0.160s] Level 1:colcon.colcon_core.package_identification:_identify(doc/项目架构/planning_with_ROS2_course/doc) by extension 'colcon_meta'
[0.161s] Level 1:colcon.colcon_core.package_identification:_identify(doc/项目架构/planning_with_ROS2_course/doc) by extensions ['ros']
[0.161s] Level 1:colcon.colcon_core.package_identification:_identify(doc/项目架构/planning_with_ROS2_course/doc) by extension 'ros'
[0.161s] Level 1:colcon.colcon_core.package_identification:_identify(doc/项目架构/planning_with_ROS2_course/doc) by extensions ['cmake', 'python']
[0.161s] Level 1:colcon.colcon_core.package_identification:_identify(doc/项目架构/planning_with_ROS2_course/doc) by extension 'cmake'
[0.161s] Level 1:colcon.colcon_core.package_identification:_identify(doc/项目架构/planning_with_ROS2_course/doc) by extension 'python'
[0.161s] Level 1:colcon.colcon_core.package_identification:_identify(doc/项目架构/planning_with_ROS2_course/doc) by extensions ['python_setup_py']
[0.161s] Level 1:colcon.colcon_core.package_identification:_identify(doc/项目架构/planning_with_ROS2_course/doc) by extension 'python_setup_py'
[0.161s] Level 1:colcon.colcon_core.package_identification:_identify(doc/项目架构/planning_with_ROS2_course/src) by extensions ['ignore', 'ignore_ament_install']
[0.161s] Level 1:colcon.colcon_core.package_identification:_identify(doc/项目架构/planning_with_ROS2_course/src) by extension 'ignore'
[0.161s] Level 1:colcon.colcon_core.package_identification:_identify(doc/项目架构/planning_with_ROS2_course/src) by extension 'ignore_ament_install'
[0.161s] Level 1:colcon.colcon_core.package_identification:_identify(doc/项目架构/planning_with_ROS2_course/src) by extensions ['colcon_pkg']
[0.161s] Level 1:colcon.colcon_core.package_identification:_identify(doc/项目架构/planning_with_ROS2_course/src) by extension 'colcon_pkg'
[0.161s] Level 1:colcon.colcon_core.package_identification:_identify(doc/项目架构/planning_with_ROS2_course/src) by extensions ['colcon_meta']
[0.161s] Level 1:colcon.colcon_core.package_identification:_identify(doc/项目架构/planning_with_ROS2_course/src) by extension 'colcon_meta'
[0.161s] Level 1:colcon.colcon_core.package_identification:_identify(doc/项目架构/planning_with_ROS2_course/src) by extensions ['ros']
[0.161s] Level 1:colcon.colcon_core.package_identification:_identify(doc/项目架构/planning_with_ROS2_course/src) by extension 'ros'
[0.161s] Level 1:colcon.colcon_core.package_identification:_identify(doc/项目架构/planning_with_ROS2_course/src) by extensions ['cmake', 'python']
[0.161s] Level 1:colcon.colcon_core.package_identification:_identify(doc/项目架构/planning_with_ROS2_course/src) by extension 'cmake'
[0.161s] Level 1:colcon.colcon_core.package_identification:_identify(doc/项目架构/planning_with_ROS2_course/src) by extension 'python'
[0.161s] Level 1:colcon.colcon_core.package_identification:_identify(doc/项目架构/planning_with_ROS2_course/src) by extensions ['python_setup_py']
[0.161s] Level 1:colcon.colcon_core.package_identification:_identify(doc/项目架构/planning_with_ROS2_course/src) by extension 'python_setup_py'
[0.161s] Level 1:colcon.colcon_core.package_identification:_identify(doc/项目架构/planning_with_ROS2_course/src/base_msgs) by extensions ['ignore', 'ignore_ament_install']
[0.161s] Level 1:colcon.colcon_core.package_identification:_identify(doc/项目架构/planning_with_ROS2_course/src/base_msgs) by extension 'ignore'
[0.161s] Level 1:colcon.colcon_core.package_identification:_identify(doc/项目架构/planning_with_ROS2_course/src/base_msgs) by extension 'ignore_ament_install'
[0.161s] Level 1:colcon.colcon_core.package_identification:_identify(doc/项目架构/planning_with_ROS2_course/src/base_msgs) by extensions ['colcon_pkg']
[0.161s] Level 1:colcon.colcon_core.package_identification:_identify(doc/项目架构/planning_with_ROS2_course/src/base_msgs) by extension 'colcon_pkg'
[0.161s] Level 1:colcon.colcon_core.package_identification:_identify(doc/项目架构/planning_with_ROS2_course/src/base_msgs) by extensions ['colcon_meta']
[0.161s] Level 1:colcon.colcon_core.package_identification:_identify(doc/项目架构/planning_with_ROS2_course/src/base_msgs) by extension 'colcon_meta'
[0.161s] Level 1:colcon.colcon_core.package_identification:_identify(doc/项目架构/planning_with_ROS2_course/src/base_msgs) by extensions ['ros']
[0.161s] Level 1:colcon.colcon_core.package_identification:_identify(doc/项目架构/planning_with_ROS2_course/src/base_msgs) by extension 'ros'
[0.163s] DEBUG:colcon.colcon_core.package_identification:Package 'doc/项目架构/planning_with_ROS2_course/src/base_msgs' with type 'ros.ament_cmake' and name 'base_msgs'
[0.163s] Level 1:colcon.colcon_core.package_identification:_identify(doc/项目架构/planning_with_ROS2_course/src/data_plot) by extensions ['ignore', 'ignore_ament_install']
[0.163s] Level 1:colcon.colcon_core.package_identification:_identify(doc/项目架构/planning_with_ROS2_course/src/data_plot) by extension 'ignore'
[0.163s] Level 1:colcon.colcon_core.package_identification:_identify(doc/项目架构/planning_with_ROS2_course/src/data_plot) by extension 'ignore_ament_install'
[0.163s] Level 1:colcon.colcon_core.package_identification:_identify(doc/项目架构/planning_with_ROS2_course/src/data_plot) by extensions ['colcon_pkg']
[0.163s] Level 1:colcon.colcon_core.package_identification:_identify(doc/项目架构/planning_with_ROS2_course/src/data_plot) by extension 'colcon_pkg'
[0.163s] Level 1:colcon.colcon_core.package_identification:_identify(doc/项目架构/planning_with_ROS2_course/src/data_plot) by extensions ['colcon_meta']
[0.163s] Level 1:colcon.colcon_core.package_identification:_identify(doc/项目架构/planning_with_ROS2_course/src/data_plot) by extension 'colcon_meta'
[0.163s] Level 1:colcon.colcon_core.package_identification:_identify(doc/项目架构/planning_with_ROS2_course/src/data_plot) by extensions ['ros']
[0.163s] Level 1:colcon.colcon_core.package_identification:_identify(doc/项目架构/planning_with_ROS2_course/src/data_plot) by extension 'ros'
[0.163s] DEBUG:colcon.colcon_core.package_identification:Package 'doc/项目架构/planning_with_ROS2_course/src/data_plot' with type 'ros.ament_python' and name 'data_plot'
[0.163s] Level 1:colcon.colcon_core.package_identification:_identify(doc/项目架构/planning_with_ROS2_course/src/planning) by extensions ['ignore', 'ignore_ament_install']
[0.163s] Level 1:colcon.colcon_core.package_identification:_identify(doc/项目架构/planning_with_ROS2_course/src/planning) by extension 'ignore'
[0.163s] Level 1:colcon.colcon_core.package_identification:_identify(doc/项目架构/planning_with_ROS2_course/src/planning) by extension 'ignore_ament_install'
[0.163s] Level 1:colcon.colcon_core.package_identification:_identify(doc/项目架构/planning_with_ROS2_course/src/planning) by extensions ['colcon_pkg']
[0.163s] Level 1:colcon.colcon_core.package_identification:_identify(doc/项目架构/planning_with_ROS2_course/src/planning) by extension 'colcon_pkg'
[0.164s] Level 1:colcon.colcon_core.package_identification:_identify(doc/项目架构/planning_with_ROS2_course/src/planning) by extensions ['colcon_meta']
[0.164s] Level 1:colcon.colcon_core.package_identification:_identify(doc/项目架构/planning_with_ROS2_course/src/planning) by extension 'colcon_meta'
[0.164s] Level 1:colcon.colcon_core.package_identification:_identify(doc/项目架构/planning_with_ROS2_course/src/planning) by extensions ['ros']
[0.164s] Level 1:colcon.colcon_core.package_identification:_identify(doc/项目架构/planning_with_ROS2_course/src/planning) by extension 'ros'
[0.164s] DEBUG:colcon.colcon_core.package_identification:Package 'doc/项目架构/planning_with_ROS2_course/src/planning' with type 'ros.ament_cmake' and name 'planning'
[0.164s] Level 1:colcon.colcon_core.package_identification:_identify(install) by extensions ['ignore', 'ignore_ament_install']
[0.164s] Level 1:colcon.colcon_core.package_identification:_identify(install) by extension 'ignore'
[0.164s] Level 1:colcon.colcon_core.package_identification:_identify(install) ignored
[0.164s] Level 1:colcon.colcon_core.package_identification:_identify(log) by extensions ['ignore', 'ignore_ament_install']
[0.164s] Level 1:colcon.colcon_core.package_identification:_identify(log) by extension 'ignore'
[0.164s] Level 1:colcon.colcon_core.package_identification:_identify(log) ignored
[0.164s] Level 1:colcon.colcon_core.package_identification:_identify(src) by extensions ['ignore', 'ignore_ament_install']
[0.164s] Level 1:colcon.colcon_core.package_identification:_identify(src) by extension 'ignore'
[0.164s] Level 1:colcon.colcon_core.package_identification:_identify(src) by extension 'ignore_ament_install'
[0.165s] Level 1:colcon.colcon_core.package_identification:_identify(src) by extensions ['colcon_pkg']
[0.165s] Level 1:colcon.colcon_core.package_identification:_identify(src) by extension 'colcon_pkg'
[0.165s] Level 1:colcon.colcon_core.package_identification:_identify(src) by extensions ['colcon_meta']
[0.165s] Level 1:colcon.colcon_core.package_identification:_identify(src) by extension 'colcon_meta'
[0.165s] Level 1:colcon.colcon_core.package_identification:_identify(src) by extensions ['ros']
[0.165s] Level 1:colcon.colcon_core.package_identification:_identify(src) by extension 'ros'
[0.165s] Level 1:colcon.colcon_core.package_identification:_identify(src) by extensions ['cmake', 'python']
[0.165s] Level 1:colcon.colcon_core.package_identification:_identify(src) by extension 'cmake'
[0.165s] Level 1:colcon.colcon_core.package_identification:_identify(src) by extension 'python'
[0.165s] Level 1:colcon.colcon_core.package_identification:_identify(src) by extensions ['python_setup_py']
[0.165s] Level 1:colcon.colcon_core.package_identification:_identify(src) by extension 'python_setup_py'
[0.165s] Level 1:colcon.colcon_core.package_identification:_identify(src/base_msgs) by extensions ['ignore', 'ignore_ament_install']
[0.165s] Level 1:colcon.colcon_core.package_identification:_identify(src/base_msgs) by extension 'ignore'
[0.165s] Level 1:colcon.colcon_core.package_identification:_identify(src/base_msgs) by extension 'ignore_ament_install'
[0.165s] Level 1:colcon.colcon_core.package_identification:_identify(src/base_msgs) by extensions ['colcon_pkg']
[0.165s] Level 1:colcon.colcon_core.package_identification:_identify(src/base_msgs) by extension 'colcon_pkg'
[0.165s] Level 1:colcon.colcon_core.package_identification:_identify(src/base_msgs) by extensions ['colcon_meta']
[0.165s] Level 1:colcon.colcon_core.package_identification:_identify(src/base_msgs) by extension 'colcon_meta'
[0.165s] Level 1:colcon.colcon_core.package_identification:_identify(src/base_msgs) by extensions ['ros']
[0.165s] Level 1:colcon.colcon_core.package_identification:_identify(src/base_msgs) by extension 'ros'
[0.165s] DEBUG:colcon.colcon_core.package_identification:Package 'src/base_msgs' with type 'ros.ament_cmake' and name 'base_msgs'
[0.165s] Level 1:colcon.colcon_core.package_identification:_identify(src/data_plot) by extensions ['ignore', 'ignore_ament_install']
[0.165s] Level 1:colcon.colcon_core.package_identification:_identify(src/data_plot) by extension 'ignore'
[0.165s] Level 1:colcon.colcon_core.package_identification:_identify(src/data_plot) by extension 'ignore_ament_install'
[0.166s] Level 1:colcon.colcon_core.package_identification:_identify(src/data_plot) by extensions ['colcon_pkg']
[0.166s] Level 1:colcon.colcon_core.package_identification:_identify(src/data_plot) by extension 'colcon_pkg'
[0.166s] Level 1:colcon.colcon_core.package_identification:_identify(src/data_plot) by extensions ['colcon_meta']
[0.166s] Level 1:colcon.colcon_core.package_identification:_identify(src/data_plot) by extension 'colcon_meta'
[0.166s] Level 1:colcon.colcon_core.package_identification:_identify(src/data_plot) by extensions ['ros']
[0.166s] Level 1:colcon.colcon_core.package_identification:_identify(src/data_plot) by extension 'ros'
[0.166s] DEBUG:colcon.colcon_core.package_identification:Package 'src/data_plot' with type 'ros.ament_python' and name 'data_plot'
[0.166s] Level 1:colcon.colcon_core.package_identification:_identify(src/planning) by extensions ['ignore', 'ignore_ament_install']
[0.166s] Level 1:colcon.colcon_core.package_identification:_identify(src/planning) by extension 'ignore'
[0.166s] Level 1:colcon.colcon_core.package_identification:_identify(src/planning) by extension 'ignore_ament_install'
[0.166s] Level 1:colcon.colcon_core.package_identification:_identify(src/planning) by extensions ['colcon_pkg']
[0.166s] Level 1:colcon.colcon_core.package_identification:_identify(src/planning) by extension 'colcon_pkg'
[0.166s] Level 1:colcon.colcon_core.package_identification:_identify(src/planning) by extensions ['colcon_meta']
[0.166s] Level 1:colcon.colcon_core.package_identification:_identify(src/planning) by extension 'colcon_meta'
[0.166s] Level 1:colcon.colcon_core.package_identification:_identify(src/planning) by extensions ['ros']
[0.166s] Level 1:colcon.colcon_core.package_identification:_identify(src/planning) by extension 'ros'
[0.167s] DEBUG:colcon.colcon_core.package_identification:Package 'src/planning' with type 'ros.ament_cmake' and name 'planning'
[0.167s] Level 1:colcon.colcon_core.package_discovery:discover_packages(recursive) using defaults
[0.167s] Level 1:colcon.colcon_core.package_discovery:discover_packages(ignore) discover
[0.167s] Level 1:colcon.colcon_core.package_discovery:discover_packages(ignore) using defaults
[0.167s] Level 1:colcon.colcon_core.package_discovery:discover_packages(path) discover
[0.167s] Level 1:colcon.colcon_core.package_discovery:discover_packages(path) using defaults
[0.179s] Level 1:colcon.colcon_core.package_discovery:discover_packages(prefix_path) check parameters
[0.179s] Level 1:colcon.colcon_core.package_discovery:discover_packages(prefix_path) discover
[0.180s] DEBUG:colcon.colcon_installed_package_information.package_discovery:Found 275 installed packages in /opt/ros/humble
[0.185s] Level 1:colcon.colcon_core.package_discovery:discover_packages(prefix_path) using defaults
[0.201s] ERROR:colcon:colcon build: Duplicate package names not supported:
- base_msgs:
  - doc/项目架构/planning_with_ROS2_course/src/base_msgs
  - src/base_msgs
- data_plot:
  - doc/项目架构/planning_with_ROS2_course/src/data_plot
  - src/data_plot
- planning:
  - doc/项目架构/planning_with_ROS2_course/src/planning
  - src/planning
