[0.017s] Invoking command in '/home/panjincheng/Desktop/ws_ROS2PNC/build/base_msgs': CMAKE_PREFIX_PATH=${CMAKE_PREFIX_PATH}:/home/panjincheng/Desktop/ws_ROS2PNC/install/data_plot:/opt/ros/galactic CONDA_PROMPT_MODIFIER=(base) /home/panjincheng/miniconda3/bin/cmake --build /home/panjincheng/Desktop/ws_ROS2PNC/build/base_msgs -- -j16 -l16
[0.038s] Invoked command in '/home/panjincheng/Desktop/ws_ROS2PNC/build/base_msgs' returned '0': CMAKE_PREFIX_PATH=${CMAKE_PREFIX_PATH}:/home/panjincheng/Desktop/ws_ROS2PNC/install/data_plot:/opt/ros/galactic CONDA_PROMPT_MODIFIER=(base) /home/panjincheng/miniconda3/bin/cmake --build /home/panjincheng/Desktop/ws_ROS2PNC/build/base_msgs -- -j16 -l16
[0.044s] Invoking command in '/home/panjincheng/Desktop/ws_ROS2PNC/build/base_msgs': CMAKE_PREFIX_PATH=${CMAKE_PREFIX_PATH}:/home/panjincheng/Desktop/ws_ROS2PNC/install/data_plot:/opt/ros/galactic CONDA_PROMPT_MODIFIER=(base) /home/panjincheng/miniconda3/bin/cmake --install /home/panjincheng/Desktop/ws_ROS2PNC/build/base_msgs
[0.049s] -- Install configuration: ""
[0.049s] -- Up-to-date: /home/panjincheng/Desktop/ws_ROS2PNC/install/base_msgs/share/ament_index/resource_index/package_run_dependencies/base_msgs
[0.050s] -- Up-to-date: /home/panjincheng/Desktop/ws_ROS2PNC/install/base_msgs/share/ament_index/resource_index/parent_prefix_path/base_msgs
[0.050s] -- Up-to-date: /home/panjincheng/Desktop/ws_ROS2PNC/install/base_msgs/share/base_msgs/environment/ament_prefix_path.sh
[0.050s] -- Up-to-date: /home/panjincheng/Desktop/ws_ROS2PNC/install/base_msgs/share/base_msgs/environment/ament_prefix_path.dsv
[0.050s] -- Up-to-date: /home/panjincheng/Desktop/ws_ROS2PNC/install/base_msgs/share/base_msgs/environment/path.sh
[0.050s] -- Up-to-date: /home/panjincheng/Desktop/ws_ROS2PNC/install/base_msgs/share/base_msgs/environment/path.dsv
[0.050s] -- Up-to-date: /home/panjincheng/Desktop/ws_ROS2PNC/install/base_msgs/share/base_msgs/local_setup.bash
[0.051s] -- Up-to-date: /home/panjincheng/Desktop/ws_ROS2PNC/install/base_msgs/share/base_msgs/local_setup.sh
[0.051s] -- Up-to-date: /home/panjincheng/Desktop/ws_ROS2PNC/install/base_msgs/share/base_msgs/local_setup.zsh
[0.051s] -- Up-to-date: /home/panjincheng/Desktop/ws_ROS2PNC/install/base_msgs/share/base_msgs/local_setup.dsv
[0.051s] -- Installing: /home/panjincheng/Desktop/ws_ROS2PNC/install/base_msgs/share/base_msgs/package.dsv
[0.052s] -- Up-to-date: /home/panjincheng/Desktop/ws_ROS2PNC/install/base_msgs/share/ament_index/resource_index/packages/base_msgs
[0.053s] -- Up-to-date: /home/panjincheng/Desktop/ws_ROS2PNC/install/base_msgs/share/base_msgs/cmake/base_msgsConfig.cmake
[0.053s] -- Up-to-date: /home/panjincheng/Desktop/ws_ROS2PNC/install/base_msgs/share/base_msgs/cmake/base_msgsConfig-version.cmake
[0.053s] -- Up-to-date: /home/panjincheng/Desktop/ws_ROS2PNC/install/base_msgs/share/base_msgs/package.xml
[0.053s] Invoked command in '/home/panjincheng/Desktop/ws_ROS2PNC/build/base_msgs' returned '0': CMAKE_PREFIX_PATH=${CMAKE_PREFIX_PATH}:/home/panjincheng/Desktop/ws_ROS2PNC/install/data_plot:/opt/ros/galactic CONDA_PROMPT_MODIFIER=(base) /home/panjincheng/miniconda3/bin/cmake --install /home/panjincheng/Desktop/ws_ROS2PNC/build/base_msgs
