-- Found ament_cmake: 1.1.6 (/opt/ros/galactic/share/ament_cmake/cmake)
-- Using PYTHON_EXECUTABLE: /home/panjincheng/miniconda3/bin/python3
-- Found ament_lint_auto: 0.10.7 (/opt/ros/galactic/share/ament_lint_auto/cmake)
-- Added test 'copyright' to check source files copyright and LICENSE
-- Added test 'lint_cmake' to check CMake code style
-- Added test 'xmllint' to check XML markup files
-- Configuring done
-- Generating done
-- Build files have been written to: /home/panjincheng/Desktop/ws_ROS2PNC/build/base_msgs
-- Install configuration: ""
-- Installing: /home/panjincheng/Desktop/ws_ROS2PNC/install/base_msgs/share/ament_index/resource_index/package_run_dependencies/base_msgs
-- Installing: /home/panjincheng/Desktop/ws_ROS2PNC/install/base_msgs/share/ament_index/resource_index/parent_prefix_path/base_msgs
-- Installing: /home/panjincheng/Desktop/ws_ROS2PNC/install/base_msgs/share/base_msgs/environment/ament_prefix_path.sh
-- Installing: /home/panjincheng/Desktop/ws_ROS2PNC/install/base_msgs/share/base_msgs/environment/ament_prefix_path.dsv
-- Installing: /home/panjincheng/Desktop/ws_ROS2PNC/install/base_msgs/share/base_msgs/environment/path.sh
-- Installing: /home/panjincheng/Desktop/ws_ROS2PNC/install/base_msgs/share/base_msgs/environment/path.dsv
-- Installing: /home/panjincheng/Desktop/ws_ROS2PNC/install/base_msgs/share/base_msgs/local_setup.bash
-- Installing: /home/panjincheng/Desktop/ws_ROS2PNC/install/base_msgs/share/base_msgs/local_setup.sh
-- Installing: /home/panjincheng/Desktop/ws_ROS2PNC/install/base_msgs/share/base_msgs/local_setup.zsh
-- Installing: /home/panjincheng/Desktop/ws_ROS2PNC/install/base_msgs/share/base_msgs/local_setup.dsv
-- Installing: /home/panjincheng/Desktop/ws_ROS2PNC/install/base_msgs/share/base_msgs/package.dsv
-- Installing: /home/panjincheng/Desktop/ws_ROS2PNC/install/base_msgs/share/ament_index/resource_index/packages/base_msgs
-- Installing: /home/panjincheng/Desktop/ws_ROS2PNC/install/base_msgs/share/base_msgs/cmake/base_msgsConfig.cmake
-- Installing: /home/panjincheng/Desktop/ws_ROS2PNC/install/base_msgs/share/base_msgs/cmake/base_msgsConfig-version.cmake
-- Installing: /home/panjincheng/Desktop/ws_ROS2PNC/install/base_msgs/share/base_msgs/package.xml
