[0.023s] Invoking command in '/home/apan/Desktop/ws_ROS2PNC/build/base_msgs': CMAKE_PREFIX_PATH=/opt/ros/humble CONDA_PROMPT_MODIFIER=(base) /home/apan/anaconda3/bin/cmake /home/apan/Desktop/ws_ROS2PNC/src/base_msgs -DCMAKE_INSTALL_PREFIX=/home/apan/Desktop/ws_ROS2PNC/install/base_msgs
[0.313s] -- Found ament_cmake: 1.1.6 (/opt/ros/humble/share/ament_cmake/cmake)
[0.313s] -- Using PYTHON_EXECUTABLE: /home/apan/anaconda3/bin/python3
[0.313s] -- Found ament_lint_auto: 0.10.7 (/opt/ros/humble/share/ament_lint_auto/cmake)
[0.314s] -- Added test 'copyright' to check source files copyright and LICENSE
[0.316s] -- Added test 'lint_cmake' to check CMake code style
[0.316s] -- Added test 'xmllint' to check XML markup files
[0.316s] -- Configuring done
[0.316s] -- Generating done
[0.316s] -- Build files have been written to: /home/apan/Desktop/ws_ROS2PNC/build/base_msgs
[0.317s] Invoked command in '/home/apan/Desktop/ws_ROS2PNC/build/base_msgs' returned '0': CMAKE_PREFIX_PATH=/opt/ros/humble CONDA_PROMPT_MODIFIER=(base) /home/apan/anaconda3/bin/cmake /home/apan/Desktop/ws_ROS2PNC/src/base_msgs -DCMAKE_INSTALL_PREFIX=/home/apan/Desktop/ws_ROS2PNC/install/base_msgs
[0.319s] Invoking command in '/home/apan/Desktop/ws_ROS2PNC/build/base_msgs': CMAKE_PREFIX_PATH=/opt/ros/humble CONDA_PROMPT_MODIFIER=(base) /home/apan/anaconda3/bin/cmake --build /home/apan/Desktop/ws_ROS2PNC/build/base_msgs -- -j16 -l16
[0.335s] Invoked command in '/home/apan/Desktop/ws_ROS2PNC/build/base_msgs' returned '0': CMAKE_PREFIX_PATH=/opt/ros/humble CONDA_PROMPT_MODIFIER=(base) /home/apan/anaconda3/bin/cmake --build /home/apan/Desktop/ws_ROS2PNC/build/base_msgs -- -j16 -l16
[0.344s] Invoking command in '/home/apan/Desktop/ws_ROS2PNC/build/base_msgs': CMAKE_PREFIX_PATH=/opt/ros/humble CONDA_PROMPT_MODIFIER=(base) /home/apan/anaconda3/bin/cmake --install /home/apan/Desktop/ws_ROS2PNC/build/base_msgs
[0.348s] -- Install configuration: ""
[0.348s] -- Installing: /home/apan/Desktop/ws_ROS2PNC/install/base_msgs/share/ament_index/resource_index/package_run_dependencies/base_msgs
[0.348s] -- Installing: /home/apan/Desktop/ws_ROS2PNC/install/base_msgs/share/ament_index/resource_index/parent_prefix_path/base_msgs
[0.348s] -- Installing: /home/apan/Desktop/ws_ROS2PNC/install/base_msgs/share/base_msgs/environment/ament_prefix_path.sh
[0.348s] -- Installing: /home/apan/Desktop/ws_ROS2PNC/install/base_msgs/share/base_msgs/environment/ament_prefix_path.dsv
[0.348s] -- Installing: /home/apan/Desktop/ws_ROS2PNC/install/base_msgs/share/base_msgs/environment/path.sh
[0.349s] -- Installing: /home/apan/Desktop/ws_ROS2PNC/install/base_msgs/share/base_msgs/environment/path.dsv
[0.349s] -- Installing: /home/apan/Desktop/ws_ROS2PNC/install/base_msgs/share/base_msgs/local_setup.bash
[0.349s] -- Installing: /home/apan/Desktop/ws_ROS2PNC/install/base_msgs/share/base_msgs/local_setup.sh
[0.349s] -- Installing: /home/apan/Desktop/ws_ROS2PNC/install/base_msgs/share/base_msgs/local_setup.zsh
[0.349s] -- Installing: /home/apan/Desktop/ws_ROS2PNC/install/base_msgs/share/base_msgs/local_setup.dsv
[0.349s] -- Installing: /home/apan/Desktop/ws_ROS2PNC/install/base_msgs/share/base_msgs/package.dsv
[0.349s] -- Installing: /home/apan/Desktop/ws_ROS2PNC/install/base_msgs/share/ament_index/resource_index/packages/base_msgs
[0.349s] -- Installing: /home/apan/Desktop/ws_ROS2PNC/install/base_msgs/share/base_msgs/cmake/base_msgsConfig.cmake
[0.349s] -- Installing: /home/apan/Desktop/ws_ROS2PNC/install/base_msgs/share/base_msgs/cmake/base_msgsConfig-version.cmake
[0.349s] -- Installing: /home/apan/Desktop/ws_ROS2PNC/install/base_msgs/share/base_msgs/package.xml
[0.351s] Invoked command in '/home/apan/Desktop/ws_ROS2PNC/build/base_msgs' returned '0': CMAKE_PREFIX_PATH=/opt/ros/humble CONDA_PROMPT_MODIFIER=(base) /home/apan/anaconda3/bin/cmake --install /home/apan/Desktop/ws_ROS2PNC/build/base_msgs
