[0.256s] Invoking command in '/home/panjincheng/Desktop/ws_ROS2PNC/build/planning': AMENT_PREFIX_PATH=/home/panjincheng/Desktop/ws_ROS2PNC/install/base_msgs:${AMENT_PREFIX_PATH} CMAKE_PREFIX_PATH=/home/panjincheng/Desktop/ws_ROS2PNC/install/base_msgs:/opt/ros/galactic CONDA_PROMPT_MODIFIER=(base) /home/panjincheng/miniconda3/bin/cmake --build /home/panjincheng/Desktop/ws_ROS2PNC/build/planning -- -j16 -l16
[0.281s] [35m[1mScanning dependencies of target planning_node[0m
[0.306s] [ 50%] [32mBuilding CXX object src/planning_process/CMakeFiles/planning_node.dir/planning_node.cpp.o[0m
[0.316s] [01m[K/home/panjincheng/Desktop/ws_ROS2PNC/src/planning/src/planning_process/planning_node.cpp:1:9:[m[K [01;35m[Kwarning: [m[K#pragma once in main file
[0.317s]     1 | #pragma [01;35m[Konce[m[K
[0.317s]       |         [01;35m[K^~~~[m[K
[2.899s] [100%] [32m[1mLinking CXX executable planning_node[0m
[3.034s] [100%] Built target planning_node
[3.039s] Invoked command in '/home/panjincheng/Desktop/ws_ROS2PNC/build/planning' returned '0': AMENT_PREFIX_PATH=/home/panjincheng/Desktop/ws_ROS2PNC/install/base_msgs:${AMENT_PREFIX_PATH} CMAKE_PREFIX_PATH=/home/panjincheng/Desktop/ws_ROS2PNC/install/base_msgs:/opt/ros/galactic CONDA_PROMPT_MODIFIER=(base) /home/panjincheng/miniconda3/bin/cmake --build /home/panjincheng/Desktop/ws_ROS2PNC/build/planning -- -j16 -l16
[3.042s] Invoking command in '/home/panjincheng/Desktop/ws_ROS2PNC/build/planning': AMENT_PREFIX_PATH=/home/panjincheng/Desktop/ws_ROS2PNC/install/base_msgs:${AMENT_PREFIX_PATH} CMAKE_PREFIX_PATH=/home/panjincheng/Desktop/ws_ROS2PNC/install/base_msgs:/opt/ros/galactic CONDA_PROMPT_MODIFIER=(base) /home/panjincheng/miniconda3/bin/cmake --install /home/panjincheng/Desktop/ws_ROS2PNC/build/planning
[3.045s] -- Install configuration: ""
[3.047s] -- Installing: /home/panjincheng/Desktop/ws_ROS2PNC/install/planning/lib/planning/planning_node
[3.048s] -- Set runtime path of "/home/panjincheng/Desktop/ws_ROS2PNC/install/planning/lib/planning/planning_node" to ""
[3.048s] -- Installing: /home/panjincheng/Desktop/ws_ROS2PNC/install/planning/share/planning/config
[3.048s] -- Installing: /home/panjincheng/Desktop/ws_ROS2PNC/install/planning/share/planning/launch
[3.048s] -- Installing: /home/panjincheng/Desktop/ws_ROS2PNC/install/planning/share/planning/urdf
[3.049s] -- Installing: /home/panjincheng/Desktop/ws_ROS2PNC/install/planning/share/planning/urdf/main_car
[3.049s] -- Installing: /home/panjincheng/Desktop/ws_ROS2PNC/install/planning/share/planning/urdf/obs_car
[3.049s] -- Installing: /home/panjincheng/Desktop/ws_ROS2PNC/install/planning/share/planning/rviz
[3.049s] -- Installing: /home/panjincheng/Desktop/ws_ROS2PNC/install/planning/share/ament_index/resource_index/package_run_dependencies/planning
[3.049s] -- Installing: /home/panjincheng/Desktop/ws_ROS2PNC/install/planning/share/ament_index/resource_index/parent_prefix_path/planning
[3.049s] -- Up-to-date: /home/panjincheng/Desktop/ws_ROS2PNC/install/planning/share/planning/environment/ament_prefix_path.sh
[3.049s] -- Installing: /home/panjincheng/Desktop/ws_ROS2PNC/install/planning/share/planning/environment/ament_prefix_path.dsv
[3.049s] -- Up-to-date: /home/panjincheng/Desktop/ws_ROS2PNC/install/planning/share/planning/environment/path.sh
[3.049s] -- Installing: /home/panjincheng/Desktop/ws_ROS2PNC/install/planning/share/planning/environment/path.dsv
[3.050s] -- Up-to-date: /home/panjincheng/Desktop/ws_ROS2PNC/install/planning/share/planning/local_setup.bash
[3.050s] -- Up-to-date: /home/panjincheng/Desktop/ws_ROS2PNC/install/planning/share/planning/local_setup.sh
[3.050s] -- Up-to-date: /home/panjincheng/Desktop/ws_ROS2PNC/install/planning/share/planning/local_setup.zsh
[3.050s] -- Installing: /home/panjincheng/Desktop/ws_ROS2PNC/install/planning/share/planning/local_setup.dsv
[3.050s] -- Installing: /home/panjincheng/Desktop/ws_ROS2PNC/install/planning/share/planning/package.dsv
[3.050s] -- Up-to-date: /home/panjincheng/Desktop/ws_ROS2PNC/install/planning/share/ament_index/resource_index/packages/planning
[3.050s] -- Up-to-date: /home/panjincheng/Desktop/ws_ROS2PNC/install/planning/share/planning/cmake/planningConfig.cmake
[3.050s] -- Up-to-date: /home/panjincheng/Desktop/ws_ROS2PNC/install/planning/share/planning/cmake/planningConfig-version.cmake
[3.050s] -- Installing: /home/panjincheng/Desktop/ws_ROS2PNC/install/planning/share/planning/package.xml
[3.052s] Invoked command in '/home/panjincheng/Desktop/ws_ROS2PNC/build/planning' returned '0': AMENT_PREFIX_PATH=/home/panjincheng/Desktop/ws_ROS2PNC/install/base_msgs:${AMENT_PREFIX_PATH} CMAKE_PREFIX_PATH=/home/panjincheng/Desktop/ws_ROS2PNC/install/base_msgs:/opt/ros/galactic CONDA_PROMPT_MODIFIER=(base) /home/panjincheng/miniconda3/bin/cmake --install /home/panjincheng/Desktop/ws_ROS2PNC/build/planning
