[0.023s] Invoking command in '/home/apan/Desktop/ws_ROS2PNC/build/base_msgs': CMAKE_PREFIX_PATH=/opt/ros/humble CONDA_PROMPT_MODIFIER=(base) /home/apan/anaconda3/bin/cmake /home/apan/Desktop/ws_ROS2PNC/src/base_msgs -DCMAKE_INSTALL_PREFIX=/home/apan/Desktop/ws_ROS2PNC/install/base_msgs
[0.245s] -- Found ament_cmake: 1.1.6 (/opt/ros/humble/share/ament_cmake/cmake)
[0.245s] -- Using PYTHON_EXECUTABLE: /home/apan/anaconda3/bin/python3
[0.246s] -- Found ament_lint_auto: 0.10.7 (/opt/ros/humble/share/ament_lint_auto/cmake)
[0.246s] -- Configuring incomplete, errors occurred!
[0.247s] See also "/home/apan/Desktop/ws_ROS2PNC/build/base_msgs/CMakeFiles/CMakeOutput.log".
[0.247s] Traceback (most recent call last):
[0.248s]   File "/opt/ros/humble/share/ament_cmake_core/cmake/core/package_xml_2_cmake.py", line 22, in <module>
[0.248s]     from catkin_pkg.package import evaluate_condition
[0.250s] ModuleNotFoundError: No module named 'catkin_pkg'
[0.250s] CMake Error at /opt/ros/humble/share/ament_cmake_core/cmake/core/ament_package_xml.cmake:94 (message):
[0.250s]   execute_process(/home/apan/anaconda3/bin/python3
[0.251s]   /opt/ros/humble/share/ament_cmake_core/cmake/core/package_xml_2_cmake.py
[0.251s]   /home/apan/Desktop/ws_ROS2PNC/src/base_msgs/package.xml
[0.252s]   /home/apan/Desktop/ws_ROS2PNC/build/base_msgs/ament_cmake_core/package.cmake)
[0.252s]   returned error code 1
[0.253s] Call Stack (most recent call first):
[0.254s]   /opt/ros/humble/share/ament_cmake_core/cmake/core/ament_package_xml.cmake:49 (_ament_package_xml)
[0.254s]   /opt/ros/humble/share/ament_lint_auto/cmake/ament_lint_auto_find_test_dependencies.cmake:31 (ament_package_xml)
[0.255s]   CMakeLists.txt:22 (ament_lint_auto_find_test_dependencies)
[0.255s] 
[0.255s] 
[0.255s] Invoked command in '/home/apan/Desktop/ws_ROS2PNC/build/base_msgs' returned '1': CMAKE_PREFIX_PATH=/opt/ros/humble CONDA_PROMPT_MODIFIER=(base) /home/apan/anaconda3/bin/cmake /home/apan/Desktop/ws_ROS2PNC/src/base_msgs -DCMAKE_INSTALL_PREFIX=/home/apan/Desktop/ws_ROS2PNC/install/base_msgs
