[100%] Built target planning_node
-- Install configuration: ""
-- Up-to-date: /home/apan/Desktop/ROS2PNC/install/planning/lib/planning/planning_node
-- Up-to-date: /home/apan/Desktop/ROS2PNC/install/planning/share/planning/config
-- Installing: /home/apan/Desktop/ROS2PNC/install/planning/share/planning/launch
-- Installing: /home/apan/Desktop/ROS2PNC/install/planning/share/planning/urdf
-- Installing: /home/apan/Desktop/ROS2PNC/install/planning/share/planning/urdf/main_car
-- Installing: /home/apan/Desktop/ROS2PNC/install/planning/share/planning/urdf/obs_car
-- Installing: /home/apan/Desktop/ROS2PNC/install/planning/share/planning/rviz
-- Installing: /home/apan/Desktop/ROS2PNC/install/planning/share/ament_index/resource_index/package_run_dependencies/planning
-- Installing: /home/apan/Desktop/ROS2PNC/install/planning/share/ament_index/resource_index/parent_prefix_path/planning
-- Installing: /home/apan/Desktop/ROS2PNC/install/planning/share/planning/environment/ament_prefix_path.sh
-- Installing: /home/apan/Desktop/ROS2PNC/install/planning/share/planning/environment/ament_prefix_path.dsv
-- Installing: /home/apan/Desktop/ROS2PNC/install/planning/share/planning/environment/path.sh
-- Installing: /home/apan/Desktop/ROS2PNC/install/planning/share/planning/environment/path.dsv
-- Installing: /home/apan/Desktop/ROS2PNC/install/planning/share/planning/local_setup.bash
-- Installing: /home/apan/Desktop/ROS2PNC/install/planning/share/planning/local_setup.sh
-- Installing: /home/apan/Desktop/ROS2PNC/install/planning/share/planning/local_setup.zsh
-- Installing: /home/apan/Desktop/ROS2PNC/install/planning/share/planning/local_setup.dsv
-- Installing: /home/apan/Desktop/ROS2PNC/install/planning/share/planning/package.dsv
-- Installing: /home/apan/Desktop/ROS2PNC/install/planning/share/ament_index/resource_index/packages/planning
-- Installing: /home/apan/Desktop/ROS2PNC/install/planning/share/planning/cmake/planningConfig.cmake
-- Installing: /home/apan/Desktop/ROS2PNC/install/planning/share/planning/cmake/planningConfig-version.cmake
-- Up-to-date: /home/apan/Desktop/ROS2PNC/install/planning/share/planning/package.xml
