-- Found ament_cmake: 1.1.6 (/opt/ros/galactic/share/ament_cmake/cmake)
-- Using PYTHON_EXECUTABLE: /home/panjincheng/miniconda3/bin/python3
-- Found rclcpp: 9.2.2 (/opt/ros/galactic/share/rclcpp/cmake)
-- Using all available rosidl_typesupport_c: rosidl_typesupport_fastrtps_c;rosidl_typesupport_introspection_c
-- Found rosidl_adapter: 2.2.3 (/opt/ros/galactic/share/rosidl_adapter/cmake)
-- Using all available rosidl_typesupport_cpp: rosidl_typesupport_fastrtps_cpp;rosidl_typesupport_introspection_cpp
-- Found rmw_implementation_cmake: 3.3.1 (/opt/ros/galactic/share/rmw_implementation_cmake/cmake)
-- Found rmw_cyclonedds_cpp: 0.22.6 (/opt/ros/galactic/share/rmw_cyclonedds_cpp/cmake)
-- Using RMW implementation 'rmw_cyclonedds_cpp' as default
-- Found ament_lint_auto: 0.10.7 (/opt/ros/galactic/share/ament_lint_auto/cmake)
Traceback (most recent call last):
  File "/opt/ros/galactic/share/ament_cmake_core/cmake/core/package_xml_2_cmake.py", line 22, in <module>
    from catkin_pkg.package import evaluate_condition
ModuleNotFoundError: No module named 'catkin_pkg'
CMake Error at /opt/ros/galactic/share/ament_cmake_core/cmake/core/ament_package_xml.cmake:94 (message):
  execute_process(/home/panjincheng/miniconda3/bin/python3
  /opt/ros/galactic/share/ament_cmake_core/cmake/core/package_xml_2_cmake.py
  /home/panjincheng/Desktop/ws_ROS2PNC/src/planning/package.xml
  /home/panjincheng/Desktop/ws_ROS2PNC/build/planning/ament_cmake_core/package.cmake)
  returned error code 1
Call Stack (most recent call first):
  /opt/ros/galactic/share/ament_cmake_core/cmake/core/ament_package_xml.cmake:49 (_ament_package_xml)
  /opt/ros/galactic/share/ament_lint_auto/cmake/ament_lint_auto_find_test_dependencies.cmake:31 (ament_package_xml)
  CMakeLists.txt:33 (ament_lint_auto_find_test_dependencies)


-- Configuring incomplete, errors occurred!
See also "/home/panjincheng/Desktop/ws_ROS2PNC/build/planning/CMakeFiles/CMakeOutput.log".
See also "/home/panjincheng/Desktop/ws_ROS2PNC/build/planning/CMakeFiles/CMakeError.log".
