[0.230s] Invoking command in '/home/apan/Desktop/ws_ROS2PNC/build/planning': CMAKE_PREFIX_PATH=/opt/ros/humble CONDA_PROMPT_MODIFIER=(base) /home/apan/anaconda3/bin/cmake /home/apan/Desktop/ws_ROS2PNC/src/planning -DCMAKE_INSTALL_PREFIX=/home/apan/Desktop/ws_ROS2PNC/install/planning
[0.243s] -- Found ament_cmake: 1.1.6 (/opt/ros/humble/share/ament_cmake/cmake)
[0.256s] -- Using PYTHON_EXECUTABLE: /home/apan/anaconda3/bin/python3
[0.334s] -- Found rclcpp: 9.2.2 (/opt/ros/humble/share/rclcpp/cmake)
[0.366s] -- Using all available rosidl_typesupport_c: rosidl_typesupport_fastrtps_c;rosidl_typesupport_introspection_c
[0.369s] -- Found rosidl_adapter: 2.2.3 (/opt/ros/humble/share/rosidl_adapter/cmake)
[0.475s] -- Using all available rosidl_typesupport_cpp: rosidl_typesupport_fastrtps_cpp;rosidl_typesupport_introspection_cpp
[0.524s] -- Found rmw_implementation_cmake: 3.3.1 (/opt/ros/humble/share/rmw_implementation_cmake/cmake)
[0.527s] -- Found rmw_cyclonedds_cpp: 0.22.6 (/opt/ros/humble/share/rmw_cyclonedds_cpp/cmake)
[0.543s] -- Using RMW implementation 'rmw_cyclonedds_cpp' as default
[0.673s] -- Found ament_lint_auto: 0.10.7 (/opt/ros/humble/share/ament_lint_auto/cmake)
[0.691s] Traceback (most recent call last):
[0.691s]   File "/opt/ros/humble/share/ament_cmake_core/cmake/core/package_xml_2_cmake.py", line 22, in <module>
[0.691s]     from catkin_pkg.package import evaluate_condition
[0.691s] ModuleNotFoundError: No module named 'catkin_pkg'
[0.694s] CMake Error at /opt/ros/humble/share/ament_cmake_core/cmake/core/ament_package_xml.cmake:94 (message):
[0.694s]   execute_process(/home/apan/anaconda3/bin/python3
[0.695s]   /opt/ros/humble/share/ament_cmake_core/cmake/core/package_xml_2_cmake.py
[0.695s]   /home/apan/Desktop/ws_ROS2PNC/src/planning/package.xml
[0.695s]   /home/apan/Desktop/ws_ROS2PNC/build/planning/ament_cmake_core/package.cmake)
[0.695s]   returned error code 1
[0.695s] Call Stack (most recent call first):
[0.695s]   /opt/ros/humble/share/ament_cmake_core/cmake/core/ament_package_xml.cmake:49 (_ament_package_xml)
[0.695s]   /opt/ros/humble/share/ament_lint_auto/cmake/ament_lint_auto_find_test_dependencies.cmake:31 (ament_package_xml)
[0.695s]   CMakeLists.txt:33 (ament_lint_auto_find_test_dependencies)
[0.695s] 
[0.695s] 
[0.695s] -- Configuring incomplete, errors occurred!
[0.695s] See also "/home/apan/Desktop/ws_ROS2PNC/build/planning/CMakeFiles/CMakeOutput.log".
[0.695s] See also "/home/apan/Desktop/ws_ROS2PNC/build/planning/CMakeFiles/CMakeError.log".
