[0.672s] Invoking command in '/home/apan/Desktop/ws_ROS2PNC/src/data_plot': CONDA_PROMPT_MODIFIER=(base) PYTHONPATH=/home/apan/Desktop/ws_ROS2PNC/build/data_plot/prefix_override:/usr/lib/python3/dist-packages/colcon_core/task/python/colcon_distutils_commands:/home/apan/Desktop/ws_ROS2PNC/install/data_plot/lib/python3.8/site-packages:${PYTHONPATH} /usr/bin/python3 -W ignore:setup.py install is deprecated -W ignore:easy_install command is deprecated setup.py egg_info --egg-base ../../build/data_plot build --build-base /home/apan/Desktop/ws_ROS2PNC/build/data_plot/build install --record /home/apan/Desktop/ws_ROS2PNC/build/data_plot/install.log --single-version-externally-managed install_data
[0.885s] running egg_info
[0.886s] creating ../../build/data_plot/data_plot.egg-info
[0.886s] writing ../../build/data_plot/data_plot.egg-info/PKG-INFO
[0.886s] writing dependency_links to ../../build/data_plot/data_plot.egg-info/dependency_links.txt
[0.887s] writing entry points to ../../build/data_plot/data_plot.egg-info/entry_points.txt
[0.887s] writing requirements to ../../build/data_plot/data_plot.egg-info/requires.txt
[0.887s] writing top-level names to ../../build/data_plot/data_plot.egg-info/top_level.txt
[0.890s] writing manifest file '../../build/data_plot/data_plot.egg-info/SOURCES.txt'
[0.922s] reading manifest file '../../build/data_plot/data_plot.egg-info/SOURCES.txt'
[0.923s] writing manifest file '../../build/data_plot/data_plot.egg-info/SOURCES.txt'
[0.923s] running build
[0.923s] running build_py
[0.923s] creating /home/apan/Desktop/ws_ROS2PNC/build/data_plot/build
[0.923s] creating /home/apan/Desktop/ws_ROS2PNC/build/data_plot/build/lib
[0.924s] creating /home/apan/Desktop/ws_ROS2PNC/build/data_plot/build/lib/data_plot
[0.924s] copying data_plot/data_plot.py -> /home/apan/Desktop/ws_ROS2PNC/build/data_plot/build/lib/data_plot
[0.924s] copying data_plot/__init__.py -> /home/apan/Desktop/ws_ROS2PNC/build/data_plot/build/lib/data_plot
[0.924s] running install
[0.924s] running install_lib
[0.925s] creating /home/apan/Desktop/ws_ROS2PNC/install/data_plot/lib/python3.8/site-packages/data_plot
[0.925s] copying /home/apan/Desktop/ws_ROS2PNC/build/data_plot/build/lib/data_plot/data_plot.py -> /home/apan/Desktop/ws_ROS2PNC/install/data_plot/lib/python3.8/site-packages/data_plot
[0.926s] copying /home/apan/Desktop/ws_ROS2PNC/build/data_plot/build/lib/data_plot/__init__.py -> /home/apan/Desktop/ws_ROS2PNC/install/data_plot/lib/python3.8/site-packages/data_plot
[0.926s] byte-compiling /home/apan/Desktop/ws_ROS2PNC/install/data_plot/lib/python3.8/site-packages/data_plot/data_plot.py to data_plot.cpython-38.pyc
[0.927s] byte-compiling /home/apan/Desktop/ws_ROS2PNC/install/data_plot/lib/python3.8/site-packages/data_plot/__init__.py to __init__.cpython-38.pyc
[0.927s] running install_data
[0.927s] creating /home/apan/Desktop/ws_ROS2PNC/install/data_plot/share/ament_index
[0.928s] creating /home/apan/Desktop/ws_ROS2PNC/install/data_plot/share/ament_index/resource_index
[0.928s] creating /home/apan/Desktop/ws_ROS2PNC/install/data_plot/share/ament_index/resource_index/packages
[0.928s] copying resource/data_plot -> /home/apan/Desktop/ws_ROS2PNC/install/data_plot/share/ament_index/resource_index/packages
[0.928s] copying package.xml -> /home/apan/Desktop/ws_ROS2PNC/install/data_plot/share/data_plot
[0.928s] running install_egg_info
[0.930s] Copying ../../build/data_plot/data_plot.egg-info to /home/apan/Desktop/ws_ROS2PNC/install/data_plot/lib/python3.8/site-packages/data_plot-0.0.0-py3.8.egg-info
[0.931s] running install_scripts
[0.947s] Installing data_plot script to /home/apan/Desktop/ws_ROS2PNC/install/data_plot/lib/data_plot
[0.948s] writing list of installed files to '/home/apan/Desktop/ws_ROS2PNC/build/data_plot/install.log'
[0.966s] Invoked command in '/home/apan/Desktop/ws_ROS2PNC/src/data_plot' returned '0': CONDA_PROMPT_MODIFIER=(base) PYTHONPATH=/home/apan/Desktop/ws_ROS2PNC/build/data_plot/prefix_override:/usr/lib/python3/dist-packages/colcon_core/task/python/colcon_distutils_commands:/home/apan/Desktop/ws_ROS2PNC/install/data_plot/lib/python3.8/site-packages:${PYTHONPATH} /usr/bin/python3 -W ignore:setup.py install is deprecated -W ignore:easy_install command is deprecated setup.py egg_info --egg-base ../../build/data_plot build --build-base /home/apan/Desktop/ws_ROS2PNC/build/data_plot/build install --record /home/apan/Desktop/ws_ROS2PNC/build/data_plot/install.log --single-version-externally-managed install_data
