-- Found ament_cmake: 1.1.6 (/opt/ros/galactic/share/ament_cmake/cmake)
-- Using PYTHON_EXECUTABLE: /home/panjincheng/miniconda3/bin/python3
-- Found rclcpp: 9.2.2 (/opt/ros/galactic/share/rclcpp/cmake)
-- Using all available rosidl_typesupport_c: rosidl_typesupport_fastrtps_c;rosidl_typesupport_introspection_c
-- Found rosidl_adapter: 2.2.3 (/opt/ros/galactic/share/rosidl_adapter/cmake)
-- Using all available rosidl_typesupport_cpp: rosidl_typesupport_fastrtps_cpp;rosidl_typesupport_introspection_cpp
-- Found rmw_implementation_cmake: 3.3.1 (/opt/ros/galactic/share/rmw_implementation_cmake/cmake)
-- Found rmw_cyclonedds_cpp: 0.22.6 (/opt/ros/galactic/share/rmw_cyclonedds_cpp/cmake)
-- Using RMW implementation 'rmw_cyclonedds_cpp' as default
-- Found tf2: 0.17.5 (/opt/ros/galactic/share/tf2/cmake)
-- Found tf2_ros: 0.17.5 (/opt/ros/galactic/share/tf2_ros/cmake)
-- Found nav_msgs: 2.2.4 (/opt/ros/galactic/share/nav_msgs/cmake)
-- Found visualization_msgs: 2.2.4 (/opt/ros/galactic/share/visualization_msgs/cmake)
-- Found base_msgs: 0.0.0 (/home/panjincheng/Desktop/ws_ROS2PNC/install/base_msgs/share/base_msgs/cmake)
-- Configuring done
-- Generating done
-- Build files have been written to: /home/panjincheng/Desktop/ws_ROS2PNC/build/planning
[35m[1mScanning dependencies of target planning_node[0m
[ 66%] [32mBuilding CXX object src/planning_process/CMakeFiles/planning_node.dir/planning_node.cpp.o[0m
[ 66%] [32mBuilding CXX object src/planning_process/CMakeFiles/planning_node.dir/planning_process.cpp.o[0m
[100%] [32m[1mLinking CXX executable planning_node[0m
[100%] Built target planning_node
-- Install configuration: ""
-- Installing: /home/panjincheng/Desktop/ws_ROS2PNC/install/planning/lib/planning/planning_node
-- Set runtime path of "/home/panjincheng/Desktop/ws_ROS2PNC/install/planning/lib/planning/planning_node" to ""
-- Up-to-date: /home/panjincheng/Desktop/ws_ROS2PNC/install/planning/share/planning/config
-- Up-to-date: /home/panjincheng/Desktop/ws_ROS2PNC/install/planning/share/planning/launch
-- Up-to-date: /home/panjincheng/Desktop/ws_ROS2PNC/install/planning/share/planning/urdf
-- Up-to-date: /home/panjincheng/Desktop/ws_ROS2PNC/install/planning/share/planning/urdf/main_car
-- Up-to-date: /home/panjincheng/Desktop/ws_ROS2PNC/install/planning/share/planning/urdf/obs_car
-- Up-to-date: /home/panjincheng/Desktop/ws_ROS2PNC/install/planning/share/planning/rviz
-- Up-to-date: /home/panjincheng/Desktop/ws_ROS2PNC/install/planning/share/ament_index/resource_index/package_run_dependencies/planning
-- Installing: /home/panjincheng/Desktop/ws_ROS2PNC/install/planning/share/ament_index/resource_index/parent_prefix_path/planning
-- Up-to-date: /home/panjincheng/Desktop/ws_ROS2PNC/install/planning/share/planning/environment/ament_prefix_path.sh
-- Installing: /home/panjincheng/Desktop/ws_ROS2PNC/install/planning/share/planning/environment/ament_prefix_path.dsv
-- Up-to-date: /home/panjincheng/Desktop/ws_ROS2PNC/install/planning/share/planning/environment/path.sh
-- Installing: /home/panjincheng/Desktop/ws_ROS2PNC/install/planning/share/planning/environment/path.dsv
-- Up-to-date: /home/panjincheng/Desktop/ws_ROS2PNC/install/planning/share/planning/local_setup.bash
-- Up-to-date: /home/panjincheng/Desktop/ws_ROS2PNC/install/planning/share/planning/local_setup.sh
-- Up-to-date: /home/panjincheng/Desktop/ws_ROS2PNC/install/planning/share/planning/local_setup.zsh
-- Installing: /home/panjincheng/Desktop/ws_ROS2PNC/install/planning/share/planning/local_setup.dsv
-- Installing: /home/panjincheng/Desktop/ws_ROS2PNC/install/planning/share/planning/package.dsv
-- Up-to-date: /home/panjincheng/Desktop/ws_ROS2PNC/install/planning/share/ament_index/resource_index/packages/planning
-- Up-to-date: /home/panjincheng/Desktop/ws_ROS2PNC/install/planning/share/planning/cmake/planningConfig.cmake
-- Up-to-date: /home/panjincheng/Desktop/ws_ROS2PNC/install/planning/share/planning/cmake/planningConfig-version.cmake
-- Up-to-date: /home/panjincheng/Desktop/ws_ROS2PNC/install/planning/share/planning/package.xml
