[0.123s] Invoking command in '/home/apan/Desktop/ROS2PNC/build/planning': AMENT_PREFIX_PATH=/home/apan/Desktop/ROS2PNC/install/base_msgs:${AMENT_PREFIX_PATH} CMAKE_PREFIX_PATH=/home/apan/Desktop/ROS2PNC/install/base_msgs:/opt/ros/humble CONDA_PROMPT_MODIFIER=(base) /usr/bin/cmake /home/apan/Desktop/ROS2PNC/src/planning -DCMAKE_INSTALL_PREFIX=/home/apan/Desktop/ROS2PNC/install/planning
[0.159s] -- The C compiler identification is GNU 11.4.0
[0.194s] -- The CXX compiler identification is GNU 11.4.0
[0.198s] -- Detecting C compiler ABI info
[0.243s] -- Detecting C compiler ABI info - done
[0.247s] -- Check for working C compiler: /usr/bin/cc - skipped
[0.247s] -- Detecting C compile features
[0.247s] -- Detecting C compile features - done
[0.249s] -- Detecting CXX compiler ABI info
[0.301s] -- Detecting CXX compiler ABI info - done
[0.305s] -- Check for working CXX compiler: /usr/bin/c++ - skipped
[0.305s] -- Detecting CXX compile features
[0.306s] -- Detecting CXX compile features - done
[0.307s] -- Found ament_cmake: 1.3.11 (/opt/ros/humble/share/ament_cmake/cmake)
[0.508s] -- Found Python3: /home/apan/anaconda3/bin/python3 (found version "3.11.7") found components: Interpreter 
[0.557s] -- Found rclcpp: 16.0.11 (/opt/ros/humble/share/rclcpp/cmake)
[0.578s] -- Found rosidl_generator_c: 3.1.6 (/opt/ros/humble/share/rosidl_generator_c/cmake)
[0.580s] -- Found rosidl_adapter: 3.1.6 (/opt/ros/humble/share/rosidl_adapter/cmake)
[0.584s] -- Found rosidl_generator_cpp: 3.1.6 (/opt/ros/humble/share/rosidl_generator_cpp/cmake)
[0.589s] -- Using all available rosidl_typesupport_c: rosidl_typesupport_fastrtps_c;rosidl_typesupport_introspection_c
[0.597s] -- Using all available rosidl_typesupport_cpp: rosidl_typesupport_fastrtps_cpp;rosidl_typesupport_introspection_cpp
[0.617s] -- Found rmw_implementation_cmake: 6.1.2 (/opt/ros/humble/share/rmw_implementation_cmake/cmake)
[0.618s] -- Found rmw_fastrtps_cpp: 6.2.7 (/opt/ros/humble/share/rmw_fastrtps_cpp/cmake)
[0.669s] -- Found OpenSSL: /usr/lib/x86_64-linux-gnu/libcrypto.so (found version "3.0.2")  
[0.684s] -- Found FastRTPS: /opt/ros/humble/include  
[0.707s] -- Using RMW implementation 'rmw_fastrtps_cpp' as default
[0.712s] -- Looking for pthread.h
[0.755s] -- Looking for pthread.h - found
[0.755s] -- Performing Test CMAKE_HAVE_LIBC_PTHREAD
[0.801s] -- Performing Test CMAKE_HAVE_LIBC_PTHREAD - Success
[0.802s] -- Found Threads: TRUE  
[0.829s] -- Found tf2: 0.25.11 (/opt/ros/humble/share/tf2/cmake)
[0.842s] -- Found tf2_ros: 0.25.11 (/opt/ros/humble/share/tf2_ros/cmake)
[0.887s] -- Found nav_msgs: 4.2.4 (/opt/ros/humble/share/nav_msgs/cmake)
[0.895s] -- Found visualization_msgs: 4.2.4 (/opt/ros/humble/share/visualization_msgs/cmake)
[0.914s] -- Found base_msgs: 0.0.0 (/home/apan/Desktop/ROS2PNC/install/base_msgs/share/base_msgs/cmake)
[0.985s] -- Configuring done
[0.996s] -- Generating done
[0.999s] -- Build files have been written to: /home/apan/Desktop/ROS2PNC/build/planning
[1.007s] Invoked command in '/home/apan/Desktop/ROS2PNC/build/planning' returned '0': AMENT_PREFIX_PATH=/home/apan/Desktop/ROS2PNC/install/base_msgs:${AMENT_PREFIX_PATH} CMAKE_PREFIX_PATH=/home/apan/Desktop/ROS2PNC/install/base_msgs:/opt/ros/humble CONDA_PROMPT_MODIFIER=(base) /usr/bin/cmake /home/apan/Desktop/ROS2PNC/src/planning -DCMAKE_INSTALL_PREFIX=/home/apan/Desktop/ROS2PNC/install/planning
[1.008s] Invoking command in '/home/apan/Desktop/ROS2PNC/build/planning': AMENT_PREFIX_PATH=/home/apan/Desktop/ROS2PNC/install/base_msgs:${AMENT_PREFIX_PATH} CMAKE_PREFIX_PATH=/home/apan/Desktop/ROS2PNC/install/base_msgs:/opt/ros/humble CONDA_PROMPT_MODIFIER=(base) /usr/bin/cmake --build /home/apan/Desktop/ROS2PNC/build/planning -- -j16 -l16
[1.045s] [ 66%] [32mBuilding CXX object src/planning_process/CMakeFiles/planning_node.dir/planning_node.cpp.o[0m
[1.045s] [ 66%] [32mBuilding CXX object src/planning_process/CMakeFiles/planning_node.dir/planning_process.cpp.o[0m
[2.442s] [100%] [32m[1mLinking CXX executable planning_node[0m
[2.510s] [100%] Built target planning_node
[2.518s] Invoked command in '/home/apan/Desktop/ROS2PNC/build/planning' returned '0': AMENT_PREFIX_PATH=/home/apan/Desktop/ROS2PNC/install/base_msgs:${AMENT_PREFIX_PATH} CMAKE_PREFIX_PATH=/home/apan/Desktop/ROS2PNC/install/base_msgs:/opt/ros/humble CONDA_PROMPT_MODIFIER=(base) /usr/bin/cmake --build /home/apan/Desktop/ROS2PNC/build/planning -- -j16 -l16
[2.519s] Invoking command in '/home/apan/Desktop/ROS2PNC/build/planning': AMENT_PREFIX_PATH=/home/apan/Desktop/ROS2PNC/install/base_msgs:${AMENT_PREFIX_PATH} CMAKE_PREFIX_PATH=/home/apan/Desktop/ROS2PNC/install/base_msgs:/opt/ros/humble CONDA_PROMPT_MODIFIER=(base) /usr/bin/cmake --install /home/apan/Desktop/ROS2PNC/build/planning
[2.523s] -- Install configuration: ""
[2.523s] -- Installing: /home/apan/Desktop/ROS2PNC/install/planning/lib/planning/planning_node
[2.524s] -- Set runtime path of "/home/apan/Desktop/ROS2PNC/install/planning/lib/planning/planning_node" to ""
[2.524s] [31mCMake Error at cmake_install.cmake:91 (file):
[2.524s]   file INSTALL cannot find "/home/apan/Desktop/ROS2PNC/src/planning/config":
[2.524s]   No such file or directory.
[2.524s] 
[2.524s] [0m
[2.525s] Invoked command in '/home/apan/Desktop/ROS2PNC/build/planning' returned '1': AMENT_PREFIX_PATH=/home/apan/Desktop/ROS2PNC/install/base_msgs:${AMENT_PREFIX_PATH} CMAKE_PREFIX_PATH=/home/apan/Desktop/ROS2PNC/install/base_msgs:/opt/ros/humble CONDA_PROMPT_MODIFIER=(base) /usr/bin/cmake --install /home/apan/Desktop/ROS2PNC/build/planning
