[0.299s] Invoking command in '/home/apan/Desktop/ws_ROS2PNC/build/planning': CMAKE_PREFIX_PATH=/opt/ros/humble CONDA_PROMPT_MODIFIER=(base) /home/apan/anaconda3/bin/cmake /home/apan/Desktop/ws_ROS2PNC/src/planning -DCMAKE_INSTALL_PREFIX=/home/apan/Desktop/ws_ROS2PNC/install/planning
[0.307s] -- Found ament_cmake: 1.1.6 (/opt/ros/humble/share/ament_cmake/cmake)
[0.320s] -- Using PYTHON_EXECUTABLE: /home/apan/anaconda3/bin/python3
[0.405s] -- Found rclcpp: 9.2.2 (/opt/ros/humble/share/rclcpp/cmake)
[0.438s] -- Using all available rosidl_typesupport_c: rosidl_typesupport_fastrtps_c;rosidl_typesupport_introspection_c
[0.441s] -- Found rosidl_adapter: 2.2.3 (/opt/ros/humble/share/rosidl_adapter/cmake)
[0.553s] -- Using all available rosidl_typesupport_cpp: rosidl_typesupport_fastrtps_cpp;rosidl_typesupport_introspection_cpp
[0.605s] -- Found rmw_implementation_cmake: 3.3.1 (/opt/ros/humble/share/rmw_implementation_cmake/cmake)
[0.607s] -- Found rmw_cyclonedds_cpp: 0.22.6 (/opt/ros/humble/share/rmw_cyclonedds_cpp/cmake)
[0.626s] -- Using RMW implementation 'rmw_cyclonedds_cpp' as default
[0.768s] -- Found ament_lint_auto: 0.10.7 (/opt/ros/humble/share/ament_lint_auto/cmake)
[0.865s] -- Added test 'copyright' to check source files copyright and LICENSE
[0.865s] -- Added test 'cppcheck' to perform static code analysis on C / C++ code
[0.866s] -- Configured cppcheck include dirs: $<BUILD_INTERFACE:/home/apan/Desktop/ws_ROS2PNC/src/planning/include>
[0.866s] -- Configured cppcheck exclude dirs and/or files: 
[0.866s] -- Added test 'cpplint' to check C / C++ code against the Google style
[0.866s] -- Configured cpplint exclude dirs and/or files: 
[0.867s] -- Added test 'lint_cmake' to check CMake code style
[0.867s] -- Added test 'uncrustify' to check C / C++ code style
[0.868s] -- Configured uncrustify additional arguments: 
[0.868s] -- Added test 'xmllint' to check XML markup files
[0.869s] -- Configuring done
[0.877s] -- Generating done
[0.880s] -- Build files have been written to: /home/apan/Desktop/ws_ROS2PNC/build/planning
[0.885s] Invoked command in '/home/apan/Desktop/ws_ROS2PNC/build/planning' returned '0': CMAKE_PREFIX_PATH=/opt/ros/humble CONDA_PROMPT_MODIFIER=(base) /home/apan/anaconda3/bin/cmake /home/apan/Desktop/ws_ROS2PNC/src/planning -DCMAKE_INSTALL_PREFIX=/home/apan/Desktop/ws_ROS2PNC/install/planning
[0.887s] Invoking command in '/home/apan/Desktop/ws_ROS2PNC/build/planning': CMAKE_PREFIX_PATH=/opt/ros/humble CONDA_PROMPT_MODIFIER=(base) /home/apan/anaconda3/bin/cmake --build /home/apan/Desktop/ws_ROS2PNC/build/planning -- -j16 -l16
[0.908s] [35m[1mScanning dependencies of target planning_node[0m
[0.914s] [ 50%] [32mBuilding CXX object CMakeFiles/planning_node.dir/src/planning_node.cpp.o[0m
[0.942s] [100%] [32m[1mLinking CXX executable planning_node[0m
[1.000s] [100%] Built target planning_node
[1.005s] Invoked command in '/home/apan/Desktop/ws_ROS2PNC/build/planning' returned '0': CMAKE_PREFIX_PATH=/opt/ros/humble CONDA_PROMPT_MODIFIER=(base) /home/apan/anaconda3/bin/cmake --build /home/apan/Desktop/ws_ROS2PNC/build/planning -- -j16 -l16
[1.008s] Invoking command in '/home/apan/Desktop/ws_ROS2PNC/build/planning': CMAKE_PREFIX_PATH=/opt/ros/humble CONDA_PROMPT_MODIFIER=(base) /home/apan/anaconda3/bin/cmake --install /home/apan/Desktop/ws_ROS2PNC/build/planning
[1.012s] -- Install configuration: ""
[1.012s] -- Installing: /home/apan/Desktop/ws_ROS2PNC/install/planning/lib/planning/planning_node
[1.012s] -- Set runtime path of "/home/apan/Desktop/ws_ROS2PNC/install/planning/lib/planning/planning_node" to ""
[1.013s] -- Installing: /home/apan/Desktop/ws_ROS2PNC/install/planning/share/ament_index/resource_index/package_run_dependencies/planning
[1.013s] -- Installing: /home/apan/Desktop/ws_ROS2PNC/install/planning/share/ament_index/resource_index/parent_prefix_path/planning
[1.013s] -- Installing: /home/apan/Desktop/ws_ROS2PNC/install/planning/share/planning/environment/ament_prefix_path.sh
[1.013s] -- Installing: /home/apan/Desktop/ws_ROS2PNC/install/planning/share/planning/environment/ament_prefix_path.dsv
[1.013s] -- Installing: /home/apan/Desktop/ws_ROS2PNC/install/planning/share/planning/environment/path.sh
[1.013s] -- Installing: /home/apan/Desktop/ws_ROS2PNC/install/planning/share/planning/environment/path.dsv
[1.014s] -- Installing: /home/apan/Desktop/ws_ROS2PNC/install/planning/share/planning/local_setup.bash
[1.014s] -- Installing: /home/apan/Desktop/ws_ROS2PNC/install/planning/share/planning/local_setup.sh
[1.014s] -- Installing: /home/apan/Desktop/ws_ROS2PNC/install/planning/share/planning/local_setup.zsh
[1.014s] -- Installing: /home/apan/Desktop/ws_ROS2PNC/install/planning/share/planning/local_setup.dsv
[1.014s] -- Installing: /home/apan/Desktop/ws_ROS2PNC/install/planning/share/planning/package.dsv
[1.014s] -- Installing: /home/apan/Desktop/ws_ROS2PNC/install/planning/share/ament_index/resource_index/packages/planning
[1.014s] -- Installing: /home/apan/Desktop/ws_ROS2PNC/install/planning/share/planning/cmake/planningConfig.cmake
[1.014s] -- Installing: /home/apan/Desktop/ws_ROS2PNC/install/planning/share/planning/cmake/planningConfig-version.cmake
[1.015s] -- Installing: /home/apan/Desktop/ws_ROS2PNC/install/planning/share/planning/package.xml
[1.018s] Invoked command in '/home/apan/Desktop/ws_ROS2PNC/build/planning' returned '0': CMAKE_PREFIX_PATH=/opt/ros/humble CONDA_PROMPT_MODIFIER=(base) /home/apan/anaconda3/bin/cmake --install /home/apan/Desktop/ws_ROS2PNC/build/planning
