[0.298s] Invoking command in '/home/apan/Desktop/ROS2PNC/src/data_plot': AMENT_PREFIX_PATH=/home/apan/Desktop/ROS2PNC/install/base_msgs:${AMENT_PREFIX_PATH} CMAKE_PREFIX_PATH=/home/apan/Desktop/ROS2PNC/install/base_msgs CONDA_PROMPT_MODIFIER=(base) PYTHONPATH=/home/apan/Desktop/ROS2PNC/build/data_plot/prefix_override:/usr/lib/python3/dist-packages/colcon_core/task/python/colcon_distutils_commands:/home/apan/Desktop/ROS2PNC/install/data_plot/lib/python3.10/site-packages:${PYTHONPATH} /usr/bin/python3 -W ignore:setup.py install is deprecated -W ignore:easy_install command is deprecated setup.py egg_info --egg-base ../../build/data_plot build --build-base /home/apan/Desktop/ROS2PNC/build/data_plot/build install --record /home/apan/Desktop/ROS2PNC/build/data_plot/install.log --single-version-externally-managed install_data
[0.410s] running egg_info
[0.410s] creating ../../build/data_plot/data_plot.egg-info
[0.410s] writing ../../build/data_plot/data_plot.egg-info/PKG-INFO
[0.410s] writing dependency_links to ../../build/data_plot/data_plot.egg-info/dependency_links.txt
[0.410s] writing entry points to ../../build/data_plot/data_plot.egg-info/entry_points.txt
[0.410s] writing requirements to ../../build/data_plot/data_plot.egg-info/requires.txt
[0.410s] writing top-level names to ../../build/data_plot/data_plot.egg-info/top_level.txt
[0.410s] writing manifest file '../../build/data_plot/data_plot.egg-info/SOURCES.txt'
[0.411s] reading manifest file '../../build/data_plot/data_plot.egg-info/SOURCES.txt'
[0.411s] writing manifest file '../../build/data_plot/data_plot.egg-info/SOURCES.txt'
[0.411s] running build
[0.411s] running build_py
[0.411s] creating /home/apan/Desktop/ROS2PNC/build/data_plot/build
[0.412s] creating /home/apan/Desktop/ROS2PNC/build/data_plot/build/lib
[0.412s] creating /home/apan/Desktop/ROS2PNC/build/data_plot/build/lib/data_plot
[0.412s] copying data_plot/data_plot.py -> /home/apan/Desktop/ROS2PNC/build/data_plot/build/lib/data_plot
[0.412s] copying data_plot/__init__.py -> /home/apan/Desktop/ROS2PNC/build/data_plot/build/lib/data_plot
[0.412s] running install
[0.412s] running install_lib
[0.412s] creating /home/apan/Desktop/ROS2PNC/install/data_plot/lib/python3.10/site-packages/data_plot
[0.412s] copying /home/apan/Desktop/ROS2PNC/build/data_plot/build/lib/data_plot/data_plot.py -> /home/apan/Desktop/ROS2PNC/install/data_plot/lib/python3.10/site-packages/data_plot
[0.412s] copying /home/apan/Desktop/ROS2PNC/build/data_plot/build/lib/data_plot/__init__.py -> /home/apan/Desktop/ROS2PNC/install/data_plot/lib/python3.10/site-packages/data_plot
[0.412s] byte-compiling /home/apan/Desktop/ROS2PNC/install/data_plot/lib/python3.10/site-packages/data_plot/data_plot.py to data_plot.cpython-310.pyc
[0.413s] byte-compiling /home/apan/Desktop/ROS2PNC/install/data_plot/lib/python3.10/site-packages/data_plot/__init__.py to __init__.cpython-310.pyc
[0.413s] running install_data
[0.413s] running install_egg_info
[0.414s] Copying ../../build/data_plot/data_plot.egg-info to /home/apan/Desktop/ROS2PNC/install/data_plot/lib/python3.10/site-packages/data_plot-0.0.0-py3.10.egg-info
[0.414s] running install_scripts
[0.425s] Installing data_plot script to /home/apan/Desktop/ROS2PNC/install/data_plot/lib/data_plot
[0.426s] writing list of installed files to '/home/apan/Desktop/ROS2PNC/build/data_plot/install.log'
[0.437s] Invoked command in '/home/apan/Desktop/ROS2PNC/src/data_plot' returned '0': AMENT_PREFIX_PATH=/home/apan/Desktop/ROS2PNC/install/base_msgs:${AMENT_PREFIX_PATH} CMAKE_PREFIX_PATH=/home/apan/Desktop/ROS2PNC/install/base_msgs CONDA_PROMPT_MODIFIER=(base) PYTHONPATH=/home/apan/Desktop/ROS2PNC/build/data_plot/prefix_override:/usr/lib/python3/dist-packages/colcon_core/task/python/colcon_distutils_commands:/home/apan/Desktop/ROS2PNC/install/data_plot/lib/python3.10/site-packages:${PYTHONPATH} /usr/bin/python3 -W ignore:setup.py install is deprecated -W ignore:easy_install command is deprecated setup.py egg_info --egg-base ../../build/data_plot build --build-base /home/apan/Desktop/ROS2PNC/build/data_plot/build install --record /home/apan/Desktop/ROS2PNC/build/data_plot/install.log --single-version-externally-managed install_data
