[0.006s] Invoking command in '/home/apan/Desktop/ROS2PNC/build/base_msgs': CMAKE_PREFIX_PATH=/opt/ros/humble CONDA_PROMPT_MODIFIER=(base) /usr/bin/cmake /home/apan/Desktop/ROS2PNC/src/base_msgs -DCMAKE_INSTALL_PREFIX=/home/apan/Desktop/ROS2PNC/install/base_msgs
[0.014s] -- Found ament_cmake: 1.3.11 (/opt/ros/humble/share/ament_cmake/cmake)
[0.086s] -- Found rosidl_default_generators: 1.2.0 (/opt/ros/humble/share/rosidl_default_generators/cmake)
[0.087s] -- Using all available rosidl_typesupport_c: rosidl_typesupport_fastrtps_c;rosidl_typesupport_introspection_c
[0.088s] -- Found rosidl_adapter: 3.1.6 (/opt/ros/humble/share/rosidl_adapter/cmake)
[0.104s] -- Using all available rosidl_typesupport_cpp: rosidl_typesupport_fastrtps_cpp;rosidl_typesupport_introspection_cpp
[0.117s] -- Found visualization_msgs: 4.2.4 (/opt/ros/humble/share/visualization_msgs/cmake)
[0.154s] -- Found nav_msgs: 4.2.4 (/opt/ros/humble/share/nav_msgs/cmake)
[0.162s] -- Found ament_lint_auto: 0.12.11 (/opt/ros/humble/share/ament_lint_auto/cmake)
[0.218s] -- Added test 'copyright' to check source files copyright and LICENSE
[0.218s] -- Added test 'lint_cmake' to check CMake code style
[0.219s] -- Added test 'xmllint' to check XML markup files
[0.220s] -- Configuring done
[0.222s] -- Generating done
[0.223s] -- Build files have been written to: /home/apan/Desktop/ROS2PNC/build/base_msgs
[0.227s] Invoked command in '/home/apan/Desktop/ROS2PNC/build/base_msgs' returned '0': CMAKE_PREFIX_PATH=/opt/ros/humble CONDA_PROMPT_MODIFIER=(base) /usr/bin/cmake /home/apan/Desktop/ROS2PNC/src/base_msgs -DCMAKE_INSTALL_PREFIX=/home/apan/Desktop/ROS2PNC/install/base_msgs
[0.228s] Invoking command in '/home/apan/Desktop/ROS2PNC/build/base_msgs': CMAKE_PREFIX_PATH=/opt/ros/humble CONDA_PROMPT_MODIFIER=(base) /usr/bin/cmake --build /home/apan/Desktop/ROS2PNC/build/base_msgs -- -j16 -l16
[0.255s] Invoked command in '/home/apan/Desktop/ROS2PNC/build/base_msgs' returned '0': CMAKE_PREFIX_PATH=/opt/ros/humble CONDA_PROMPT_MODIFIER=(base) /usr/bin/cmake --build /home/apan/Desktop/ROS2PNC/build/base_msgs -- -j16 -l16
[0.262s] Invoking command in '/home/apan/Desktop/ROS2PNC/build/base_msgs': CMAKE_PREFIX_PATH=/opt/ros/humble CONDA_PROMPT_MODIFIER=(base) /usr/bin/cmake --install /home/apan/Desktop/ROS2PNC/build/base_msgs
[0.267s] -- Install configuration: ""
[0.267s] -- Installing: /home/apan/Desktop/ROS2PNC/install/base_msgs/share/ament_index/resource_index/package_run_dependencies/base_msgs
[0.267s] -- Installing: /home/apan/Desktop/ROS2PNC/install/base_msgs/share/ament_index/resource_index/parent_prefix_path/base_msgs
[0.267s] -- Installing: /home/apan/Desktop/ROS2PNC/install/base_msgs/share/base_msgs/environment/ament_prefix_path.sh
[0.267s] -- Installing: /home/apan/Desktop/ROS2PNC/install/base_msgs/share/base_msgs/environment/ament_prefix_path.dsv
[0.267s] -- Installing: /home/apan/Desktop/ROS2PNC/install/base_msgs/share/base_msgs/environment/path.sh
[0.267s] -- Installing: /home/apan/Desktop/ROS2PNC/install/base_msgs/share/base_msgs/environment/path.dsv
[0.267s] -- Installing: /home/apan/Desktop/ROS2PNC/install/base_msgs/share/base_msgs/local_setup.bash
[0.267s] -- Installing: /home/apan/Desktop/ROS2PNC/install/base_msgs/share/base_msgs/local_setup.sh
[0.267s] -- Installing: /home/apan/Desktop/ROS2PNC/install/base_msgs/share/base_msgs/local_setup.zsh
[0.267s] -- Installing: /home/apan/Desktop/ROS2PNC/install/base_msgs/share/base_msgs/local_setup.dsv
[0.267s] -- Installing: /home/apan/Desktop/ROS2PNC/install/base_msgs/share/base_msgs/package.dsv
[0.267s] -- Installing: /home/apan/Desktop/ROS2PNC/install/base_msgs/share/ament_index/resource_index/packages/base_msgs
[0.268s] -- Installing: /home/apan/Desktop/ROS2PNC/install/base_msgs/share/base_msgs/cmake/base_msgsConfig.cmake
[0.268s] -- Installing: /home/apan/Desktop/ROS2PNC/install/base_msgs/share/base_msgs/cmake/base_msgsConfig-version.cmake
[0.268s] -- Up-to-date: /home/apan/Desktop/ROS2PNC/install/base_msgs/share/base_msgs/package.xml
[0.269s] Invoked command in '/home/apan/Desktop/ROS2PNC/build/base_msgs' returned '0': CMAKE_PREFIX_PATH=/opt/ros/humble CONDA_PROMPT_MODIFIER=(base) /usr/bin/cmake --install /home/apan/Desktop/ROS2PNC/build/base_msgs
