[0.195s] DEBUG:colcon:Command line arguments: ['/usr/bin/colcon', 'build']
[0.195s] DEBUG:colcon:Parsed command line arguments: Namespace(allow_overriding=[], ament_cmake_args=None, base_paths=['.'], build_base='build', catkin_cmake_args=None, catkin_skip_building_tests=False, cmake_args=None, cmake_clean_cache=False, cmake_clean_first=False, cmake_force_configure=False, cmake_target=None, cmake_target_skip_unavailable=False, continue_on_error=False, event_handlers=None, executor='parallel', ignore_user_meta=False, install_base='install', log_base=None, log_level=None, main=<bound method BuildVerb.main of <colcon_core.verb.build.BuildVerb object at 0x7fdf30bd6b50>>, merge_install=False, metas=['./colcon.meta'], packages_above=None, packages_above_and_dependencies=None, packages_above_depth=None, packages_end=None, packages_ignore=None, packages_ignore_regex=None, packages_select=None, packages_select_build_failed=False, packages_select_by_dep=None, packages_select_regex=None, packages_select_test_failures=False, packages_skip=None, packages_skip_build_finished=False, packages_skip_by_dep=None, packages_skip_regex=None, packages_skip_test_passed=False, packages_skip_up_to=None, packages_start=None, packages_up_to=None, packages_up_to_regex=None, parallel_workers=16, paths=None, symlink_install=False, test_result_base=None, verb_extension=<colcon_core.verb.build.BuildVerb object at 0x7fdf30bd6b50>, verb_name='build', verb_parser=<colcon_defaults.argument_parser.defaults.DefaultArgumentsDecorator object at 0x7fdf30b67100>)
[0.345s] Level 1:colcon.colcon_core.package_discovery:discover_packages(colcon_meta) check parameters
[0.345s] Level 1:colcon.colcon_core.package_discovery:discover_packages(recursive) check parameters
[0.345s] Level 1:colcon.colcon_core.package_discovery:discover_packages(ignore) check parameters
[0.345s] Level 1:colcon.colcon_core.package_discovery:discover_packages(path) check parameters
[0.345s] Level 1:colcon.colcon_core.package_discovery:discover_packages(colcon_meta) discover
[0.345s] Level 1:colcon.colcon_core.package_discovery:discover_packages(recursive) discover
[0.345s] INFO:colcon.colcon_core.package_discovery:Crawling recursively for packages in '/home/panjincheng/Desktop/ws_ROS2PNC'
[0.345s] Level 1:colcon.colcon_core.package_identification:_identify(.) by extensions ['ignore', 'ignore_ament_install']
[0.345s] Level 1:colcon.colcon_core.package_identification:_identify(.) by extension 'ignore'
[0.345s] Level 1:colcon.colcon_core.package_identification:_identify(.) by extension 'ignore_ament_install'
[0.346s] Level 1:colcon.colcon_core.package_identification:_identify(.) by extensions ['colcon_pkg']
[0.346s] Level 1:colcon.colcon_core.package_identification:_identify(.) by extension 'colcon_pkg'
[0.346s] Level 1:colcon.colcon_core.package_identification:_identify(.) by extensions ['colcon_meta']
[0.346s] Level 1:colcon.colcon_core.package_identification:_identify(.) by extension 'colcon_meta'
[0.346s] Level 1:colcon.colcon_core.package_identification:_identify(.) by extensions ['ros']
[0.346s] Level 1:colcon.colcon_core.package_identification:_identify(.) by extension 'ros'
[0.356s] Level 1:colcon.colcon_core.package_identification:_identify(.) by extensions ['cmake', 'python']
[0.356s] Level 1:colcon.colcon_core.package_identification:_identify(.) by extension 'cmake'
[0.356s] Level 1:colcon.colcon_core.package_identification:_identify(.) by extension 'python'
[0.357s] Level 1:colcon.colcon_core.package_identification:_identify(.) by extensions ['python_setup_py']
[0.357s] Level 1:colcon.colcon_core.package_identification:_identify(.) by extension 'python_setup_py'
[0.357s] Level 1:colcon.colcon_core.package_identification:_identify(build) by extensions ['ignore', 'ignore_ament_install']
[0.357s] Level 1:colcon.colcon_core.package_identification:_identify(build) by extension 'ignore'
[0.357s] Level 1:colcon.colcon_core.package_identification:_identify(build) ignored
[0.357s] Level 1:colcon.colcon_core.package_identification:_identify(doc) by extensions ['ignore', 'ignore_ament_install']
[0.357s] Level 1:colcon.colcon_core.package_identification:_identify(doc) by extension 'ignore'
[0.357s] Level 1:colcon.colcon_core.package_identification:_identify(doc) by extension 'ignore_ament_install'
[0.357s] Level 1:colcon.colcon_core.package_identification:_identify(doc) by extensions ['colcon_pkg']
[0.357s] Level 1:colcon.colcon_core.package_identification:_identify(doc) by extension 'colcon_pkg'
[0.357s] Level 1:colcon.colcon_core.package_identification:_identify(doc) by extensions ['colcon_meta']
[0.357s] Level 1:colcon.colcon_core.package_identification:_identify(doc) by extension 'colcon_meta'
[0.357s] Level 1:colcon.colcon_core.package_identification:_identify(doc) by extensions ['ros']
[0.357s] Level 1:colcon.colcon_core.package_identification:_identify(doc) by extension 'ros'
[0.357s] Level 1:colcon.colcon_core.package_identification:_identify(doc) by extensions ['cmake', 'python']
[0.357s] Level 1:colcon.colcon_core.package_identification:_identify(doc) by extension 'cmake'
[0.358s] Level 1:colcon.colcon_core.package_identification:_identify(doc) by extension 'python'
[0.358s] Level 1:colcon.colcon_core.package_identification:_identify(doc) by extensions ['python_setup_py']
[0.358s] Level 1:colcon.colcon_core.package_identification:_identify(doc) by extension 'python_setup_py'
[0.358s] Level 1:colcon.colcon_core.package_identification:_identify(install) by extensions ['ignore', 'ignore_ament_install']
[0.358s] Level 1:colcon.colcon_core.package_identification:_identify(install) by extension 'ignore'
[0.358s] Level 1:colcon.colcon_core.package_identification:_identify(install) ignored
[0.358s] Level 1:colcon.colcon_core.package_identification:_identify(log) by extensions ['ignore', 'ignore_ament_install']
[0.358s] Level 1:colcon.colcon_core.package_identification:_identify(log) by extension 'ignore'
[0.358s] Level 1:colcon.colcon_core.package_identification:_identify(log) ignored
[0.358s] Level 1:colcon.colcon_core.package_identification:_identify(src) by extensions ['ignore', 'ignore_ament_install']
[0.358s] Level 1:colcon.colcon_core.package_identification:_identify(src) by extension 'ignore'
[0.358s] Level 1:colcon.colcon_core.package_identification:_identify(src) by extension 'ignore_ament_install'
[0.358s] Level 1:colcon.colcon_core.package_identification:_identify(src) by extensions ['colcon_pkg']
[0.358s] Level 1:colcon.colcon_core.package_identification:_identify(src) by extension 'colcon_pkg'
[0.358s] Level 1:colcon.colcon_core.package_identification:_identify(src) by extensions ['colcon_meta']
[0.358s] Level 1:colcon.colcon_core.package_identification:_identify(src) by extension 'colcon_meta'
[0.358s] Level 1:colcon.colcon_core.package_identification:_identify(src) by extensions ['ros']
[0.359s] Level 1:colcon.colcon_core.package_identification:_identify(src) by extension 'ros'
[0.359s] Level 1:colcon.colcon_core.package_identification:_identify(src) by extensions ['cmake', 'python']
[0.359s] Level 1:colcon.colcon_core.package_identification:_identify(src) by extension 'cmake'
[0.359s] Level 1:colcon.colcon_core.package_identification:_identify(src) by extension 'python'
[0.359s] Level 1:colcon.colcon_core.package_identification:_identify(src) by extensions ['python_setup_py']
[0.359s] Level 1:colcon.colcon_core.package_identification:_identify(src) by extension 'python_setup_py'
[0.359s] Level 1:colcon.colcon_core.package_identification:_identify(src/base_msgs) by extensions ['ignore', 'ignore_ament_install']
[0.359s] Level 1:colcon.colcon_core.package_identification:_identify(src/base_msgs) by extension 'ignore'
[0.359s] Level 1:colcon.colcon_core.package_identification:_identify(src/base_msgs) by extension 'ignore_ament_install'
[0.359s] Level 1:colcon.colcon_core.package_identification:_identify(src/base_msgs) by extensions ['colcon_pkg']
[0.359s] Level 1:colcon.colcon_core.package_identification:_identify(src/base_msgs) by extension 'colcon_pkg'
[0.359s] Level 1:colcon.colcon_core.package_identification:_identify(src/base_msgs) by extensions ['colcon_meta']
[0.359s] Level 1:colcon.colcon_core.package_identification:_identify(src/base_msgs) by extension 'colcon_meta'
[0.359s] Level 1:colcon.colcon_core.package_identification:_identify(src/base_msgs) by extensions ['ros']
[0.359s] Level 1:colcon.colcon_core.package_identification:_identify(src/base_msgs) by extension 'ros'
[0.362s] DEBUG:colcon.colcon_core.package_identification:Package 'src/base_msgs' with type 'ros.ament_cmake' and name 'base_msgs'
[0.362s] Level 1:colcon.colcon_core.package_identification:_identify(src/data_plot) by extensions ['ignore', 'ignore_ament_install']
[0.362s] Level 1:colcon.colcon_core.package_identification:_identify(src/data_plot) by extension 'ignore'
[0.362s] Level 1:colcon.colcon_core.package_identification:_identify(src/data_plot) by extension 'ignore_ament_install'
[0.362s] Level 1:colcon.colcon_core.package_identification:_identify(src/data_plot) by extensions ['colcon_pkg']
[0.362s] Level 1:colcon.colcon_core.package_identification:_identify(src/data_plot) by extension 'colcon_pkg'
[0.362s] Level 1:colcon.colcon_core.package_identification:_identify(src/data_plot) by extensions ['colcon_meta']
[0.362s] Level 1:colcon.colcon_core.package_identification:_identify(src/data_plot) by extension 'colcon_meta'
[0.362s] Level 1:colcon.colcon_core.package_identification:_identify(src/data_plot) by extensions ['ros']
[0.362s] Level 1:colcon.colcon_core.package_identification:_identify(src/data_plot) by extension 'ros'
[0.363s] DEBUG:colcon.colcon_core.package_identification:Package 'src/data_plot' with type 'ros.ament_python' and name 'data_plot'
[0.363s] Level 1:colcon.colcon_core.package_identification:_identify(src/planning) by extensions ['ignore', 'ignore_ament_install']
[0.363s] Level 1:colcon.colcon_core.package_identification:_identify(src/planning) by extension 'ignore'
[0.363s] Level 1:colcon.colcon_core.package_identification:_identify(src/planning) by extension 'ignore_ament_install'
[0.363s] Level 1:colcon.colcon_core.package_identification:_identify(src/planning) by extensions ['colcon_pkg']
[0.363s] Level 1:colcon.colcon_core.package_identification:_identify(src/planning) by extension 'colcon_pkg'
[0.363s] Level 1:colcon.colcon_core.package_identification:_identify(src/planning) by extensions ['colcon_meta']
[0.363s] Level 1:colcon.colcon_core.package_identification:_identify(src/planning) by extension 'colcon_meta'
[0.363s] Level 1:colcon.colcon_core.package_identification:_identify(src/planning) by extensions ['ros']
[0.363s] Level 1:colcon.colcon_core.package_identification:_identify(src/planning) by extension 'ros'
[0.365s] DEBUG:colcon.colcon_core.package_identification:Package 'src/planning' with type 'ros.ament_cmake' and name 'planning'
[0.365s] Level 1:colcon.colcon_core.package_discovery:discover_packages(recursive) using defaults
[0.365s] Level 1:colcon.colcon_core.package_discovery:discover_packages(ignore) discover
[0.365s] Level 1:colcon.colcon_core.package_discovery:discover_packages(ignore) using defaults
[0.365s] Level 1:colcon.colcon_core.package_discovery:discover_packages(path) discover
[0.365s] Level 1:colcon.colcon_core.package_discovery:discover_packages(path) using defaults
[0.380s] Level 1:colcon.colcon_core.package_discovery:discover_packages(prefix_path) check parameters
[0.380s] Level 1:colcon.colcon_core.package_discovery:discover_packages(prefix_path) discover
[0.381s] DEBUG:colcon.colcon_installed_package_information.package_discovery:Found 3 installed packages in /home/panjincheng/Desktop/ws_ROS2PNC/install
[0.382s] DEBUG:colcon.colcon_installed_package_information.package_discovery:Found 272 installed packages in /opt/ros/galactic
[0.385s] Level 1:colcon.colcon_core.package_discovery:discover_packages(prefix_path) using defaults
[0.456s] Level 5:colcon.colcon_core.verb:set package 'base_msgs' build argument 'cmake_args' from command line to 'None'
[0.456s] Level 5:colcon.colcon_core.verb:set package 'base_msgs' build argument 'cmake_target' from command line to 'None'
[0.456s] Level 5:colcon.colcon_core.verb:set package 'base_msgs' build argument 'cmake_target_skip_unavailable' from command line to 'False'
[0.457s] Level 5:colcon.colcon_core.verb:set package 'base_msgs' build argument 'cmake_clean_cache' from command line to 'False'
[0.457s] Level 5:colcon.colcon_core.verb:set package 'base_msgs' build argument 'cmake_clean_first' from command line to 'False'
[0.457s] Level 5:colcon.colcon_core.verb:set package 'base_msgs' build argument 'cmake_force_configure' from command line to 'False'
[0.457s] Level 5:colcon.colcon_core.verb:set package 'base_msgs' build argument 'ament_cmake_args' from command line to 'None'
[0.457s] Level 5:colcon.colcon_core.verb:set package 'base_msgs' build argument 'catkin_cmake_args' from command line to 'None'
[0.457s] Level 5:colcon.colcon_core.verb:set package 'base_msgs' build argument 'catkin_skip_building_tests' from command line to 'False'
[0.457s] DEBUG:colcon.colcon_core.verb:Building package 'base_msgs' with the following arguments: {'ament_cmake_args': None, 'build_base': '/home/panjincheng/Desktop/ws_ROS2PNC/build/base_msgs', 'catkin_cmake_args': None, 'catkin_skip_building_tests': False, 'cmake_args': None, 'cmake_clean_cache': False, 'cmake_clean_first': False, 'cmake_force_configure': False, 'cmake_target': None, 'cmake_target_skip_unavailable': False, 'install_base': '/home/panjincheng/Desktop/ws_ROS2PNC/install/base_msgs', 'merge_install': False, 'path': '/home/panjincheng/Desktop/ws_ROS2PNC/src/base_msgs', 'symlink_install': False, 'test_result_base': None}
[0.457s] Level 5:colcon.colcon_core.verb:set package 'data_plot' build argument 'cmake_args' from command line to 'None'
[0.457s] Level 5:colcon.colcon_core.verb:set package 'data_plot' build argument 'cmake_target' from command line to 'None'
[0.457s] Level 5:colcon.colcon_core.verb:set package 'data_plot' build argument 'cmake_target_skip_unavailable' from command line to 'False'
[0.457s] Level 5:colcon.colcon_core.verb:set package 'data_plot' build argument 'cmake_clean_cache' from command line to 'False'
[0.457s] Level 5:colcon.colcon_core.verb:set package 'data_plot' build argument 'cmake_clean_first' from command line to 'False'
[0.457s] Level 5:colcon.colcon_core.verb:set package 'data_plot' build argument 'cmake_force_configure' from command line to 'False'
[0.457s] Level 5:colcon.colcon_core.verb:set package 'data_plot' build argument 'ament_cmake_args' from command line to 'None'
[0.457s] Level 5:colcon.colcon_core.verb:set package 'data_plot' build argument 'catkin_cmake_args' from command line to 'None'
[0.457s] Level 5:colcon.colcon_core.verb:set package 'data_plot' build argument 'catkin_skip_building_tests' from command line to 'False'
[0.457s] DEBUG:colcon.colcon_core.verb:Building package 'data_plot' with the following arguments: {'ament_cmake_args': None, 'build_base': '/home/panjincheng/Desktop/ws_ROS2PNC/build/data_plot', 'catkin_cmake_args': None, 'catkin_skip_building_tests': False, 'cmake_args': None, 'cmake_clean_cache': False, 'cmake_clean_first': False, 'cmake_force_configure': False, 'cmake_target': None, 'cmake_target_skip_unavailable': False, 'install_base': '/home/panjincheng/Desktop/ws_ROS2PNC/install/data_plot', 'merge_install': False, 'path': '/home/panjincheng/Desktop/ws_ROS2PNC/src/data_plot', 'symlink_install': False, 'test_result_base': None}
[0.458s] Level 5:colcon.colcon_core.verb:set package 'planning' build argument 'cmake_args' from command line to 'None'
[0.458s] Level 5:colcon.colcon_core.verb:set package 'planning' build argument 'cmake_target' from command line to 'None'
[0.458s] Level 5:colcon.colcon_core.verb:set package 'planning' build argument 'cmake_target_skip_unavailable' from command line to 'False'
[0.458s] Level 5:colcon.colcon_core.verb:set package 'planning' build argument 'cmake_clean_cache' from command line to 'False'
[0.458s] Level 5:colcon.colcon_core.verb:set package 'planning' build argument 'cmake_clean_first' from command line to 'False'
[0.458s] Level 5:colcon.colcon_core.verb:set package 'planning' build argument 'cmake_force_configure' from command line to 'False'
[0.458s] Level 5:colcon.colcon_core.verb:set package 'planning' build argument 'ament_cmake_args' from command line to 'None'
[0.458s] Level 5:colcon.colcon_core.verb:set package 'planning' build argument 'catkin_cmake_args' from command line to 'None'
[0.458s] Level 5:colcon.colcon_core.verb:set package 'planning' build argument 'catkin_skip_building_tests' from command line to 'False'
[0.458s] DEBUG:colcon.colcon_core.verb:Building package 'planning' with the following arguments: {'ament_cmake_args': None, 'build_base': '/home/panjincheng/Desktop/ws_ROS2PNC/build/planning', 'catkin_cmake_args': None, 'catkin_skip_building_tests': False, 'cmake_args': None, 'cmake_clean_cache': False, 'cmake_clean_first': False, 'cmake_force_configure': False, 'cmake_target': None, 'cmake_target_skip_unavailable': False, 'install_base': '/home/panjincheng/Desktop/ws_ROS2PNC/install/planning', 'merge_install': False, 'path': '/home/panjincheng/Desktop/ws_ROS2PNC/src/planning', 'symlink_install': False, 'test_result_base': None}
[0.458s] INFO:colcon.colcon_core.executor:Executing jobs using 'parallel' executor
[0.459s] DEBUG:colcon.colcon_parallel_executor.executor.parallel:run_until_complete
[0.459s] INFO:colcon.colcon_ros.task.ament_cmake.build:Building ROS package in '/home/panjincheng/Desktop/ws_ROS2PNC/src/base_msgs' with build type 'ament_cmake'
[0.460s] INFO:colcon.colcon_cmake.task.cmake.build:Building CMake package in '/home/panjincheng/Desktop/ws_ROS2PNC/src/base_msgs'
[0.461s] INFO:colcon.colcon_core.plugin_system:Skipping extension 'colcon_core.shell.bat': Not used on non-Windows systems
[0.461s] INFO:colcon.colcon_core.shell:Skip shell extension 'powershell' for command environment: Not usable outside of PowerShell
[0.461s] DEBUG:colcon.colcon_core.shell:Skip shell extension 'dsv' for command environment
[0.472s] DEBUG:colcon.colcon_core.event_handler.log_command:Invoking command in '/home/panjincheng/Desktop/ws_ROS2PNC/build/base_msgs': CMAKE_PREFIX_PATH=${CMAKE_PREFIX_PATH}:/home/panjincheng/Desktop/ws_ROS2PNC/install/data_plot:/opt/ros/galactic CONDA_PROMPT_MODIFIER=(base) /home/panjincheng/miniconda3/bin/cmake --build /home/panjincheng/Desktop/ws_ROS2PNC/build/base_msgs -- -j16 -l16
[0.492s] DEBUG:colcon.colcon_core.event_handler.log_command:Invoked command in '/home/panjincheng/Desktop/ws_ROS2PNC/build/base_msgs' returned '0': CMAKE_PREFIX_PATH=${CMAKE_PREFIX_PATH}:/home/panjincheng/Desktop/ws_ROS2PNC/install/data_plot:/opt/ros/galactic CONDA_PROMPT_MODIFIER=(base) /home/panjincheng/miniconda3/bin/cmake --build /home/panjincheng/Desktop/ws_ROS2PNC/build/base_msgs -- -j16 -l16
[0.500s] DEBUG:colcon.colcon_core.event_handler.log_command:Invoking command in '/home/panjincheng/Desktop/ws_ROS2PNC/build/base_msgs': CMAKE_PREFIX_PATH=${CMAKE_PREFIX_PATH}:/home/panjincheng/Desktop/ws_ROS2PNC/install/data_plot:/opt/ros/galactic CONDA_PROMPT_MODIFIER=(base) /home/panjincheng/miniconda3/bin/cmake --install /home/panjincheng/Desktop/ws_ROS2PNC/build/base_msgs
[0.505s] Level 1:colcon.colcon_core.environment:create_environment_scripts_only(base_msgs)
[0.506s] DEBUG:colcon.colcon_core.event_handler.log_command:Invoked command in '/home/panjincheng/Desktop/ws_ROS2PNC/build/base_msgs' returned '0': CMAKE_PREFIX_PATH=${CMAKE_PREFIX_PATH}:/home/panjincheng/Desktop/ws_ROS2PNC/install/data_plot:/opt/ros/galactic CONDA_PROMPT_MODIFIER=(base) /home/panjincheng/miniconda3/bin/cmake --install /home/panjincheng/Desktop/ws_ROS2PNC/build/base_msgs
[0.508s] Level 1:colcon.colcon_core.environment:checking '/home/panjincheng/Desktop/ws_ROS2PNC/install/base_msgs' for CMake module files
[0.509s] Level 1:colcon.colcon_core.environment:checking '/home/panjincheng/Desktop/ws_ROS2PNC/install/base_msgs' for CMake config files
[0.509s] Level 1:colcon.colcon_core.shell:create_environment_hook('base_msgs', 'cmake_prefix_path')
[0.509s] INFO:colcon.colcon_core.shell:Creating environment hook '/home/panjincheng/Desktop/ws_ROS2PNC/install/base_msgs/share/base_msgs/hook/cmake_prefix_path.ps1'
[0.510s] INFO:colcon.colcon_core.shell:Creating environment descriptor '/home/panjincheng/Desktop/ws_ROS2PNC/install/base_msgs/share/base_msgs/hook/cmake_prefix_path.dsv'
[0.510s] INFO:colcon.colcon_core.shell:Creating environment hook '/home/panjincheng/Desktop/ws_ROS2PNC/install/base_msgs/share/base_msgs/hook/cmake_prefix_path.sh'
[0.511s] Level 1:colcon.colcon_core.environment:checking '/home/panjincheng/Desktop/ws_ROS2PNC/install/base_msgs/bin'
[0.511s] Level 1:colcon.colcon_core.environment:checking '/home/panjincheng/Desktop/ws_ROS2PNC/install/base_msgs/lib/pkgconfig/base_msgs.pc'
[0.511s] Level 1:colcon.colcon_core.environment:checking '/home/panjincheng/Desktop/ws_ROS2PNC/install/base_msgs/lib/python3.8/site-packages'
[0.511s] Level 1:colcon.colcon_core.environment:checking '/home/panjincheng/Desktop/ws_ROS2PNC/install/base_msgs/bin'
[0.512s] INFO:colcon.colcon_core.shell:Creating package script '/home/panjincheng/Desktop/ws_ROS2PNC/install/base_msgs/share/base_msgs/package.ps1'
[0.512s] INFO:colcon.colcon_core.shell:Creating package descriptor '/home/panjincheng/Desktop/ws_ROS2PNC/install/base_msgs/share/base_msgs/package.dsv'
[0.513s] INFO:colcon.colcon_core.shell:Creating package script '/home/panjincheng/Desktop/ws_ROS2PNC/install/base_msgs/share/base_msgs/package.sh'
[0.513s] INFO:colcon.colcon_core.shell:Creating package script '/home/panjincheng/Desktop/ws_ROS2PNC/install/base_msgs/share/base_msgs/package.bash'
[0.514s] INFO:colcon.colcon_core.shell:Creating package script '/home/panjincheng/Desktop/ws_ROS2PNC/install/base_msgs/share/base_msgs/package.zsh'
[0.515s] Level 1:colcon.colcon_core.environment:create_file_with_runtime_dependencies(/home/panjincheng/Desktop/ws_ROS2PNC/install/base_msgs/share/colcon-core/packages/base_msgs)
[0.515s] Level 1:colcon.colcon_core.environment:create_environment_scripts_only(base_msgs)
[0.516s] Level 1:colcon.colcon_core.environment:checking '/home/panjincheng/Desktop/ws_ROS2PNC/install/base_msgs' for CMake module files
[0.516s] Level 1:colcon.colcon_core.environment:checking '/home/panjincheng/Desktop/ws_ROS2PNC/install/base_msgs' for CMake config files
[0.516s] Level 1:colcon.colcon_core.shell:create_environment_hook('base_msgs', 'cmake_prefix_path')
[0.517s] INFO:colcon.colcon_core.shell:Creating environment hook '/home/panjincheng/Desktop/ws_ROS2PNC/install/base_msgs/share/base_msgs/hook/cmake_prefix_path.ps1'
[0.517s] INFO:colcon.colcon_core.shell:Creating environment descriptor '/home/panjincheng/Desktop/ws_ROS2PNC/install/base_msgs/share/base_msgs/hook/cmake_prefix_path.dsv'
[0.517s] INFO:colcon.colcon_core.shell:Creating environment hook '/home/panjincheng/Desktop/ws_ROS2PNC/install/base_msgs/share/base_msgs/hook/cmake_prefix_path.sh'
[0.518s] Level 1:colcon.colcon_core.environment:checking '/home/panjincheng/Desktop/ws_ROS2PNC/install/base_msgs/bin'
[0.518s] Level 1:colcon.colcon_core.environment:checking '/home/panjincheng/Desktop/ws_ROS2PNC/install/base_msgs/lib/pkgconfig/base_msgs.pc'
[0.518s] Level 1:colcon.colcon_core.environment:checking '/home/panjincheng/Desktop/ws_ROS2PNC/install/base_msgs/lib/python3.8/site-packages'
[0.518s] Level 1:colcon.colcon_core.environment:checking '/home/panjincheng/Desktop/ws_ROS2PNC/install/base_msgs/bin'
[0.519s] INFO:colcon.colcon_core.shell:Creating package script '/home/panjincheng/Desktop/ws_ROS2PNC/install/base_msgs/share/base_msgs/package.ps1'
[0.519s] INFO:colcon.colcon_core.shell:Creating package descriptor '/home/panjincheng/Desktop/ws_ROS2PNC/install/base_msgs/share/base_msgs/package.dsv'
[0.520s] INFO:colcon.colcon_core.shell:Creating package script '/home/panjincheng/Desktop/ws_ROS2PNC/install/base_msgs/share/base_msgs/package.sh'
[0.520s] INFO:colcon.colcon_core.shell:Creating package script '/home/panjincheng/Desktop/ws_ROS2PNC/install/base_msgs/share/base_msgs/package.bash'
[0.521s] INFO:colcon.colcon_core.shell:Creating package script '/home/panjincheng/Desktop/ws_ROS2PNC/install/base_msgs/share/base_msgs/package.zsh'
[0.521s] Level 1:colcon.colcon_core.environment:create_file_with_runtime_dependencies(/home/panjincheng/Desktop/ws_ROS2PNC/install/base_msgs/share/colcon-core/packages/base_msgs)
[0.521s] INFO:colcon.colcon_ros.task.ament_python.build:Building ROS package in '/home/panjincheng/Desktop/ws_ROS2PNC/src/data_plot' with build type 'ament_python'
[0.522s] Level 1:colcon.colcon_core.shell:create_environment_hook('data_plot', 'ament_prefix_path')
[0.522s] INFO:colcon.colcon_core.shell:Creating environment hook '/home/panjincheng/Desktop/ws_ROS2PNC/install/data_plot/share/data_plot/hook/ament_prefix_path.ps1'
[0.522s] INFO:colcon.colcon_core.shell:Creating environment descriptor '/home/panjincheng/Desktop/ws_ROS2PNC/install/data_plot/share/data_plot/hook/ament_prefix_path.dsv'
[0.523s] INFO:colcon.colcon_core.shell:Creating environment hook '/home/panjincheng/Desktop/ws_ROS2PNC/install/data_plot/share/data_plot/hook/ament_prefix_path.sh'
[0.523s] INFO:colcon.colcon_core.shell:Skip shell extension 'powershell' for command environment: Not usable outside of PowerShell
[0.523s] DEBUG:colcon.colcon_core.shell:Skip shell extension 'dsv' for command environment
[0.527s] INFO:colcon.colcon_ros.task.ament_cmake.build:Building ROS package in '/home/panjincheng/Desktop/ws_ROS2PNC/src/planning' with build type 'ament_cmake'
[0.527s] INFO:colcon.colcon_cmake.task.cmake.build:Building CMake package in '/home/panjincheng/Desktop/ws_ROS2PNC/src/planning'
[0.528s] INFO:colcon.colcon_core.shell:Skip shell extension 'powershell' for command environment: Not usable outside of PowerShell
[0.528s] DEBUG:colcon.colcon_core.shell:Skip shell extension 'dsv' for command environment
[0.746s] INFO:colcon.colcon_core.task.python.build:Building Python package in '/home/panjincheng/Desktop/ws_ROS2PNC/src/data_plot'
[0.747s] INFO:colcon.colcon_core.shell:Skip shell extension 'powershell' for command environment: Not usable outside of PowerShell
[0.747s] DEBUG:colcon.colcon_core.shell:Skip shell extension 'dsv' for command environment
[0.758s] DEBUG:colcon.colcon_core.event_handler.log_command:Invoking command in '/home/panjincheng/Desktop/ws_ROS2PNC/build/planning': CMAKE_PREFIX_PATH=/home/panjincheng/Desktop/ws_ROS2PNC/install/base_msgs:/home/panjincheng/Desktop/ws_ROS2PNC/install/planning:/home/panjincheng/Desktop/ws_ROS2PNC/install/data_plot:/opt/ros/galactic CONDA_PROMPT_MODIFIER=(base) /home/panjincheng/miniconda3/bin/cmake --build /home/panjincheng/Desktop/ws_ROS2PNC/build/planning -- -j16 -l16
[1.140s] DEBUG:colcon.colcon_core.event_handler.log_command:Invoking command in '/home/panjincheng/Desktop/ws_ROS2PNC/src/data_plot': CMAKE_PREFIX_PATH=/home/panjincheng/Desktop/ws_ROS2PNC/install/base_msgs:/home/panjincheng/Desktop/ws_ROS2PNC/install/planning CONDA_PROMPT_MODIFIER=(base) PYTHONPATH=/home/panjincheng/Desktop/ws_ROS2PNC/build/data_plot/prefix_override:/usr/lib/python3/dist-packages/colcon_core/task/python/colcon_distutils_commands:/home/panjincheng/Desktop/ws_ROS2PNC/install/data_plot/lib/python3.8/site-packages:${PYTHONPATH} /usr/bin/python3 -W ignore:setup.py install is deprecated -W ignore:easy_install command is deprecated setup.py egg_info --egg-base ../../build/data_plot build --build-base /home/panjincheng/Desktop/ws_ROS2PNC/build/data_plot/build install --record /home/panjincheng/Desktop/ws_ROS2PNC/build/data_plot/install.log --single-version-externally-managed install_data
[1.441s] Level 1:colcon.colcon_core.environment:checking '/home/panjincheng/Desktop/ws_ROS2PNC/install/data_plot' for CMake module files
[1.441s] DEBUG:colcon.colcon_core.event_handler.log_command:Invoked command in '/home/panjincheng/Desktop/ws_ROS2PNC/src/data_plot' returned '0': CMAKE_PREFIX_PATH=/home/panjincheng/Desktop/ws_ROS2PNC/install/base_msgs:/home/panjincheng/Desktop/ws_ROS2PNC/install/planning CONDA_PROMPT_MODIFIER=(base) PYTHONPATH=/home/panjincheng/Desktop/ws_ROS2PNC/build/data_plot/prefix_override:/usr/lib/python3/dist-packages/colcon_core/task/python/colcon_distutils_commands:/home/panjincheng/Desktop/ws_ROS2PNC/install/data_plot/lib/python3.8/site-packages:${PYTHONPATH} /usr/bin/python3 -W ignore:setup.py install is deprecated -W ignore:easy_install command is deprecated setup.py egg_info --egg-base ../../build/data_plot build --build-base /home/panjincheng/Desktop/ws_ROS2PNC/build/data_plot/build install --record /home/panjincheng/Desktop/ws_ROS2PNC/build/data_plot/install.log --single-version-externally-managed install_data
[1.442s] Level 1:colcon.colcon_core.environment:checking '/home/panjincheng/Desktop/ws_ROS2PNC/install/data_plot' for CMake config files
[1.442s] Level 1:colcon.colcon_core.environment:checking '/home/panjincheng/Desktop/ws_ROS2PNC/install/data_plot/lib'
[1.443s] Level 1:colcon.colcon_core.environment:checking '/home/panjincheng/Desktop/ws_ROS2PNC/install/data_plot/bin'
[1.443s] Level 1:colcon.colcon_core.environment:checking '/home/panjincheng/Desktop/ws_ROS2PNC/install/data_plot/lib/pkgconfig/data_plot.pc'
[1.443s] Level 1:colcon.colcon_core.environment:checking '/home/panjincheng/Desktop/ws_ROS2PNC/install/data_plot/lib/python3.8/site-packages'
[1.443s] Level 1:colcon.colcon_core.shell:create_environment_hook('data_plot', 'pythonpath')
[1.443s] INFO:colcon.colcon_core.shell:Creating environment hook '/home/panjincheng/Desktop/ws_ROS2PNC/install/data_plot/share/data_plot/hook/pythonpath.ps1'
[1.444s] INFO:colcon.colcon_core.shell:Creating environment descriptor '/home/panjincheng/Desktop/ws_ROS2PNC/install/data_plot/share/data_plot/hook/pythonpath.dsv'
[1.444s] INFO:colcon.colcon_core.shell:Creating environment hook '/home/panjincheng/Desktop/ws_ROS2PNC/install/data_plot/share/data_plot/hook/pythonpath.sh'
[1.445s] Level 1:colcon.colcon_core.environment:checking '/home/panjincheng/Desktop/ws_ROS2PNC/install/data_plot/bin'
[1.445s] Level 1:colcon.colcon_core.environment:create_environment_scripts_only(data_plot)
[1.445s] INFO:colcon.colcon_core.shell:Creating package script '/home/panjincheng/Desktop/ws_ROS2PNC/install/data_plot/share/data_plot/package.ps1'
[1.446s] INFO:colcon.colcon_core.shell:Creating package descriptor '/home/panjincheng/Desktop/ws_ROS2PNC/install/data_plot/share/data_plot/package.dsv'
[1.446s] INFO:colcon.colcon_core.shell:Creating package script '/home/panjincheng/Desktop/ws_ROS2PNC/install/data_plot/share/data_plot/package.sh'
[1.447s] INFO:colcon.colcon_core.shell:Creating package script '/home/panjincheng/Desktop/ws_ROS2PNC/install/data_plot/share/data_plot/package.bash'
[1.447s] INFO:colcon.colcon_core.shell:Creating package script '/home/panjincheng/Desktop/ws_ROS2PNC/install/data_plot/share/data_plot/package.zsh'
[1.448s] Level 1:colcon.colcon_core.environment:create_file_with_runtime_dependencies(/home/panjincheng/Desktop/ws_ROS2PNC/install/data_plot/share/colcon-core/packages/data_plot)
[3.013s] DEBUG:colcon.colcon_core.event_handler.log_command:Invoked command in '/home/panjincheng/Desktop/ws_ROS2PNC/build/planning' returned '2': CMAKE_PREFIX_PATH=/home/panjincheng/Desktop/ws_ROS2PNC/install/base_msgs:/home/panjincheng/Desktop/ws_ROS2PNC/install/planning:/home/panjincheng/Desktop/ws_ROS2PNC/install/data_plot:/opt/ros/galactic CONDA_PROMPT_MODIFIER=(base) /home/panjincheng/miniconda3/bin/cmake --build /home/panjincheng/Desktop/ws_ROS2PNC/build/planning -- -j16 -l16
[3.013s] Level 1:colcon.colcon_core.environment:create_environment_scripts_only(planning)
[3.014s] Level 1:colcon.colcon_core.environment:checking '/home/panjincheng/Desktop/ws_ROS2PNC/install/planning' for CMake module files
[3.014s] Level 1:colcon.colcon_core.environment:checking '/home/panjincheng/Desktop/ws_ROS2PNC/install/planning' for CMake config files
[3.014s] Level 1:colcon.colcon_core.shell:create_environment_hook('planning', 'cmake_prefix_path')
[3.014s] INFO:colcon.colcon_core.shell:Creating environment hook '/home/panjincheng/Desktop/ws_ROS2PNC/install/planning/share/planning/hook/cmake_prefix_path.ps1'
[3.015s] INFO:colcon.colcon_core.shell:Creating environment descriptor '/home/panjincheng/Desktop/ws_ROS2PNC/install/planning/share/planning/hook/cmake_prefix_path.dsv'
[3.015s] INFO:colcon.colcon_core.shell:Creating environment hook '/home/panjincheng/Desktop/ws_ROS2PNC/install/planning/share/planning/hook/cmake_prefix_path.sh'
[3.016s] Level 1:colcon.colcon_core.environment:checking '/home/panjincheng/Desktop/ws_ROS2PNC/install/planning/lib'
[3.016s] Level 1:colcon.colcon_core.environment:checking '/home/panjincheng/Desktop/ws_ROS2PNC/install/planning/bin'
[3.016s] Level 1:colcon.colcon_core.environment:checking '/home/panjincheng/Desktop/ws_ROS2PNC/install/planning/lib/pkgconfig/planning.pc'
[3.016s] Level 1:colcon.colcon_core.environment:checking '/home/panjincheng/Desktop/ws_ROS2PNC/install/planning/lib/python3.8/site-packages'
[3.016s] Level 1:colcon.colcon_core.environment:checking '/home/panjincheng/Desktop/ws_ROS2PNC/install/planning/bin'
[3.017s] INFO:colcon.colcon_core.shell:Creating package script '/home/panjincheng/Desktop/ws_ROS2PNC/install/planning/share/planning/package.ps1'
[3.017s] INFO:colcon.colcon_core.shell:Creating package descriptor '/home/panjincheng/Desktop/ws_ROS2PNC/install/planning/share/planning/package.dsv'
[3.018s] INFO:colcon.colcon_core.shell:Creating package script '/home/panjincheng/Desktop/ws_ROS2PNC/install/planning/share/planning/package.sh'
[3.018s] INFO:colcon.colcon_core.shell:Creating package script '/home/panjincheng/Desktop/ws_ROS2PNC/install/planning/share/planning/package.bash'
[3.019s] INFO:colcon.colcon_core.shell:Creating package script '/home/panjincheng/Desktop/ws_ROS2PNC/install/planning/share/planning/package.zsh'
[3.019s] Level 1:colcon.colcon_core.environment:create_file_with_runtime_dependencies(/home/panjincheng/Desktop/ws_ROS2PNC/install/planning/share/colcon-core/packages/planning)
[3.020s] DEBUG:colcon.colcon_parallel_executor.executor.parallel:closing loop
[3.020s] DEBUG:colcon.colcon_parallel_executor.executor.parallel:loop closed
[3.020s] DEBUG:colcon.colcon_parallel_executor.executor.parallel:run_until_complete finished with '2'
[3.020s] DEBUG:colcon.colcon_core.event_reactor:joining thread
[3.026s] INFO:colcon.colcon_core.plugin_system:Skipping extension 'colcon_notification.desktop_notification.terminal_notifier': Not used on non-Darwin systems
[3.026s] INFO:colcon.colcon_core.plugin_system:Skipping extension 'colcon_notification.desktop_notification.win32': Not used on non-Windows systems
[3.026s] INFO:colcon.colcon_notification.desktop_notification:Sending desktop notification using 'notify2'
[3.044s] DEBUG:colcon.colcon_core.event_reactor:joined thread
[3.045s] INFO:colcon.colcon_core.shell:Creating prefix script '/home/panjincheng/Desktop/ws_ROS2PNC/install/local_setup.ps1'
[3.047s] INFO:colcon.colcon_core.shell:Creating prefix util module '/home/panjincheng/Desktop/ws_ROS2PNC/install/_local_setup_util_ps1.py'
[3.049s] INFO:colcon.colcon_core.shell:Creating prefix chain script '/home/panjincheng/Desktop/ws_ROS2PNC/install/setup.ps1'
[3.051s] INFO:colcon.colcon_core.shell:Creating prefix script '/home/panjincheng/Desktop/ws_ROS2PNC/install/local_setup.sh'
[3.052s] INFO:colcon.colcon_core.shell:Creating prefix util module '/home/panjincheng/Desktop/ws_ROS2PNC/install/_local_setup_util_sh.py'
[3.053s] INFO:colcon.colcon_core.shell:Creating prefix chain script '/home/panjincheng/Desktop/ws_ROS2PNC/install/setup.sh'
[3.054s] INFO:colcon.colcon_core.shell:Creating prefix script '/home/panjincheng/Desktop/ws_ROS2PNC/install/local_setup.bash'
[3.055s] INFO:colcon.colcon_core.shell:Creating prefix chain script '/home/panjincheng/Desktop/ws_ROS2PNC/install/setup.bash'
[3.056s] INFO:colcon.colcon_core.shell:Creating prefix script '/home/panjincheng/Desktop/ws_ROS2PNC/install/local_setup.zsh'
[3.057s] INFO:colcon.colcon_core.shell:Creating prefix chain script '/home/panjincheng/Desktop/ws_ROS2PNC/install/setup.zsh'
