[0.700s] Invoking command in '/home/panjincheng/Desktop/ws_ROS2PNC/src/data_plot': AMENT_PREFIX_PATH=/home/panjincheng/Desktop/ws_ROS2PNC/install/base_msgs:${AMENT_PREFIX_PATH} CMAKE_PREFIX_PATH=/home/panjincheng/Desktop/ws_ROS2PNC/install/base_msgs CONDA_PROMPT_MODIFIER=(base) PYTHONPATH=/home/panjincheng/Desktop/ws_ROS2PNC/build/data_plot/prefix_override:/usr/lib/python3/dist-packages/colcon_core/task/python/colcon_distutils_commands:/home/panjincheng/Desktop/ws_ROS2PNC/install/data_plot/lib/python3.8/site-packages:${PYTHONPATH} /usr/bin/python3 -W ignore:setup.py install is deprecated -W ignore:easy_install command is deprecated setup.py egg_info --egg-base ../../build/data_plot build --build-base /home/panjincheng/Desktop/ws_ROS2PNC/build/data_plot/build install --record /home/panjincheng/Desktop/ws_ROS2PNC/build/data_plot/install.log --single-version-externally-managed install_data
[0.912s] running egg_info
[0.912s] writing ../../build/data_plot/data_plot.egg-info/PKG-INFO
[0.913s] writing dependency_links to ../../build/data_plot/data_plot.egg-info/dependency_links.txt
[0.913s] writing entry points to ../../build/data_plot/data_plot.egg-info/entry_points.txt
[0.913s] writing requirements to ../../build/data_plot/data_plot.egg-info/requires.txt
[0.913s] writing top-level names to ../../build/data_plot/data_plot.egg-info/top_level.txt
[0.947s] reading manifest file '../../build/data_plot/data_plot.egg-info/SOURCES.txt'
[0.948s] writing manifest file '../../build/data_plot/data_plot.egg-info/SOURCES.txt'
[0.948s] running build
[0.949s] running build_py
[0.949s] running install
[0.949s] running install_lib
[0.951s] running install_data
[0.951s] running install_egg_info
[0.952s] removing '/home/panjincheng/Desktop/ws_ROS2PNC/install/data_plot/lib/python3.8/site-packages/data_plot-0.0.0-py3.8.egg-info' (and everything under it)
[0.953s] Copying ../../build/data_plot/data_plot.egg-info to /home/panjincheng/Desktop/ws_ROS2PNC/install/data_plot/lib/python3.8/site-packages/data_plot-0.0.0-py3.8.egg-info
[0.954s] running install_scripts
[0.970s] Installing data_plot script to /home/panjincheng/Desktop/ws_ROS2PNC/install/data_plot/lib/data_plot
[0.970s] writing list of installed files to '/home/panjincheng/Desktop/ws_ROS2PNC/build/data_plot/install.log'
[0.989s] Invoked command in '/home/panjincheng/Desktop/ws_ROS2PNC/src/data_plot' returned '0': AMENT_PREFIX_PATH=/home/panjincheng/Desktop/ws_ROS2PNC/install/base_msgs:${AMENT_PREFIX_PATH} CMAKE_PREFIX_PATH=/home/panjincheng/Desktop/ws_ROS2PNC/install/base_msgs CONDA_PROMPT_MODIFIER=(base) PYTHONPATH=/home/panjincheng/Desktop/ws_ROS2PNC/build/data_plot/prefix_override:/usr/lib/python3/dist-packages/colcon_core/task/python/colcon_distutils_commands:/home/panjincheng/Desktop/ws_ROS2PNC/install/data_plot/lib/python3.8/site-packages:${PYTHONPATH} /usr/bin/python3 -W ignore:setup.py install is deprecated -W ignore:easy_install command is deprecated setup.py egg_info --egg-base ../../build/data_plot build --build-base /home/panjincheng/Desktop/ws_ROS2PNC/build/data_plot/build install --record /home/panjincheng/Desktop/ws_ROS2PNC/build/data_plot/install.log --single-version-externally-managed install_data
