[0.006s] Invoking command in '/home/apan/Desktop/ROS2PNC/build/base_msgs': CMAKE_PREFIX_PATH=/opt/ros/humble CONDA_PROMPT_MODIFIER=(base) /usr/bin/cmake /home/apan/Desktop/ROS2PNC/src/base_msgs -DCMAKE_INSTALL_PREFIX=/home/apan/Desktop/ROS2PNC/install/base_msgs
[0.012s] -- Found ament_cmake: 1.3.11 (/opt/ros/humble/share/ament_cmake/cmake)
[0.087s] -- Found rosidl_default_generators: 1.2.0 (/opt/ros/humble/share/rosidl_default_generators/cmake)
[0.088s] -- Using all available rosidl_typesupport_c: rosidl_typesupport_fastrtps_c;rosidl_typesupport_introspection_c
[0.089s] -- Found rosidl_adapter: 3.1.6 (/opt/ros/humble/share/rosidl_adapter/cmake)
[0.104s] -- Using all available rosidl_typesupport_cpp: rosidl_typesupport_fastrtps_cpp;rosidl_typesupport_introspection_cpp
[0.117s] -- Found visualization_msgs: 4.2.4 (/opt/ros/humble/share/visualization_msgs/cmake)
[0.154s] -- Found nav_msgs: 4.2.4 (/opt/ros/humble/share/nav_msgs/cmake)
[0.162s] -- Found ament_lint_auto: 0.12.11 (/opt/ros/humble/share/ament_lint_auto/cmake)
[0.176s] Traceback (most recent call last):
[0.176s]   File "/opt/ros/humble/share/ament_cmake_core/cmake/core/package_xml_2_cmake.py", line 22, in <module>
[0.176s]     from catkin_pkg.package import parse_package_string
[0.176s] ModuleNotFoundError: No module named 'catkin_pkg'
[0.178s] [31mCMake Error at /opt/ros/humble/share/ament_cmake_core/cmake/core/ament_package_xml.cmake:95 (message):
[0.178s]   execute_process(/home/apan/anaconda3/bin/python3
[0.178s]   /opt/ros/humble/share/ament_cmake_core/cmake/core/package_xml_2_cmake.py
[0.178s]   /home/apan/Desktop/ROS2PNC/src/base_msgs/package.xml
[0.178s]   /home/apan/Desktop/ROS2PNC/build/base_msgs/ament_cmake_core/package.cmake)
[0.178s]   returned error code 1
[0.178s] Call Stack (most recent call first):
[0.178s]   /opt/ros/humble/share/ament_cmake_core/cmake/core/ament_package_xml.cmake:49 (_ament_package_xml)
[0.178s]   /opt/ros/humble/share/ament_lint_auto/cmake/ament_lint_auto_find_test_dependencies.cmake:31 (ament_package_xml)
[0.178s]   CMakeLists.txt:48 (ament_lint_auto_find_test_dependencies)
[0.178s] 
[0.178s] [0m
[0.178s] -- Configuring incomplete, errors occurred!
[0.179s] See also "/home/apan/Desktop/ROS2PNC/build/base_msgs/CMakeFiles/CMakeOutput.log".
[0.181s] Invoked command in '/home/apan/Desktop/ROS2PNC/build/base_msgs' returned '1': CMAKE_PREFIX_PATH=/opt/ros/humble CONDA_PROMPT_MODIFIER=(base) /usr/bin/cmake /home/apan/Desktop/ROS2PNC/src/base_msgs -DCMAKE_INSTALL_PREFIX=/home/apan/Desktop/ROS2PNC/install/base_msgs
