[0.018s] Invoking command in '/home/apan/Desktop/ws_ROS2PNC/build/planning': CMAKE_PREFIX_PATH=${CMAKE_PREFIX_PATH}:/home/apan/Desktop/ws_ROS2PNC/install/data_plot:/opt/ros/humble CONDA_PROMPT_MODIFIER=(base) /home/apan/anaconda3/bin/cmake --build /home/apan/Desktop/ws_ROS2PNC/build/planning -- -j16 -l16
[0.043s] [100%] Built target planning_node
[0.070s] Invoked command in '/home/apan/Desktop/ws_ROS2PNC/build/planning' returned '0': CMAKE_PREFIX_PATH=${CMAKE_PREFIX_PATH}:/home/apan/Desktop/ws_ROS2PNC/install/data_plot:/opt/ros/humble CONDA_PROMPT_MODIFIER=(base) /home/apan/anaconda3/bin/cmake --build /home/apan/Desktop/ws_ROS2PNC/build/planning -- -j16 -l16
[0.073s] Invoking command in '/home/apan/Desktop/ws_ROS2PNC/build/planning': CMAKE_PREFIX_PATH=${CMAKE_PREFIX_PATH}:/home/apan/Desktop/ws_ROS2PNC/install/data_plot:/opt/ros/humble CONDA_PROMPT_MODIFIER=(base) /home/apan/anaconda3/bin/cmake --install /home/apan/Desktop/ws_ROS2PNC/build/planning
[0.076s] -- Install configuration: ""
[0.077s] -- Up-to-date: /home/apan/Desktop/ws_ROS2PNC/install/planning/lib/planning/planning_node
[0.077s] -- Up-to-date: /home/apan/Desktop/ws_ROS2PNC/install/planning/share/ament_index/resource_index/package_run_dependencies/planning
[0.077s] -- Up-to-date: /home/apan/Desktop/ws_ROS2PNC/install/planning/share/ament_index/resource_index/parent_prefix_path/planning
[0.077s] -- Up-to-date: /home/apan/Desktop/ws_ROS2PNC/install/planning/share/planning/environment/ament_prefix_path.sh
[0.077s] -- Up-to-date: /home/apan/Desktop/ws_ROS2PNC/install/planning/share/planning/environment/ament_prefix_path.dsv
[0.077s] -- Up-to-date: /home/apan/Desktop/ws_ROS2PNC/install/planning/share/planning/environment/path.sh
[0.077s] -- Up-to-date: /home/apan/Desktop/ws_ROS2PNC/install/planning/share/planning/environment/path.dsv
[0.077s] -- Up-to-date: /home/apan/Desktop/ws_ROS2PNC/install/planning/share/planning/local_setup.bash
[0.077s] -- Up-to-date: /home/apan/Desktop/ws_ROS2PNC/install/planning/share/planning/local_setup.sh
[0.077s] -- Up-to-date: /home/apan/Desktop/ws_ROS2PNC/install/planning/share/planning/local_setup.zsh
[0.077s] -- Up-to-date: /home/apan/Desktop/ws_ROS2PNC/install/planning/share/planning/local_setup.dsv
[0.078s] -- Installing: /home/apan/Desktop/ws_ROS2PNC/install/planning/share/planning/package.dsv
[0.078s] -- Up-to-date: /home/apan/Desktop/ws_ROS2PNC/install/planning/share/ament_index/resource_index/packages/planning
[0.078s] -- Up-to-date: /home/apan/Desktop/ws_ROS2PNC/install/planning/share/planning/cmake/planningConfig.cmake
[0.078s] -- Up-to-date: /home/apan/Desktop/ws_ROS2PNC/install/planning/share/planning/cmake/planningConfig-version.cmake
[0.078s] -- Up-to-date: /home/apan/Desktop/ws_ROS2PNC/install/planning/share/planning/package.xml
[0.323s] Invoked command in '/home/apan/Desktop/ws_ROS2PNC/build/planning' returned '0': CMAKE_PREFIX_PATH=${CMAKE_PREFIX_PATH}:/home/apan/Desktop/ws_ROS2PNC/install/data_plot:/opt/ros/humble CONDA_PROMPT_MODIFIER=(base) /home/apan/anaconda3/bin/cmake --install /home/apan/Desktop/ws_ROS2PNC/build/planning
