[0.262s] Invoking command in '/home/panjincheng/Desktop/ws_ROS2PNC/build/planning': CMAKE_PREFIX_PATH=${CMAKE_PREFIX_PATH}:/home/panjincheng/Desktop/ws_ROS2PNC/install/data_plot:/opt/ros/galactic CONDA_PROMPT_MODIFIER=(base) /home/panjincheng/miniconda3/bin/cmake --build /home/panjincheng/Desktop/ws_ROS2PNC/build/planning -- -j16 -l16
[0.288s] [100%] Built target planning_node
[0.293s] Invoked command in '/home/panjincheng/Desktop/ws_ROS2PNC/build/planning' returned '0': CMAKE_PREFIX_PATH=${CMAKE_PREFIX_PATH}:/home/panjincheng/Desktop/ws_ROS2PNC/install/data_plot:/opt/ros/galactic CONDA_PROMPT_MODIFIER=(base) /home/panjincheng/miniconda3/bin/cmake --build /home/panjincheng/Desktop/ws_ROS2PNC/build/planning -- -j16 -l16
[0.302s] Invoking command in '/home/panjincheng/Desktop/ws_ROS2PNC/build/planning': CMAKE_PREFIX_PATH=${CMAKE_PREFIX_PATH}:/home/panjincheng/Desktop/ws_ROS2PNC/install/data_plot:/opt/ros/galactic CONDA_PROMPT_MODIFIER=(base) /home/panjincheng/miniconda3/bin/cmake --install /home/panjincheng/Desktop/ws_ROS2PNC/build/planning
[0.306s] -- Install configuration: ""
[0.306s] -- Up-to-date: /home/panjincheng/Desktop/ws_ROS2PNC/install/planning/lib/planning/planning_node
[0.306s] -- Up-to-date: /home/panjincheng/Desktop/ws_ROS2PNC/install/planning/share/ament_index/resource_index/package_run_dependencies/planning
[0.307s] -- Up-to-date: /home/panjincheng/Desktop/ws_ROS2PNC/install/planning/share/ament_index/resource_index/parent_prefix_path/planning
[0.307s] -- Up-to-date: /home/panjincheng/Desktop/ws_ROS2PNC/install/planning/share/planning/environment/ament_prefix_path.sh
[0.307s] -- Up-to-date: /home/panjincheng/Desktop/ws_ROS2PNC/install/planning/share/planning/environment/ament_prefix_path.dsv
[0.307s] -- Up-to-date: /home/panjincheng/Desktop/ws_ROS2PNC/install/planning/share/planning/environment/path.sh
[0.307s] -- Up-to-date: /home/panjincheng/Desktop/ws_ROS2PNC/install/planning/share/planning/environment/path.dsv
[0.307s] -- Up-to-date: /home/panjincheng/Desktop/ws_ROS2PNC/install/planning/share/planning/local_setup.bash
[0.307s] -- Up-to-date: /home/panjincheng/Desktop/ws_ROS2PNC/install/planning/share/planning/local_setup.sh
[0.307s] -- Up-to-date: /home/panjincheng/Desktop/ws_ROS2PNC/install/planning/share/planning/local_setup.zsh
[0.307s] -- Up-to-date: /home/panjincheng/Desktop/ws_ROS2PNC/install/planning/share/planning/local_setup.dsv
[0.307s] -- Up-to-date: /home/panjincheng/Desktop/ws_ROS2PNC/install/planning/share/planning/package.dsv
[0.307s] -- Up-to-date: /home/panjincheng/Desktop/ws_ROS2PNC/install/planning/share/ament_index/resource_index/packages/planning
[0.307s] -- Up-to-date: /home/panjincheng/Desktop/ws_ROS2PNC/install/planning/share/planning/cmake/planningConfig.cmake
[0.308s] -- Up-to-date: /home/panjincheng/Desktop/ws_ROS2PNC/install/planning/share/planning/cmake/planningConfig-version.cmake
[0.308s] -- Up-to-date: /home/panjincheng/Desktop/ws_ROS2PNC/install/planning/share/planning/package.xml
[0.309s] Invoked command in '/home/panjincheng/Desktop/ws_ROS2PNC/build/planning' returned '0': CMAKE_PREFIX_PATH=${CMAKE_PREFIX_PATH}:/home/panjincheng/Desktop/ws_ROS2PNC/install/data_plot:/opt/ros/galactic CONDA_PROMPT_MODIFIER=(base) /home/panjincheng/miniconda3/bin/cmake --install /home/panjincheng/Desktop/ws_ROS2PNC/build/planning
