-- Found ament_cmake: 1.3.11 (/opt/ros/humble/share/ament_cmake/cmake)
-- Found rclcpp: 16.0.11 (/opt/ros/humble/share/rclcpp/cmake)
-- Found rosidl_generator_c: 3.1.6 (/opt/ros/humble/share/rosidl_generator_c/cmake)
-- Found rosidl_adapter: 3.1.6 (/opt/ros/humble/share/rosidl_adapter/cmake)
-- Found rosidl_generator_cpp: 3.1.6 (/opt/ros/humble/share/rosidl_generator_cpp/cmake)
-- Using all available rosidl_typesupport_c: rosidl_typesupport_fastrtps_c;rosidl_typesupport_introspection_c
-- Using all available rosidl_typesupport_cpp: rosidl_typesupport_fastrtps_cpp;rosidl_typesupport_introspection_cpp
-- Found rmw_implementation_cmake: 6.1.2 (/opt/ros/humble/share/rmw_implementation_cmake/cmake)
-- Found rmw_fastrtps_cpp: 6.2.7 (/opt/ros/humble/share/rmw_fastrtps_cpp/cmake)
-- Using RMW implementation 'rmw_fastrtps_cpp' as default
-- Found tf2: 0.25.11 (/opt/ros/humble/share/tf2/cmake)
-- Found tf2_ros: 0.25.11 (/opt/ros/humble/share/tf2_ros/cmake)
-- Found nav_msgs: 4.2.4 (/opt/ros/humble/share/nav_msgs/cmake)
-- Found visualization_msgs: 4.2.4 (/opt/ros/humble/share/visualization_msgs/cmake)
-- Found base_msgs: 0.0.0 (/home/apan/Desktop/ROS2PNC/install/base_msgs/share/base_msgs/cmake)
-- Configuring done
-- Generating done
-- Build files have been written to: /home/apan/Desktop/ROS2PNC/build/planning
[35m[1mConsolidate compiler generated dependencies of target planning_node[0m
[ 22%] [32mBuilding CXX object src/common/CMakeFiles/mathlibs.dir/math/polynomial_curve.cpp.o[0m
[ 22%] [32mBuilding CXX object src/common/CMakeFiles/mathlibs.dir/math/curve.cpp.o[0m
[ 33%] [32mBuilding CXX object src/common/CMakeFiles/mathlibs.dir/math/vec2d.cpp.o[0m
[ 44%] [32mBuilding CXX object src/common/CMakeFiles/config_reader.dir/config_reader/config_reader.cpp.o[0m
[ 77%] Built target planning_node
[ 88%] [32m[1mLinking CXX shared library libmathlibs.so[0m
[100%] [32m[1mLinking CXX shared library libconfig_reader.so[0m
[100%] Built target mathlibs
[100%] Built target config_reader
-- Install configuration: ""
-- Installing: /home/apan/Desktop/ROS2PNC/install/planning/lib/libconfig_reader.so
-- Set runtime path of "/home/apan/Desktop/ROS2PNC/install/planning/lib/libconfig_reader.so" to ""
-- Installing: /home/apan/Desktop/ROS2PNC/install/planning/lib/libmathlibs.so
-- Set runtime path of "/home/apan/Desktop/ROS2PNC/install/planning/lib/libmathlibs.so" to ""
-- Up-to-date: /home/apan/Desktop/ROS2PNC/install/planning/lib/planning/planning_node
-- Up-to-date: /home/apan/Desktop/ROS2PNC/install/planning/share/planning/config
-- Installing: /home/apan/Desktop/ROS2PNC/install/planning/share/planning/config/.gitkeep
-- Up-to-date: /home/apan/Desktop/ROS2PNC/install/planning/share/planning/launch
-- Installing: /home/apan/Desktop/ROS2PNC/install/planning/share/planning/launch/.gitkeep
-- Up-to-date: /home/apan/Desktop/ROS2PNC/install/planning/share/planning/urdf
-- Up-to-date: /home/apan/Desktop/ROS2PNC/install/planning/share/planning/urdf/main_car
-- Installing: /home/apan/Desktop/ROS2PNC/install/planning/share/planning/urdf/main_car/.gitkeep
-- Up-to-date: /home/apan/Desktop/ROS2PNC/install/planning/share/planning/urdf/obs_car
-- Installing: /home/apan/Desktop/ROS2PNC/install/planning/share/planning/urdf/obs_car/.gitkeep
-- Up-to-date: /home/apan/Desktop/ROS2PNC/install/planning/share/planning/rviz
-- Installing: /home/apan/Desktop/ROS2PNC/install/planning/share/planning/rviz/.gitkeep
-- Up-to-date: /home/apan/Desktop/ROS2PNC/install/planning/share/ament_index/resource_index/package_run_dependencies/planning
-- Up-to-date: /home/apan/Desktop/ROS2PNC/install/planning/share/ament_index/resource_index/parent_prefix_path/planning
-- Up-to-date: /home/apan/Desktop/ROS2PNC/install/planning/share/planning/environment/ament_prefix_path.sh
-- Installing: /home/apan/Desktop/ROS2PNC/install/planning/share/planning/environment/ament_prefix_path.dsv
-- Up-to-date: /home/apan/Desktop/ROS2PNC/install/planning/share/planning/environment/path.sh
-- Installing: /home/apan/Desktop/ROS2PNC/install/planning/share/planning/environment/path.dsv
-- Up-to-date: /home/apan/Desktop/ROS2PNC/install/planning/share/planning/local_setup.bash
-- Up-to-date: /home/apan/Desktop/ROS2PNC/install/planning/share/planning/local_setup.sh
-- Up-to-date: /home/apan/Desktop/ROS2PNC/install/planning/share/planning/local_setup.zsh
-- Installing: /home/apan/Desktop/ROS2PNC/install/planning/share/planning/local_setup.dsv
-- Installing: /home/apan/Desktop/ROS2PNC/install/planning/share/planning/package.dsv
-- Up-to-date: /home/apan/Desktop/ROS2PNC/install/planning/share/ament_index/resource_index/packages/planning
-- Up-to-date: /home/apan/Desktop/ROS2PNC/install/planning/share/planning/cmake/planningConfig.cmake
-- Up-to-date: /home/apan/Desktop/ROS2PNC/install/planning/share/planning/cmake/planningConfig-version.cmake
-- Up-to-date: /home/apan/Desktop/ROS2PNC/install/planning/share/planning/package.xml
