[0.137s] Invoking command in '/home/apan/Desktop/ROS2PNC/build/planning': AMENT_PREFIX_PATH=/home/apan/Desktop/ROS2PNC/install/base_msgs:${AMENT_PREFIX_PATH} CMAKE_PREFIX_PATH=/home/apan/Desktop/ROS2PNC/install/base_msgs:/opt/ros/humble CONDA_PROMPT_MODIFIER=(base) /usr/bin/cmake --build /home/apan/Desktop/ROS2PNC/build/planning -- -j16 -l16
[0.163s] -- Found ament_cmake: 1.3.11 (/opt/ros/humble/share/ament_cmake/cmake)
[0.248s] -- Found rclcpp: 16.0.11 (/opt/ros/humble/share/rclcpp/cmake)
[0.268s] -- Found rosidl_generator_c: 3.1.6 (/opt/ros/humble/share/rosidl_generator_c/cmake)
[0.269s] -- Found rosidl_adapter: 3.1.6 (/opt/ros/humble/share/rosidl_adapter/cmake)
[0.275s] -- Found rosidl_generator_cpp: 3.1.6 (/opt/ros/humble/share/rosidl_generator_cpp/cmake)
[0.283s] -- Using all available rosidl_typesupport_c: rosidl_typesupport_fastrtps_c;rosidl_typesupport_introspection_c
[0.291s] -- Using all available rosidl_typesupport_cpp: rosidl_typesupport_fastrtps_cpp;rosidl_typesupport_introspection_cpp
[0.314s] -- Found rmw_implementation_cmake: 6.1.2 (/opt/ros/humble/share/rmw_implementation_cmake/cmake)
[0.315s] -- Found rmw_fastrtps_cpp: 6.2.7 (/opt/ros/humble/share/rmw_fastrtps_cpp/cmake)
[0.384s] -- Using RMW implementation 'rmw_fastrtps_cpp' as default
[0.417s] -- Found tf2: 0.25.11 (/opt/ros/humble/share/tf2/cmake)
[0.428s] -- Found tf2_ros: 0.25.11 (/opt/ros/humble/share/tf2_ros/cmake)
[0.483s] -- Found nav_msgs: 4.2.4 (/opt/ros/humble/share/nav_msgs/cmake)
[0.493s] -- Found visualization_msgs: 4.2.4 (/opt/ros/humble/share/visualization_msgs/cmake)
[0.517s] -- Found base_msgs: 0.0.0 (/home/apan/Desktop/ROS2PNC/install/base_msgs/share/base_msgs/cmake)
[0.594s] -- Configuring done
[0.615s] -- Generating done
[0.620s] -- Build files have been written to: /home/apan/Desktop/ROS2PNC/build/planning
[0.642s] [35m[1mConsolidate compiler generated dependencies of target planning_node[0m
[0.647s] [ 22%] [32mBuilding CXX object src/common/CMakeFiles/mathlibs.dir/math/polynomial_curve.cpp.o[0m
[0.647s] [ 22%] [32mBuilding CXX object src/common/CMakeFiles/mathlibs.dir/math/curve.cpp.o[0m
[0.648s] [ 33%] [32mBuilding CXX object src/common/CMakeFiles/mathlibs.dir/math/vec2d.cpp.o[0m
[0.648s] [ 44%] [32mBuilding CXX object src/common/CMakeFiles/config_reader.dir/config_reader/config_reader.cpp.o[0m
[0.655s] [ 77%] Built target planning_node
[2.282s] [ 88%] [32m[1mLinking CXX shared library libmathlibs.so[0m
[2.353s] [100%] [32m[1mLinking CXX shared library libconfig_reader.so[0m
[2.377s] [100%] Built target mathlibs
[2.418s] [100%] Built target config_reader
[2.426s] Invoked command in '/home/apan/Desktop/ROS2PNC/build/planning' returned '0': AMENT_PREFIX_PATH=/home/apan/Desktop/ROS2PNC/install/base_msgs:${AMENT_PREFIX_PATH} CMAKE_PREFIX_PATH=/home/apan/Desktop/ROS2PNC/install/base_msgs:/opt/ros/humble CONDA_PROMPT_MODIFIER=(base) /usr/bin/cmake --build /home/apan/Desktop/ROS2PNC/build/planning -- -j16 -l16
[2.427s] Invoking command in '/home/apan/Desktop/ROS2PNC/build/planning': AMENT_PREFIX_PATH=/home/apan/Desktop/ROS2PNC/install/base_msgs:${AMENT_PREFIX_PATH} CMAKE_PREFIX_PATH=/home/apan/Desktop/ROS2PNC/install/base_msgs:/opt/ros/humble CONDA_PROMPT_MODIFIER=(base) /usr/bin/cmake --install /home/apan/Desktop/ROS2PNC/build/planning
[2.433s] -- Install configuration: ""
[2.433s] -- Installing: /home/apan/Desktop/ROS2PNC/install/planning/lib/libconfig_reader.so
[2.433s] -- Set runtime path of "/home/apan/Desktop/ROS2PNC/install/planning/lib/libconfig_reader.so" to ""
[2.433s] -- Installing: /home/apan/Desktop/ROS2PNC/install/planning/lib/libmathlibs.so
[2.433s] -- Set runtime path of "/home/apan/Desktop/ROS2PNC/install/planning/lib/libmathlibs.so" to ""
[2.434s] -- Up-to-date: /home/apan/Desktop/ROS2PNC/install/planning/lib/planning/planning_node
[2.435s] -- Up-to-date: /home/apan/Desktop/ROS2PNC/install/planning/share/planning/config
[2.435s] -- Installing: /home/apan/Desktop/ROS2PNC/install/planning/share/planning/config/.gitkeep
[2.435s] -- Up-to-date: /home/apan/Desktop/ROS2PNC/install/planning/share/planning/launch
[2.435s] -- Installing: /home/apan/Desktop/ROS2PNC/install/planning/share/planning/launch/.gitkeep
[2.435s] -- Up-to-date: /home/apan/Desktop/ROS2PNC/install/planning/share/planning/urdf
[2.435s] -- Up-to-date: /home/apan/Desktop/ROS2PNC/install/planning/share/planning/urdf/main_car
[2.435s] -- Installing: /home/apan/Desktop/ROS2PNC/install/planning/share/planning/urdf/main_car/.gitkeep
[2.435s] -- Up-to-date: /home/apan/Desktop/ROS2PNC/install/planning/share/planning/urdf/obs_car
[2.435s] -- Installing: /home/apan/Desktop/ROS2PNC/install/planning/share/planning/urdf/obs_car/.gitkeep
[2.435s] -- Up-to-date: /home/apan/Desktop/ROS2PNC/install/planning/share/planning/rviz
[2.435s] -- Installing: /home/apan/Desktop/ROS2PNC/install/planning/share/planning/rviz/.gitkeep
[2.435s] -- Up-to-date: /home/apan/Desktop/ROS2PNC/install/planning/share/ament_index/resource_index/package_run_dependencies/planning
[2.435s] -- Up-to-date: /home/apan/Desktop/ROS2PNC/install/planning/share/ament_index/resource_index/parent_prefix_path/planning
[2.435s] -- Up-to-date: /home/apan/Desktop/ROS2PNC/install/planning/share/planning/environment/ament_prefix_path.sh
[2.435s] -- Installing: /home/apan/Desktop/ROS2PNC/install/planning/share/planning/environment/ament_prefix_path.dsv
[2.435s] -- Up-to-date: /home/apan/Desktop/ROS2PNC/install/planning/share/planning/environment/path.sh
[2.435s] -- Installing: /home/apan/Desktop/ROS2PNC/install/planning/share/planning/environment/path.dsv
[2.435s] -- Up-to-date: /home/apan/Desktop/ROS2PNC/install/planning/share/planning/local_setup.bash
[2.435s] -- Up-to-date: /home/apan/Desktop/ROS2PNC/install/planning/share/planning/local_setup.sh
[2.435s] -- Up-to-date: /home/apan/Desktop/ROS2PNC/install/planning/share/planning/local_setup.zsh
[2.435s] -- Installing: /home/apan/Desktop/ROS2PNC/install/planning/share/planning/local_setup.dsv
[2.435s] -- Installing: /home/apan/Desktop/ROS2PNC/install/planning/share/planning/package.dsv
[2.435s] -- Up-to-date: /home/apan/Desktop/ROS2PNC/install/planning/share/ament_index/resource_index/packages/planning
[2.435s] -- Up-to-date: /home/apan/Desktop/ROS2PNC/install/planning/share/planning/cmake/planningConfig.cmake
[2.435s] -- Up-to-date: /home/apan/Desktop/ROS2PNC/install/planning/share/planning/cmake/planningConfig-version.cmake
[2.435s] -- Up-to-date: /home/apan/Desktop/ROS2PNC/install/planning/share/planning/package.xml
[2.437s] Invoked command in '/home/apan/Desktop/ROS2PNC/build/planning' returned '0': AMENT_PREFIX_PATH=/home/apan/Desktop/ROS2PNC/install/base_msgs:${AMENT_PREFIX_PATH} CMAKE_PREFIX_PATH=/home/apan/Desktop/ROS2PNC/install/base_msgs:/opt/ros/humble CONDA_PROMPT_MODIFIER=(base) /usr/bin/cmake --install /home/apan/Desktop/ROS2PNC/build/planning
