[0.012s] Invoking command in '/home/apan/Desktop/ws_ROS2PNC/build/base_msgs': CMAKE_PREFIX_PATH=${CMAKE_PREFIX_PATH}:/home/apan/Desktop/ws_ROS2PNC/install/data_plot:/opt/ros/humble CONDA_PROMPT_MODIFIER=(base) /home/apan/anaconda3/bin/cmake --build /home/apan/Desktop/ws_ROS2PNC/build/base_msgs -- -j16 -l16
[0.033s] Invoked command in '/home/apan/Desktop/ws_ROS2PNC/build/base_msgs' returned '0': CMAKE_PREFIX_PATH=${CMAKE_PREFIX_PATH}:/home/apan/Desktop/ws_ROS2PNC/install/data_plot:/opt/ros/humble CONDA_PROMPT_MODIFIER=(base) /home/apan/anaconda3/bin/cmake --build /home/apan/Desktop/ws_ROS2PNC/build/base_msgs -- -j16 -l16
[0.040s] Invoking command in '/home/apan/Desktop/ws_ROS2PNC/build/base_msgs': CMAKE_PREFIX_PATH=${CMAKE_PREFIX_PATH}:/home/apan/Desktop/ws_ROS2PNC/install/data_plot:/opt/ros/humble CONDA_PROMPT_MODIFIER=(base) /home/apan/anaconda3/bin/cmake --install /home/apan/Desktop/ws_ROS2PNC/build/base_msgs
[0.044s] -- Install configuration: ""
[0.044s] -- Up-to-date: /home/apan/Desktop/ws_ROS2PNC/install/base_msgs/share/ament_index/resource_index/package_run_dependencies/base_msgs
[0.045s] -- Up-to-date: /home/apan/Desktop/ws_ROS2PNC/install/base_msgs/share/ament_index/resource_index/parent_prefix_path/base_msgs
[0.045s] -- Up-to-date: /home/apan/Desktop/ws_ROS2PNC/install/base_msgs/share/base_msgs/environment/ament_prefix_path.sh
[0.045s] -- Up-to-date: /home/apan/Desktop/ws_ROS2PNC/install/base_msgs/share/base_msgs/environment/ament_prefix_path.dsv
[0.045s] -- Up-to-date: /home/apan/Desktop/ws_ROS2PNC/install/base_msgs/share/base_msgs/environment/path.sh
[0.045s] -- Up-to-date: /home/apan/Desktop/ws_ROS2PNC/install/base_msgs/share/base_msgs/environment/path.dsv
[0.045s] -- Up-to-date: /home/apan/Desktop/ws_ROS2PNC/install/base_msgs/share/base_msgs/local_setup.bash
[0.045s] -- Up-to-date: /home/apan/Desktop/ws_ROS2PNC/install/base_msgs/share/base_msgs/local_setup.sh
[0.045s] -- Up-to-date: /home/apan/Desktop/ws_ROS2PNC/install/base_msgs/share/base_msgs/local_setup.zsh
[0.045s] -- Up-to-date: /home/apan/Desktop/ws_ROS2PNC/install/base_msgs/share/base_msgs/local_setup.dsv
[0.045s] -- Installing: /home/apan/Desktop/ws_ROS2PNC/install/base_msgs/share/base_msgs/package.dsv
[0.045s] -- Up-to-date: /home/apan/Desktop/ws_ROS2PNC/install/base_msgs/share/ament_index/resource_index/packages/base_msgs
[0.045s] -- Up-to-date: /home/apan/Desktop/ws_ROS2PNC/install/base_msgs/share/base_msgs/cmake/base_msgsConfig.cmake
[0.045s] -- Up-to-date: /home/apan/Desktop/ws_ROS2PNC/install/base_msgs/share/base_msgs/cmake/base_msgsConfig-version.cmake
[0.045s] -- Up-to-date: /home/apan/Desktop/ws_ROS2PNC/install/base_msgs/share/base_msgs/package.xml
[0.047s] Invoked command in '/home/apan/Desktop/ws_ROS2PNC/build/base_msgs' returned '0': CMAKE_PREFIX_PATH=${CMAKE_PREFIX_PATH}:/home/apan/Desktop/ws_ROS2PNC/install/data_plot:/opt/ros/humble CONDA_PROMPT_MODIFIER=(base) /home/apan/anaconda3/bin/cmake --install /home/apan/Desktop/ws_ROS2PNC/build/base_msgs
