[0.206s] DEBUG:colcon:Command line arguments: ['/usr/bin/colcon', 'build']
[0.206s] DEBUG:colcon:Parsed command line arguments: Namespace(allow_overriding=[], ament_cmake_args=None, base_paths=['.'], build_base='build', catkin_cmake_args=None, catkin_skip_building_tests=False, cmake_args=None, cmake_clean_cache=False, cmake_clean_first=False, cmake_force_configure=False, cmake_target=None, cmake_target_skip_unavailable=False, continue_on_error=False, event_handlers=None, executor='parallel', ignore_user_meta=False, install_base='install', log_base=None, log_level=None, main=<bound method BuildVerb.main of <colcon_core.verb.build.BuildVerb object at 0x7faf7e49eb50>>, merge_install=False, metas=['./colcon.meta'], packages_above=None, packages_above_and_dependencies=None, packages_above_depth=None, packages_end=None, packages_ignore=None, packages_ignore_regex=None, packages_select=None, packages_select_build_failed=False, packages_select_by_dep=None, packages_select_regex=None, packages_select_test_failures=False, packages_skip=None, packages_skip_build_finished=False, packages_skip_by_dep=None, packages_skip_regex=None, packages_skip_test_passed=False, packages_skip_up_to=None, packages_start=None, packages_up_to=None, packages_up_to_regex=None, parallel_workers=16, paths=None, symlink_install=False, test_result_base=None, verb_extension=<colcon_core.verb.build.BuildVerb object at 0x7faf7e49eb50>, verb_name='build', verb_parser=<colcon_defaults.argument_parser.defaults.DefaultArgumentsDecorator object at 0x7faf7e42f100>)
[0.366s] Level 1:colcon.colcon_core.package_discovery:discover_packages(colcon_meta) check parameters
[0.366s] Level 1:colcon.colcon_core.package_discovery:discover_packages(recursive) check parameters
[0.366s] Level 1:colcon.colcon_core.package_discovery:discover_packages(ignore) check parameters
[0.366s] Level 1:colcon.colcon_core.package_discovery:discover_packages(path) check parameters
[0.366s] Level 1:colcon.colcon_core.package_discovery:discover_packages(colcon_meta) discover
[0.366s] Level 1:colcon.colcon_core.package_discovery:discover_packages(recursive) discover
[0.366s] INFO:colcon.colcon_core.package_discovery:Crawling recursively for packages in '/home/panjincheng/Desktop/ws_ROS2PNC'
[0.366s] Level 1:colcon.colcon_core.package_identification:_identify(.) by extensions ['ignore', 'ignore_ament_install']
[0.366s] Level 1:colcon.colcon_core.package_identification:_identify(.) by extension 'ignore'
[0.366s] Level 1:colcon.colcon_core.package_identification:_identify(.) by extension 'ignore_ament_install'
[0.366s] Level 1:colcon.colcon_core.package_identification:_identify(.) by extensions ['colcon_pkg']
[0.366s] Level 1:colcon.colcon_core.package_identification:_identify(.) by extension 'colcon_pkg'
[0.366s] Level 1:colcon.colcon_core.package_identification:_identify(.) by extensions ['colcon_meta']
[0.366s] Level 1:colcon.colcon_core.package_identification:_identify(.) by extension 'colcon_meta'
[0.366s] Level 1:colcon.colcon_core.package_identification:_identify(.) by extensions ['ros']
[0.367s] Level 1:colcon.colcon_core.package_identification:_identify(.) by extension 'ros'
[0.378s] Level 1:colcon.colcon_core.package_identification:_identify(.) by extensions ['cmake', 'python']
[0.378s] Level 1:colcon.colcon_core.package_identification:_identify(.) by extension 'cmake'
[0.379s] Level 1:colcon.colcon_core.package_identification:_identify(.) by extension 'python'
[0.379s] Level 1:colcon.colcon_core.package_identification:_identify(.) by extensions ['python_setup_py']
[0.379s] Level 1:colcon.colcon_core.package_identification:_identify(.) by extension 'python_setup_py'
[0.379s] Level 1:colcon.colcon_core.package_identification:_identify(build) by extensions ['ignore', 'ignore_ament_install']
[0.379s] Level 1:colcon.colcon_core.package_identification:_identify(build) by extension 'ignore'
[0.379s] Level 1:colcon.colcon_core.package_identification:_identify(build) ignored
[0.379s] Level 1:colcon.colcon_core.package_identification:_identify(doc) by extensions ['ignore', 'ignore_ament_install']
[0.379s] Level 1:colcon.colcon_core.package_identification:_identify(doc) by extension 'ignore'
[0.379s] Level 1:colcon.colcon_core.package_identification:_identify(doc) by extension 'ignore_ament_install'
[0.379s] Level 1:colcon.colcon_core.package_identification:_identify(doc) by extensions ['colcon_pkg']
[0.379s] Level 1:colcon.colcon_core.package_identification:_identify(doc) by extension 'colcon_pkg'
[0.379s] Level 1:colcon.colcon_core.package_identification:_identify(doc) by extensions ['colcon_meta']
[0.379s] Level 1:colcon.colcon_core.package_identification:_identify(doc) by extension 'colcon_meta'
[0.379s] Level 1:colcon.colcon_core.package_identification:_identify(doc) by extensions ['ros']
[0.379s] Level 1:colcon.colcon_core.package_identification:_identify(doc) by extension 'ros'
[0.379s] Level 1:colcon.colcon_core.package_identification:_identify(doc) by extensions ['cmake', 'python']
[0.380s] Level 1:colcon.colcon_core.package_identification:_identify(doc) by extension 'cmake'
[0.380s] Level 1:colcon.colcon_core.package_identification:_identify(doc) by extension 'python'
[0.380s] Level 1:colcon.colcon_core.package_identification:_identify(doc) by extensions ['python_setup_py']
[0.380s] Level 1:colcon.colcon_core.package_identification:_identify(doc) by extension 'python_setup_py'
[0.380s] Level 1:colcon.colcon_core.package_identification:_identify(install) by extensions ['ignore', 'ignore_ament_install']
[0.380s] Level 1:colcon.colcon_core.package_identification:_identify(install) by extension 'ignore'
[0.380s] Level 1:colcon.colcon_core.package_identification:_identify(install) ignored
[0.380s] Level 1:colcon.colcon_core.package_identification:_identify(log) by extensions ['ignore', 'ignore_ament_install']
[0.380s] Level 1:colcon.colcon_core.package_identification:_identify(log) by extension 'ignore'
[0.380s] Level 1:colcon.colcon_core.package_identification:_identify(log) ignored
[0.380s] Level 1:colcon.colcon_core.package_identification:_identify(src) by extensions ['ignore', 'ignore_ament_install']
[0.380s] Level 1:colcon.colcon_core.package_identification:_identify(src) by extension 'ignore'
[0.380s] Level 1:colcon.colcon_core.package_identification:_identify(src) by extension 'ignore_ament_install'
[0.380s] Level 1:colcon.colcon_core.package_identification:_identify(src) by extensions ['colcon_pkg']
[0.380s] Level 1:colcon.colcon_core.package_identification:_identify(src) by extension 'colcon_pkg'
[0.380s] Level 1:colcon.colcon_core.package_identification:_identify(src) by extensions ['colcon_meta']
[0.380s] Level 1:colcon.colcon_core.package_identification:_identify(src) by extension 'colcon_meta'
[0.380s] Level 1:colcon.colcon_core.package_identification:_identify(src) by extensions ['ros']
[0.381s] Level 1:colcon.colcon_core.package_identification:_identify(src) by extension 'ros'
[0.381s] Level 1:colcon.colcon_core.package_identification:_identify(src) by extensions ['cmake', 'python']
[0.381s] Level 1:colcon.colcon_core.package_identification:_identify(src) by extension 'cmake'
[0.381s] Level 1:colcon.colcon_core.package_identification:_identify(src) by extension 'python'
[0.381s] Level 1:colcon.colcon_core.package_identification:_identify(src) by extensions ['python_setup_py']
[0.381s] Level 1:colcon.colcon_core.package_identification:_identify(src) by extension 'python_setup_py'
[0.381s] Level 1:colcon.colcon_core.package_identification:_identify(src/base_msgs) by extensions ['ignore', 'ignore_ament_install']
[0.381s] Level 1:colcon.colcon_core.package_identification:_identify(src/base_msgs) by extension 'ignore'
[0.381s] Level 1:colcon.colcon_core.package_identification:_identify(src/base_msgs) by extension 'ignore_ament_install'
[0.381s] Level 1:colcon.colcon_core.package_identification:_identify(src/base_msgs) by extensions ['colcon_pkg']
[0.381s] Level 1:colcon.colcon_core.package_identification:_identify(src/base_msgs) by extension 'colcon_pkg'
[0.381s] Level 1:colcon.colcon_core.package_identification:_identify(src/base_msgs) by extensions ['colcon_meta']
[0.381s] Level 1:colcon.colcon_core.package_identification:_identify(src/base_msgs) by extension 'colcon_meta'
[0.381s] Level 1:colcon.colcon_core.package_identification:_identify(src/base_msgs) by extensions ['ros']
[0.381s] Level 1:colcon.colcon_core.package_identification:_identify(src/base_msgs) by extension 'ros'
[0.384s] DEBUG:colcon.colcon_core.package_identification:Package 'src/base_msgs' with type 'ros.ament_cmake' and name 'base_msgs'
[0.384s] Level 1:colcon.colcon_core.package_identification:_identify(src/data_plot) by extensions ['ignore', 'ignore_ament_install']
[0.384s] Level 1:colcon.colcon_core.package_identification:_identify(src/data_plot) by extension 'ignore'
[0.384s] Level 1:colcon.colcon_core.package_identification:_identify(src/data_plot) by extension 'ignore_ament_install'
[0.384s] Level 1:colcon.colcon_core.package_identification:_identify(src/data_plot) by extensions ['colcon_pkg']
[0.384s] Level 1:colcon.colcon_core.package_identification:_identify(src/data_plot) by extension 'colcon_pkg'
[0.384s] Level 1:colcon.colcon_core.package_identification:_identify(src/data_plot) by extensions ['colcon_meta']
[0.384s] Level 1:colcon.colcon_core.package_identification:_identify(src/data_plot) by extension 'colcon_meta'
[0.384s] Level 1:colcon.colcon_core.package_identification:_identify(src/data_plot) by extensions ['ros']
[0.384s] Level 1:colcon.colcon_core.package_identification:_identify(src/data_plot) by extension 'ros'
[0.385s] DEBUG:colcon.colcon_core.package_identification:Package 'src/data_plot' with type 'ros.ament_python' and name 'data_plot'
[0.385s] Level 1:colcon.colcon_core.package_identification:_identify(src/planning) by extensions ['ignore', 'ignore_ament_install']
[0.385s] Level 1:colcon.colcon_core.package_identification:_identify(src/planning) by extension 'ignore'
[0.385s] Level 1:colcon.colcon_core.package_identification:_identify(src/planning) by extension 'ignore_ament_install'
[0.385s] Level 1:colcon.colcon_core.package_identification:_identify(src/planning) by extensions ['colcon_pkg']
[0.385s] Level 1:colcon.colcon_core.package_identification:_identify(src/planning) by extension 'colcon_pkg'
[0.385s] Level 1:colcon.colcon_core.package_identification:_identify(src/planning) by extensions ['colcon_meta']
[0.385s] Level 1:colcon.colcon_core.package_identification:_identify(src/planning) by extension 'colcon_meta'
[0.385s] Level 1:colcon.colcon_core.package_identification:_identify(src/planning) by extensions ['ros']
[0.385s] Level 1:colcon.colcon_core.package_identification:_identify(src/planning) by extension 'ros'
[0.386s] DEBUG:colcon.colcon_core.package_identification:Package 'src/planning' with type 'ros.ament_cmake' and name 'planning'
[0.386s] Level 1:colcon.colcon_core.package_discovery:discover_packages(recursive) using defaults
[0.386s] Level 1:colcon.colcon_core.package_discovery:discover_packages(ignore) discover
[0.386s] Level 1:colcon.colcon_core.package_discovery:discover_packages(ignore) using defaults
[0.386s] Level 1:colcon.colcon_core.package_discovery:discover_packages(path) discover
[0.386s] Level 1:colcon.colcon_core.package_discovery:discover_packages(path) using defaults
[0.402s] Level 1:colcon.colcon_core.package_discovery:discover_packages(prefix_path) check parameters
[0.402s] Level 1:colcon.colcon_core.package_discovery:discover_packages(prefix_path) discover
[0.404s] DEBUG:colcon.colcon_installed_package_information.package_discovery:Found 3 installed packages in /home/panjincheng/Desktop/ws_ROS2PNC/install
[0.405s] DEBUG:colcon.colcon_installed_package_information.package_discovery:Found 272 installed packages in /opt/ros/galactic
[0.407s] Level 1:colcon.colcon_core.package_discovery:discover_packages(prefix_path) using defaults
[0.480s] Level 5:colcon.colcon_core.verb:set package 'base_msgs' build argument 'cmake_args' from command line to 'None'
[0.480s] Level 5:colcon.colcon_core.verb:set package 'base_msgs' build argument 'cmake_target' from command line to 'None'
[0.480s] Level 5:colcon.colcon_core.verb:set package 'base_msgs' build argument 'cmake_target_skip_unavailable' from command line to 'False'
[0.480s] Level 5:colcon.colcon_core.verb:set package 'base_msgs' build argument 'cmake_clean_cache' from command line to 'False'
[0.480s] Level 5:colcon.colcon_core.verb:set package 'base_msgs' build argument 'cmake_clean_first' from command line to 'False'
[0.480s] Level 5:colcon.colcon_core.verb:set package 'base_msgs' build argument 'cmake_force_configure' from command line to 'False'
[0.480s] Level 5:colcon.colcon_core.verb:set package 'base_msgs' build argument 'ament_cmake_args' from command line to 'None'
[0.480s] Level 5:colcon.colcon_core.verb:set package 'base_msgs' build argument 'catkin_cmake_args' from command line to 'None'
[0.480s] Level 5:colcon.colcon_core.verb:set package 'base_msgs' build argument 'catkin_skip_building_tests' from command line to 'False'
[0.480s] DEBUG:colcon.colcon_core.verb:Building package 'base_msgs' with the following arguments: {'ament_cmake_args': None, 'build_base': '/home/panjincheng/Desktop/ws_ROS2PNC/build/base_msgs', 'catkin_cmake_args': None, 'catkin_skip_building_tests': False, 'cmake_args': None, 'cmake_clean_cache': False, 'cmake_clean_first': False, 'cmake_force_configure': False, 'cmake_target': None, 'cmake_target_skip_unavailable': False, 'install_base': '/home/panjincheng/Desktop/ws_ROS2PNC/install/base_msgs', 'merge_install': False, 'path': '/home/panjincheng/Desktop/ws_ROS2PNC/src/base_msgs', 'symlink_install': False, 'test_result_base': None}
[0.481s] Level 5:colcon.colcon_core.verb:set package 'planning' build argument 'cmake_args' from command line to 'None'
[0.481s] Level 5:colcon.colcon_core.verb:set package 'planning' build argument 'cmake_target' from command line to 'None'
[0.481s] Level 5:colcon.colcon_core.verb:set package 'planning' build argument 'cmake_target_skip_unavailable' from command line to 'False'
[0.481s] Level 5:colcon.colcon_core.verb:set package 'planning' build argument 'cmake_clean_cache' from command line to 'False'
[0.481s] Level 5:colcon.colcon_core.verb:set package 'planning' build argument 'cmake_clean_first' from command line to 'False'
[0.481s] Level 5:colcon.colcon_core.verb:set package 'planning' build argument 'cmake_force_configure' from command line to 'False'
[0.481s] Level 5:colcon.colcon_core.verb:set package 'planning' build argument 'ament_cmake_args' from command line to 'None'
[0.481s] Level 5:colcon.colcon_core.verb:set package 'planning' build argument 'catkin_cmake_args' from command line to 'None'
[0.481s] Level 5:colcon.colcon_core.verb:set package 'planning' build argument 'catkin_skip_building_tests' from command line to 'False'
[0.481s] DEBUG:colcon.colcon_core.verb:Building package 'planning' with the following arguments: {'ament_cmake_args': None, 'build_base': '/home/panjincheng/Desktop/ws_ROS2PNC/build/planning', 'catkin_cmake_args': None, 'catkin_skip_building_tests': False, 'cmake_args': None, 'cmake_clean_cache': False, 'cmake_clean_first': False, 'cmake_force_configure': False, 'cmake_target': None, 'cmake_target_skip_unavailable': False, 'install_base': '/home/panjincheng/Desktop/ws_ROS2PNC/install/planning', 'merge_install': False, 'path': '/home/panjincheng/Desktop/ws_ROS2PNC/src/planning', 'symlink_install': False, 'test_result_base': None}
[0.481s] Level 5:colcon.colcon_core.verb:set package 'data_plot' build argument 'cmake_args' from command line to 'None'
[0.481s] Level 5:colcon.colcon_core.verb:set package 'data_plot' build argument 'cmake_target' from command line to 'None'
[0.481s] Level 5:colcon.colcon_core.verb:set package 'data_plot' build argument 'cmake_target_skip_unavailable' from command line to 'False'
[0.481s] Level 5:colcon.colcon_core.verb:set package 'data_plot' build argument 'cmake_clean_cache' from command line to 'False'
[0.481s] Level 5:colcon.colcon_core.verb:set package 'data_plot' build argument 'cmake_clean_first' from command line to 'False'
[0.481s] Level 5:colcon.colcon_core.verb:set package 'data_plot' build argument 'cmake_force_configure' from command line to 'False'
[0.482s] Level 5:colcon.colcon_core.verb:set package 'data_plot' build argument 'ament_cmake_args' from command line to 'None'
[0.482s] Level 5:colcon.colcon_core.verb:set package 'data_plot' build argument 'catkin_cmake_args' from command line to 'None'
[0.482s] Level 5:colcon.colcon_core.verb:set package 'data_plot' build argument 'catkin_skip_building_tests' from command line to 'False'
[0.482s] DEBUG:colcon.colcon_core.verb:Building package 'data_plot' with the following arguments: {'ament_cmake_args': None, 'build_base': '/home/panjincheng/Desktop/ws_ROS2PNC/build/data_plot', 'catkin_cmake_args': None, 'catkin_skip_building_tests': False, 'cmake_args': None, 'cmake_clean_cache': False, 'cmake_clean_first': False, 'cmake_force_configure': False, 'cmake_target': None, 'cmake_target_skip_unavailable': False, 'install_base': '/home/panjincheng/Desktop/ws_ROS2PNC/install/data_plot', 'merge_install': False, 'path': '/home/panjincheng/Desktop/ws_ROS2PNC/src/data_plot', 'symlink_install': False, 'test_result_base': None}
[0.482s] INFO:colcon.colcon_core.executor:Executing jobs using 'parallel' executor
[0.483s] DEBUG:colcon.colcon_parallel_executor.executor.parallel:run_until_complete
[0.483s] INFO:colcon.colcon_ros.task.ament_cmake.build:Building ROS package in '/home/panjincheng/Desktop/ws_ROS2PNC/src/base_msgs' with build type 'ament_cmake'
[0.483s] INFO:colcon.colcon_cmake.task.cmake.build:Building CMake package in '/home/panjincheng/Desktop/ws_ROS2PNC/src/base_msgs'
[0.485s] INFO:colcon.colcon_core.plugin_system:Skipping extension 'colcon_core.shell.bat': Not used on non-Windows systems
[0.485s] INFO:colcon.colcon_core.shell:Skip shell extension 'powershell' for command environment: Not usable outside of PowerShell
[0.485s] DEBUG:colcon.colcon_core.shell:Skip shell extension 'dsv' for command environment
[0.490s] INFO:colcon.colcon_ros.task.ament_cmake.build:Building ROS package in '/home/panjincheng/Desktop/ws_ROS2PNC/src/planning' with build type 'ament_cmake'
[0.490s] INFO:colcon.colcon_cmake.task.cmake.build:Building CMake package in '/home/panjincheng/Desktop/ws_ROS2PNC/src/planning'
[0.491s] INFO:colcon.colcon_core.shell:Skip shell extension 'powershell' for command environment: Not usable outside of PowerShell
[0.491s] DEBUG:colcon.colcon_core.shell:Skip shell extension 'dsv' for command environment
[0.501s] DEBUG:colcon.colcon_core.event_handler.log_command:Invoking command in '/home/panjincheng/Desktop/ws_ROS2PNC/build/base_msgs': CMAKE_PREFIX_PATH=${CMAKE_PREFIX_PATH}:/home/panjincheng/Desktop/ws_ROS2PNC/install/data_plot:/opt/ros/galactic CONDA_PROMPT_MODIFIER=(base) /home/panjincheng/miniconda3/bin/cmake --build /home/panjincheng/Desktop/ws_ROS2PNC/build/base_msgs -- -j16 -l16
[0.509s] DEBUG:colcon.colcon_core.event_handler.log_command:Invoking command in '/home/panjincheng/Desktop/ws_ROS2PNC/build/planning': CMAKE_PREFIX_PATH=${CMAKE_PREFIX_PATH}:/home/panjincheng/Desktop/ws_ROS2PNC/install/data_plot:/opt/ros/galactic CONDA_PROMPT_MODIFIER=(base) /home/panjincheng/miniconda3/bin/cmake --build /home/panjincheng/Desktop/ws_ROS2PNC/build/planning -- -j16 -l16
[0.523s] DEBUG:colcon.colcon_core.event_handler.log_command:Invoked command in '/home/panjincheng/Desktop/ws_ROS2PNC/build/base_msgs' returned '0': CMAKE_PREFIX_PATH=${CMAKE_PREFIX_PATH}:/home/panjincheng/Desktop/ws_ROS2PNC/install/data_plot:/opt/ros/galactic CONDA_PROMPT_MODIFIER=(base) /home/panjincheng/miniconda3/bin/cmake --build /home/panjincheng/Desktop/ws_ROS2PNC/build/base_msgs -- -j16 -l16
[0.531s] DEBUG:colcon.colcon_core.event_handler.log_command:Invoking command in '/home/panjincheng/Desktop/ws_ROS2PNC/build/base_msgs': CMAKE_PREFIX_PATH=${CMAKE_PREFIX_PATH}:/home/panjincheng/Desktop/ws_ROS2PNC/install/data_plot:/opt/ros/galactic CONDA_PROMPT_MODIFIER=(base) /home/panjincheng/miniconda3/bin/cmake --install /home/panjincheng/Desktop/ws_ROS2PNC/build/base_msgs
[0.537s] Level 1:colcon.colcon_core.environment:create_environment_scripts_only(base_msgs)
[0.538s] DEBUG:colcon.colcon_core.event_handler.log_command:Invoked command in '/home/panjincheng/Desktop/ws_ROS2PNC/build/base_msgs' returned '0': CMAKE_PREFIX_PATH=${CMAKE_PREFIX_PATH}:/home/panjincheng/Desktop/ws_ROS2PNC/install/data_plot:/opt/ros/galactic CONDA_PROMPT_MODIFIER=(base) /home/panjincheng/miniconda3/bin/cmake --install /home/panjincheng/Desktop/ws_ROS2PNC/build/base_msgs
[0.540s] Level 1:colcon.colcon_core.environment:checking '/home/panjincheng/Desktop/ws_ROS2PNC/install/base_msgs' for CMake module files
[0.541s] Level 1:colcon.colcon_core.environment:checking '/home/panjincheng/Desktop/ws_ROS2PNC/install/base_msgs' for CMake config files
[0.541s] Level 1:colcon.colcon_core.shell:create_environment_hook('base_msgs', 'cmake_prefix_path')
[0.541s] INFO:colcon.colcon_core.shell:Creating environment hook '/home/panjincheng/Desktop/ws_ROS2PNC/install/base_msgs/share/base_msgs/hook/cmake_prefix_path.ps1'
[0.542s] INFO:colcon.colcon_core.shell:Creating environment descriptor '/home/panjincheng/Desktop/ws_ROS2PNC/install/base_msgs/share/base_msgs/hook/cmake_prefix_path.dsv'
[0.542s] INFO:colcon.colcon_core.shell:Creating environment hook '/home/panjincheng/Desktop/ws_ROS2PNC/install/base_msgs/share/base_msgs/hook/cmake_prefix_path.sh'
[0.543s] Level 1:colcon.colcon_core.environment:checking '/home/panjincheng/Desktop/ws_ROS2PNC/install/base_msgs/bin'
[0.543s] Level 1:colcon.colcon_core.environment:checking '/home/panjincheng/Desktop/ws_ROS2PNC/install/base_msgs/lib/pkgconfig/base_msgs.pc'
[0.544s] Level 1:colcon.colcon_core.environment:checking '/home/panjincheng/Desktop/ws_ROS2PNC/install/base_msgs/lib/python3.8/site-packages'
[0.544s] Level 1:colcon.colcon_core.environment:checking '/home/panjincheng/Desktop/ws_ROS2PNC/install/base_msgs/bin'
[0.544s] INFO:colcon.colcon_core.shell:Creating package script '/home/panjincheng/Desktop/ws_ROS2PNC/install/base_msgs/share/base_msgs/package.ps1'
[0.545s] INFO:colcon.colcon_core.shell:Creating package descriptor '/home/panjincheng/Desktop/ws_ROS2PNC/install/base_msgs/share/base_msgs/package.dsv'
[0.545s] INFO:colcon.colcon_core.shell:Creating package script '/home/panjincheng/Desktop/ws_ROS2PNC/install/base_msgs/share/base_msgs/package.sh'
[0.546s] INFO:colcon.colcon_core.shell:Creating package script '/home/panjincheng/Desktop/ws_ROS2PNC/install/base_msgs/share/base_msgs/package.bash'
[0.547s] INFO:colcon.colcon_core.shell:Creating package script '/home/panjincheng/Desktop/ws_ROS2PNC/install/base_msgs/share/base_msgs/package.zsh'
[0.547s] Level 1:colcon.colcon_core.environment:create_file_with_runtime_dependencies(/home/panjincheng/Desktop/ws_ROS2PNC/install/base_msgs/share/colcon-core/packages/base_msgs)
[0.548s] Level 1:colcon.colcon_core.environment:create_environment_scripts_only(base_msgs)
[0.548s] Level 1:colcon.colcon_core.environment:checking '/home/panjincheng/Desktop/ws_ROS2PNC/install/base_msgs' for CMake module files
[0.549s] Level 1:colcon.colcon_core.environment:checking '/home/panjincheng/Desktop/ws_ROS2PNC/install/base_msgs' for CMake config files
[0.549s] Level 1:colcon.colcon_core.shell:create_environment_hook('base_msgs', 'cmake_prefix_path')
[0.549s] INFO:colcon.colcon_core.shell:Creating environment hook '/home/panjincheng/Desktop/ws_ROS2PNC/install/base_msgs/share/base_msgs/hook/cmake_prefix_path.ps1'
[0.549s] INFO:colcon.colcon_core.shell:Creating environment descriptor '/home/panjincheng/Desktop/ws_ROS2PNC/install/base_msgs/share/base_msgs/hook/cmake_prefix_path.dsv'
[0.550s] INFO:colcon.colcon_core.shell:Creating environment hook '/home/panjincheng/Desktop/ws_ROS2PNC/install/base_msgs/share/base_msgs/hook/cmake_prefix_path.sh'
[0.550s] Level 1:colcon.colcon_core.environment:checking '/home/panjincheng/Desktop/ws_ROS2PNC/install/base_msgs/bin'
[0.550s] Level 1:colcon.colcon_core.environment:checking '/home/panjincheng/Desktop/ws_ROS2PNC/install/base_msgs/lib/pkgconfig/base_msgs.pc'
[0.550s] Level 1:colcon.colcon_core.environment:checking '/home/panjincheng/Desktop/ws_ROS2PNC/install/base_msgs/lib/python3.8/site-packages'
[0.551s] Level 1:colcon.colcon_core.environment:checking '/home/panjincheng/Desktop/ws_ROS2PNC/install/base_msgs/bin'
[0.551s] INFO:colcon.colcon_core.shell:Creating package script '/home/panjincheng/Desktop/ws_ROS2PNC/install/base_msgs/share/base_msgs/package.ps1'
[0.551s] INFO:colcon.colcon_core.shell:Creating package descriptor '/home/panjincheng/Desktop/ws_ROS2PNC/install/base_msgs/share/base_msgs/package.dsv'
[0.552s] INFO:colcon.colcon_core.shell:Creating package script '/home/panjincheng/Desktop/ws_ROS2PNC/install/base_msgs/share/base_msgs/package.sh'
[0.552s] INFO:colcon.colcon_core.shell:Creating package script '/home/panjincheng/Desktop/ws_ROS2PNC/install/base_msgs/share/base_msgs/package.bash'
[0.552s] INFO:colcon.colcon_core.shell:Creating package script '/home/panjincheng/Desktop/ws_ROS2PNC/install/base_msgs/share/base_msgs/package.zsh'
[0.553s] Level 1:colcon.colcon_core.environment:create_file_with_runtime_dependencies(/home/panjincheng/Desktop/ws_ROS2PNC/install/base_msgs/share/colcon-core/packages/base_msgs)
[0.554s] INFO:colcon.colcon_ros.task.ament_python.build:Building ROS package in '/home/panjincheng/Desktop/ws_ROS2PNC/src/data_plot' with build type 'ament_python'
[0.554s] Level 1:colcon.colcon_core.shell:create_environment_hook('data_plot', 'ament_prefix_path')
[0.554s] INFO:colcon.colcon_core.shell:Creating environment hook '/home/panjincheng/Desktop/ws_ROS2PNC/install/data_plot/share/data_plot/hook/ament_prefix_path.ps1'
[0.555s] INFO:colcon.colcon_core.shell:Creating environment descriptor '/home/panjincheng/Desktop/ws_ROS2PNC/install/data_plot/share/data_plot/hook/ament_prefix_path.dsv'
[0.555s] INFO:colcon.colcon_core.shell:Creating environment hook '/home/panjincheng/Desktop/ws_ROS2PNC/install/data_plot/share/data_plot/hook/ament_prefix_path.sh'
[0.556s] INFO:colcon.colcon_core.shell:Skip shell extension 'powershell' for command environment: Not usable outside of PowerShell
[0.556s] DEBUG:colcon.colcon_core.shell:Skip shell extension 'dsv' for command environment
[0.561s] DEBUG:colcon.colcon_core.event_handler.log_command:Invoked command in '/home/panjincheng/Desktop/ws_ROS2PNC/build/planning' returned '0': CMAKE_PREFIX_PATH=${CMAKE_PREFIX_PATH}:/home/panjincheng/Desktop/ws_ROS2PNC/install/data_plot:/opt/ros/galactic CONDA_PROMPT_MODIFIER=(base) /home/panjincheng/miniconda3/bin/cmake --build /home/panjincheng/Desktop/ws_ROS2PNC/build/planning -- -j16 -l16
[0.563s] DEBUG:colcon.colcon_core.event_handler.log_command:Invoking command in '/home/panjincheng/Desktop/ws_ROS2PNC/build/planning': CMAKE_PREFIX_PATH=${CMAKE_PREFIX_PATH}:/home/panjincheng/Desktop/ws_ROS2PNC/install/data_plot:/opt/ros/galactic CONDA_PROMPT_MODIFIER=(base) /home/panjincheng/miniconda3/bin/cmake --install /home/panjincheng/Desktop/ws_ROS2PNC/build/planning
[0.805s] INFO:colcon.colcon_core.task.python.build:Building Python package in '/home/panjincheng/Desktop/ws_ROS2PNC/src/data_plot'
[0.806s] INFO:colcon.colcon_core.shell:Skip shell extension 'powershell' for command environment: Not usable outside of PowerShell
[0.806s] DEBUG:colcon.colcon_core.shell:Skip shell extension 'dsv' for command environment
[0.812s] Level 1:colcon.colcon_core.environment:create_environment_scripts_only(planning)
[0.813s] Level 1:colcon.colcon_core.environment:checking '/home/panjincheng/Desktop/ws_ROS2PNC/install/planning' for CMake module files
[0.813s] DEBUG:colcon.colcon_core.event_handler.log_command:Invoked command in '/home/panjincheng/Desktop/ws_ROS2PNC/build/planning' returned '0': CMAKE_PREFIX_PATH=${CMAKE_PREFIX_PATH}:/home/panjincheng/Desktop/ws_ROS2PNC/install/data_plot:/opt/ros/galactic CONDA_PROMPT_MODIFIER=(base) /home/panjincheng/miniconda3/bin/cmake --install /home/panjincheng/Desktop/ws_ROS2PNC/build/planning
[0.813s] Level 1:colcon.colcon_core.environment:checking '/home/panjincheng/Desktop/ws_ROS2PNC/install/planning' for CMake config files
[0.814s] Level 1:colcon.colcon_core.shell:create_environment_hook('planning', 'cmake_prefix_path')
[0.814s] INFO:colcon.colcon_core.shell:Creating environment hook '/home/panjincheng/Desktop/ws_ROS2PNC/install/planning/share/planning/hook/cmake_prefix_path.ps1'
[0.814s] INFO:colcon.colcon_core.shell:Creating environment descriptor '/home/panjincheng/Desktop/ws_ROS2PNC/install/planning/share/planning/hook/cmake_prefix_path.dsv'
[0.815s] INFO:colcon.colcon_core.shell:Creating environment hook '/home/panjincheng/Desktop/ws_ROS2PNC/install/planning/share/planning/hook/cmake_prefix_path.sh'
[0.815s] Level 1:colcon.colcon_core.environment:checking '/home/panjincheng/Desktop/ws_ROS2PNC/install/planning/lib'
[0.816s] Level 1:colcon.colcon_core.environment:checking '/home/panjincheng/Desktop/ws_ROS2PNC/install/planning/bin'
[0.816s] Level 1:colcon.colcon_core.environment:checking '/home/panjincheng/Desktop/ws_ROS2PNC/install/planning/lib/pkgconfig/planning.pc'
[0.816s] Level 1:colcon.colcon_core.environment:checking '/home/panjincheng/Desktop/ws_ROS2PNC/install/planning/lib/python3.8/site-packages'
[0.816s] Level 1:colcon.colcon_core.environment:checking '/home/panjincheng/Desktop/ws_ROS2PNC/install/planning/bin'
[0.816s] INFO:colcon.colcon_core.shell:Creating package script '/home/panjincheng/Desktop/ws_ROS2PNC/install/planning/share/planning/package.ps1'
[0.817s] INFO:colcon.colcon_core.shell:Creating package descriptor '/home/panjincheng/Desktop/ws_ROS2PNC/install/planning/share/planning/package.dsv'
[0.817s] INFO:colcon.colcon_core.shell:Creating package script '/home/panjincheng/Desktop/ws_ROS2PNC/install/planning/share/planning/package.sh'
[0.817s] INFO:colcon.colcon_core.shell:Creating package script '/home/panjincheng/Desktop/ws_ROS2PNC/install/planning/share/planning/package.bash'
[0.818s] INFO:colcon.colcon_core.shell:Creating package script '/home/panjincheng/Desktop/ws_ROS2PNC/install/planning/share/planning/package.zsh'
[0.818s] Level 1:colcon.colcon_core.environment:create_file_with_runtime_dependencies(/home/panjincheng/Desktop/ws_ROS2PNC/install/planning/share/colcon-core/packages/planning)
[0.819s] Level 1:colcon.colcon_core.environment:create_environment_scripts_only(planning)
[0.819s] Level 1:colcon.colcon_core.environment:checking '/home/panjincheng/Desktop/ws_ROS2PNC/install/planning' for CMake module files
[0.819s] Level 1:colcon.colcon_core.environment:checking '/home/panjincheng/Desktop/ws_ROS2PNC/install/planning' for CMake config files
[0.820s] Level 1:colcon.colcon_core.shell:create_environment_hook('planning', 'cmake_prefix_path')
[0.820s] INFO:colcon.colcon_core.shell:Creating environment hook '/home/panjincheng/Desktop/ws_ROS2PNC/install/planning/share/planning/hook/cmake_prefix_path.ps1'
[0.821s] INFO:colcon.colcon_core.shell:Creating environment descriptor '/home/panjincheng/Desktop/ws_ROS2PNC/install/planning/share/planning/hook/cmake_prefix_path.dsv'
[0.821s] INFO:colcon.colcon_core.shell:Creating environment hook '/home/panjincheng/Desktop/ws_ROS2PNC/install/planning/share/planning/hook/cmake_prefix_path.sh'
[0.822s] Level 1:colcon.colcon_core.environment:checking '/home/panjincheng/Desktop/ws_ROS2PNC/install/planning/lib'
[0.822s] Level 1:colcon.colcon_core.environment:checking '/home/panjincheng/Desktop/ws_ROS2PNC/install/planning/bin'
[0.822s] Level 1:colcon.colcon_core.environment:checking '/home/panjincheng/Desktop/ws_ROS2PNC/install/planning/lib/pkgconfig/planning.pc'
[0.822s] Level 1:colcon.colcon_core.environment:checking '/home/panjincheng/Desktop/ws_ROS2PNC/install/planning/lib/python3.8/site-packages'
[0.822s] Level 1:colcon.colcon_core.environment:checking '/home/panjincheng/Desktop/ws_ROS2PNC/install/planning/bin'
[0.823s] INFO:colcon.colcon_core.shell:Creating package script '/home/panjincheng/Desktop/ws_ROS2PNC/install/planning/share/planning/package.ps1'
[0.823s] INFO:colcon.colcon_core.shell:Creating package descriptor '/home/panjincheng/Desktop/ws_ROS2PNC/install/planning/share/planning/package.dsv'
[0.824s] INFO:colcon.colcon_core.shell:Creating package script '/home/panjincheng/Desktop/ws_ROS2PNC/install/planning/share/planning/package.sh'
[0.824s] INFO:colcon.colcon_core.shell:Creating package script '/home/panjincheng/Desktop/ws_ROS2PNC/install/planning/share/planning/package.bash'
[0.824s] INFO:colcon.colcon_core.shell:Creating package script '/home/panjincheng/Desktop/ws_ROS2PNC/install/planning/share/planning/package.zsh'
[0.825s] Level 1:colcon.colcon_core.environment:create_file_with_runtime_dependencies(/home/panjincheng/Desktop/ws_ROS2PNC/install/planning/share/colcon-core/packages/planning)
[1.205s] DEBUG:colcon.colcon_core.event_handler.log_command:Invoking command in '/home/panjincheng/Desktop/ws_ROS2PNC/src/data_plot': CMAKE_PREFIX_PATH=/home/panjincheng/Desktop/ws_ROS2PNC/install/base_msgs:/home/panjincheng/Desktop/ws_ROS2PNC/install/planning CONDA_PROMPT_MODIFIER=(base) PYTHONPATH=/home/panjincheng/Desktop/ws_ROS2PNC/build/data_plot/prefix_override:/usr/lib/python3/dist-packages/colcon_core/task/python/colcon_distutils_commands:/home/panjincheng/Desktop/ws_ROS2PNC/install/data_plot/lib/python3.8/site-packages:${PYTHONPATH} /usr/bin/python3 -W ignore:setup.py install is deprecated -W ignore:easy_install command is deprecated setup.py egg_info --egg-base ../../build/data_plot build --build-base /home/panjincheng/Desktop/ws_ROS2PNC/build/data_plot/build install --record /home/panjincheng/Desktop/ws_ROS2PNC/build/data_plot/install.log --single-version-externally-managed install_data
[1.499s] Level 1:colcon.colcon_core.environment:checking '/home/panjincheng/Desktop/ws_ROS2PNC/install/data_plot' for CMake module files
[1.500s] DEBUG:colcon.colcon_core.event_handler.log_command:Invoked command in '/home/panjincheng/Desktop/ws_ROS2PNC/src/data_plot' returned '0': CMAKE_PREFIX_PATH=/home/panjincheng/Desktop/ws_ROS2PNC/install/base_msgs:/home/panjincheng/Desktop/ws_ROS2PNC/install/planning CONDA_PROMPT_MODIFIER=(base) PYTHONPATH=/home/panjincheng/Desktop/ws_ROS2PNC/build/data_plot/prefix_override:/usr/lib/python3/dist-packages/colcon_core/task/python/colcon_distutils_commands:/home/panjincheng/Desktop/ws_ROS2PNC/install/data_plot/lib/python3.8/site-packages:${PYTHONPATH} /usr/bin/python3 -W ignore:setup.py install is deprecated -W ignore:easy_install command is deprecated setup.py egg_info --egg-base ../../build/data_plot build --build-base /home/panjincheng/Desktop/ws_ROS2PNC/build/data_plot/build install --record /home/panjincheng/Desktop/ws_ROS2PNC/build/data_plot/install.log --single-version-externally-managed install_data
[1.501s] Level 1:colcon.colcon_core.environment:checking '/home/panjincheng/Desktop/ws_ROS2PNC/install/data_plot' for CMake config files
[1.501s] Level 1:colcon.colcon_core.environment:checking '/home/panjincheng/Desktop/ws_ROS2PNC/install/data_plot/lib'
[1.501s] Level 1:colcon.colcon_core.environment:checking '/home/panjincheng/Desktop/ws_ROS2PNC/install/data_plot/bin'
[1.501s] Level 1:colcon.colcon_core.environment:checking '/home/panjincheng/Desktop/ws_ROS2PNC/install/data_plot/lib/pkgconfig/data_plot.pc'
[1.502s] Level 1:colcon.colcon_core.environment:checking '/home/panjincheng/Desktop/ws_ROS2PNC/install/data_plot/lib/python3.8/site-packages'
[1.502s] Level 1:colcon.colcon_core.shell:create_environment_hook('data_plot', 'pythonpath')
[1.502s] INFO:colcon.colcon_core.shell:Creating environment hook '/home/panjincheng/Desktop/ws_ROS2PNC/install/data_plot/share/data_plot/hook/pythonpath.ps1'
[1.503s] INFO:colcon.colcon_core.shell:Creating environment descriptor '/home/panjincheng/Desktop/ws_ROS2PNC/install/data_plot/share/data_plot/hook/pythonpath.dsv'
[1.503s] INFO:colcon.colcon_core.shell:Creating environment hook '/home/panjincheng/Desktop/ws_ROS2PNC/install/data_plot/share/data_plot/hook/pythonpath.sh'
[1.504s] Level 1:colcon.colcon_core.environment:checking '/home/panjincheng/Desktop/ws_ROS2PNC/install/data_plot/bin'
[1.504s] Level 1:colcon.colcon_core.environment:create_environment_scripts_only(data_plot)
[1.505s] INFO:colcon.colcon_core.shell:Creating package script '/home/panjincheng/Desktop/ws_ROS2PNC/install/data_plot/share/data_plot/package.ps1'
[1.505s] INFO:colcon.colcon_core.shell:Creating package descriptor '/home/panjincheng/Desktop/ws_ROS2PNC/install/data_plot/share/data_plot/package.dsv'
[1.506s] INFO:colcon.colcon_core.shell:Creating package script '/home/panjincheng/Desktop/ws_ROS2PNC/install/data_plot/share/data_plot/package.sh'
[1.507s] INFO:colcon.colcon_core.shell:Creating package script '/home/panjincheng/Desktop/ws_ROS2PNC/install/data_plot/share/data_plot/package.bash'
[1.507s] INFO:colcon.colcon_core.shell:Creating package script '/home/panjincheng/Desktop/ws_ROS2PNC/install/data_plot/share/data_plot/package.zsh'
[1.507s] Level 1:colcon.colcon_core.environment:create_file_with_runtime_dependencies(/home/panjincheng/Desktop/ws_ROS2PNC/install/data_plot/share/colcon-core/packages/data_plot)
[1.508s] DEBUG:colcon.colcon_parallel_executor.executor.parallel:closing loop
[1.508s] DEBUG:colcon.colcon_parallel_executor.executor.parallel:loop closed
[1.508s] DEBUG:colcon.colcon_parallel_executor.executor.parallel:run_until_complete finished with '0'
[1.508s] DEBUG:colcon.colcon_core.event_reactor:joining thread
[1.514s] INFO:colcon.colcon_core.plugin_system:Skipping extension 'colcon_notification.desktop_notification.terminal_notifier': Not used on non-Darwin systems
[1.514s] INFO:colcon.colcon_core.plugin_system:Skipping extension 'colcon_notification.desktop_notification.win32': Not used on non-Windows systems
[1.514s] INFO:colcon.colcon_notification.desktop_notification:Sending desktop notification using 'notify2'
[1.529s] DEBUG:colcon.colcon_core.event_reactor:joined thread
[1.529s] INFO:colcon.colcon_core.shell:Creating prefix script '/home/panjincheng/Desktop/ws_ROS2PNC/install/local_setup.ps1'
[1.530s] INFO:colcon.colcon_core.shell:Creating prefix util module '/home/panjincheng/Desktop/ws_ROS2PNC/install/_local_setup_util_ps1.py'
[1.531s] INFO:colcon.colcon_core.shell:Creating prefix chain script '/home/panjincheng/Desktop/ws_ROS2PNC/install/setup.ps1'
[1.532s] INFO:colcon.colcon_core.shell:Creating prefix script '/home/panjincheng/Desktop/ws_ROS2PNC/install/local_setup.sh'
[1.533s] INFO:colcon.colcon_core.shell:Creating prefix util module '/home/panjincheng/Desktop/ws_ROS2PNC/install/_local_setup_util_sh.py'
[1.533s] INFO:colcon.colcon_core.shell:Creating prefix chain script '/home/panjincheng/Desktop/ws_ROS2PNC/install/setup.sh'
[1.534s] INFO:colcon.colcon_core.shell:Creating prefix script '/home/panjincheng/Desktop/ws_ROS2PNC/install/local_setup.bash'
[1.535s] INFO:colcon.colcon_core.shell:Creating prefix chain script '/home/panjincheng/Desktop/ws_ROS2PNC/install/setup.bash'
[1.536s] INFO:colcon.colcon_core.shell:Creating prefix script '/home/panjincheng/Desktop/ws_ROS2PNC/install/local_setup.zsh'
[1.537s] INFO:colcon.colcon_core.shell:Creating prefix chain script '/home/panjincheng/Desktop/ws_ROS2PNC/install/setup.zsh'
