[0.238s] Invoking command in '/home/apan/Desktop/ws_ROS2PNC/build/planning': AMENT_PREFIX_PATH=/home/apan/Desktop/ws_ROS2PNC/install/base_msgs:${AMENT_PREFIX_PATH} CMAKE_PREFIX_PATH=/home/apan/Desktop/ws_ROS2PNC/install/base_msgs:/opt/ros/humble CONDA_PROMPT_MODIFIER=(base) /home/apan/anaconda3/bin/cmake --build /home/apan/Desktop/ws_ROS2PNC/build/planning -- -j16 -l16
[0.261s] [35m[1mScanning dependencies of target planning_node[0m
[0.285s] [ 50%] [32mBuilding CXX object src/planning_process/CMakeFiles/planning_node.dir/planning_node.cpp.o[0m
[2.629s] [100%] [32m[1mLinking CXX executable planning_node[0m
[2.731s] [100%] Built target planning_node
[2.738s] Invoked command in '/home/apan/Desktop/ws_ROS2PNC/build/planning' returned '0': AMENT_PREFIX_PATH=/home/apan/Desktop/ws_ROS2PNC/install/base_msgs:${AMENT_PREFIX_PATH} CMAKE_PREFIX_PATH=/home/apan/Desktop/ws_ROS2PNC/install/base_msgs:/opt/ros/humble CONDA_PROMPT_MODIFIER=(base) /home/apan/anaconda3/bin/cmake --build /home/apan/Desktop/ws_ROS2PNC/build/planning -- -j16 -l16
[2.740s] Invoking command in '/home/apan/Desktop/ws_ROS2PNC/build/planning': AMENT_PREFIX_PATH=/home/apan/Desktop/ws_ROS2PNC/install/base_msgs:${AMENT_PREFIX_PATH} CMAKE_PREFIX_PATH=/home/apan/Desktop/ws_ROS2PNC/install/base_msgs:/opt/ros/humble CONDA_PROMPT_MODIFIER=(base) /home/apan/anaconda3/bin/cmake --install /home/apan/Desktop/ws_ROS2PNC/build/planning
[2.744s] -- Install configuration: ""
[2.745s] -- Installing: /home/apan/Desktop/ws_ROS2PNC/install/planning/lib/planning/planning_node
[2.745s] -- Set runtime path of "/home/apan/Desktop/ws_ROS2PNC/install/planning/lib/planning/planning_node" to ""
[2.745s] -- Up-to-date: /home/apan/Desktop/ws_ROS2PNC/install/planning/share/planning/config
[2.745s] -- Up-to-date: /home/apan/Desktop/ws_ROS2PNC/install/planning/share/planning/launch
[2.746s] -- Up-to-date: /home/apan/Desktop/ws_ROS2PNC/install/planning/share/planning/urdf
[2.746s] -- Up-to-date: /home/apan/Desktop/ws_ROS2PNC/install/planning/share/planning/urdf/main_car
[2.746s] -- Up-to-date: /home/apan/Desktop/ws_ROS2PNC/install/planning/share/planning/urdf/obs_car
[2.746s] -- Up-to-date: /home/apan/Desktop/ws_ROS2PNC/install/planning/share/planning/rviz
[2.746s] -- Up-to-date: /home/apan/Desktop/ws_ROS2PNC/install/planning/share/ament_index/resource_index/package_run_dependencies/planning
[2.746s] -- Up-to-date: /home/apan/Desktop/ws_ROS2PNC/install/planning/share/ament_index/resource_index/parent_prefix_path/planning
[2.746s] -- Up-to-date: /home/apan/Desktop/ws_ROS2PNC/install/planning/share/planning/environment/ament_prefix_path.sh
[2.746s] -- Up-to-date: /home/apan/Desktop/ws_ROS2PNC/install/planning/share/planning/environment/ament_prefix_path.dsv
[2.746s] -- Up-to-date: /home/apan/Desktop/ws_ROS2PNC/install/planning/share/planning/environment/path.sh
[2.746s] -- Up-to-date: /home/apan/Desktop/ws_ROS2PNC/install/planning/share/planning/environment/path.dsv
[2.747s] -- Up-to-date: /home/apan/Desktop/ws_ROS2PNC/install/planning/share/planning/local_setup.bash
[2.747s] -- Up-to-date: /home/apan/Desktop/ws_ROS2PNC/install/planning/share/planning/local_setup.sh
[2.747s] -- Up-to-date: /home/apan/Desktop/ws_ROS2PNC/install/planning/share/planning/local_setup.zsh
[2.747s] -- Up-to-date: /home/apan/Desktop/ws_ROS2PNC/install/planning/share/planning/local_setup.dsv
[2.747s] -- Installing: /home/apan/Desktop/ws_ROS2PNC/install/planning/share/planning/package.dsv
[2.747s] -- Up-to-date: /home/apan/Desktop/ws_ROS2PNC/install/planning/share/ament_index/resource_index/packages/planning
[2.747s] -- Up-to-date: /home/apan/Desktop/ws_ROS2PNC/install/planning/share/planning/cmake/planningConfig.cmake
[2.748s] -- Up-to-date: /home/apan/Desktop/ws_ROS2PNC/install/planning/share/planning/cmake/planningConfig-version.cmake
[2.748s] -- Up-to-date: /home/apan/Desktop/ws_ROS2PNC/install/planning/share/planning/package.xml
[2.749s] Invoked command in '/home/apan/Desktop/ws_ROS2PNC/build/planning' returned '0': AMENT_PREFIX_PATH=/home/apan/Desktop/ws_ROS2PNC/install/base_msgs:${AMENT_PREFIX_PATH} CMAKE_PREFIX_PATH=/home/apan/Desktop/ws_ROS2PNC/install/base_msgs:/opt/ros/humble CONDA_PROMPT_MODIFIER=(base) /home/apan/anaconda3/bin/cmake --install /home/apan/Desktop/ws_ROS2PNC/build/planning
