In file included from [01m[K/opt/ros/humble/include/rclcpp/service.hpp:34[m[K,
                 from [01m[K/opt/ros/humble/include/rclcpp/callback_group.hpp:25[m[K,
                 from [01m[K/opt/ros/humble/include/rclcpp/any_executable.hpp:20[m[K,
                 from [01m[K/opt/ros/humble/include/rclcpp/memory_strategy.hpp:25[m[K,
                 from [01m[K/opt/ros/humble/include/rclcpp/memory_strategies.hpp:18[m[K,
                 from [01m[K/opt/ros/humble/include/rclcpp/executor_options.hpp:20[m[K,
                 from [01m[K/opt/ros/humble/include/rclcpp/executor.hpp:36[m[K,
                 from [01m[K/opt/ros/humble/include/rclcpp/executors/multi_threaded_executor.hpp:26[m[K,
                 from [01m[K/opt/ros/humble/include/rclcpp/executors.hpp:21[m[K,
                 from [01m[K/opt/ros/humble/include/rclcpp/rclcpp.hpp:156[m[K,
                 from [01m[K/home/apan/Desktop/ws_ROS2PNC/src/planning/src/planning_process/planning_process.h:4[m[K,
                 from [01m[K/home/apan/Desktop/ws_ROS2PNC/src/planning/src/planning_process/planning_process.cpp:1[m[K:
[01m[K/home/apan/Desktop/ws_ROS2PNC/src/planning/src/planning_process/planning_process.cpp:[m[K In function ‘[01m[Kbool Planning::process()[m[K’:
[01m[K/home/apan/Desktop/ws_ROS2PNC/src/planning/src/planning_process/planning_process.cpp:12:40:[m[K [01;31m[Kerror: [m[Ktoo few arguments to function ‘[01m[Krclcpp::Logger rclcpp::get_logger(const string&)[m[K’
   12 |         RCLCPP_INFO(rclcpp::get_logger([01;31m[K)[m[K, "Processing ...");
      |                                        [01;31m[K^[m[K
In file included from [01m[K/opt/ros/humble/include/rclcpp/logging.hpp:23[m[K,
                 from [01m[K/opt/ros/humble/include/rclcpp/service.hpp:34[m[K,
                 from [01m[K/opt/ros/humble/include/rclcpp/callback_group.hpp:25[m[K,
                 from [01m[K/opt/ros/humble/include/rclcpp/any_executable.hpp:20[m[K,
                 from [01m[K/opt/ros/humble/include/rclcpp/memory_strategy.hpp:25[m[K,
                 from [01m[K/opt/ros/humble/include/rclcpp/memory_strategies.hpp:18[m[K,
                 from [01m[K/opt/ros/humble/include/rclcpp/executor_options.hpp:20[m[K,
                 from [01m[K/opt/ros/humble/include/rclcpp/executor.hpp:36[m[K,
                 from [01m[K/opt/ros/humble/include/rclcpp/executors/multi_threaded_executor.hpp:26[m[K,
                 from [01m[K/opt/ros/humble/include/rclcpp/executors.hpp:21[m[K,
                 from [01m[K/opt/ros/humble/include/rclcpp/rclcpp.hpp:156[m[K,
                 from [01m[K/home/apan/Desktop/ws_ROS2PNC/src/planning/src/planning_process/planning_process.h:4[m[K,
                 from [01m[K/home/apan/Desktop/ws_ROS2PNC/src/planning/src/planning_process/planning_process.cpp:1[m[K:
[01m[K/opt/ros/humble/include/rclcpp/logger.hpp:106:17:[m[K [01;36m[Knote: [m[Kdeclared here
  106 |   friend Logger [01;36m[Krclcpp[m[K::get_logger(const std::string & name);
      |                 [01;36m[K^~~~~~[m[K
In file included from [01m[K/opt/ros/humble/include/rclcpp/service.hpp:34[m[K,
                 from [01m[K/opt/ros/humble/include/rclcpp/callback_group.hpp:25[m[K,
                 from [01m[K/opt/ros/humble/include/rclcpp/any_executable.hpp:20[m[K,
                 from [01m[K/opt/ros/humble/include/rclcpp/memory_strategy.hpp:25[m[K,
                 from [01m[K/opt/ros/humble/include/rclcpp/memory_strategies.hpp:18[m[K,
                 from [01m[K/opt/ros/humble/include/rclcpp/executor_options.hpp:20[m[K,
                 from [01m[K/opt/ros/humble/include/rclcpp/executor.hpp:36[m[K,
                 from [01m[K/opt/ros/humble/include/rclcpp/executors/multi_threaded_executor.hpp:26[m[K,
                 from [01m[K/opt/ros/humble/include/rclcpp/executors.hpp:21[m[K,
                 from [01m[K/opt/ros/humble/include/rclcpp/rclcpp.hpp:156[m[K,
                 from [01m[K/home/apan/Desktop/ws_ROS2PNC/src/planning/src/planning_process/planning_process.h:4[m[K,
                 from [01m[K/home/apan/Desktop/ws_ROS2PNC/src/planning/src/planning_process/planning_process.cpp:1[m[K:
[01m[K/home/apan/Desktop/ws_ROS2PNC/src/planning/src/planning_process/planning_process.cpp:12:40:[m[K [01;31m[Kerror: [m[Ktoo few arguments to function ‘[01m[Krclcpp::Logger rclcpp::get_logger(const string&)[m[K’
   12 |         RCLCPP_INFO(rclcpp::get_logger([01;31m[K)[m[K, "Processing ...");
      |                                        [01;31m[K^[m[K
In file included from [01m[K/opt/ros/humble/include/rclcpp/logging.hpp:23[m[K,
                 from [01m[K/opt/ros/humble/include/rclcpp/service.hpp:34[m[K,
                 from [01m[K/opt/ros/humble/include/rclcpp/callback_group.hpp:25[m[K,
                 from [01m[K/opt/ros/humble/include/rclcpp/any_executable.hpp:20[m[K,
                 from [01m[K/opt/ros/humble/include/rclcpp/memory_strategy.hpp:25[m[K,
                 from [01m[K/opt/ros/humble/include/rclcpp/memory_strategies.hpp:18[m[K,
                 from [01m[K/opt/ros/humble/include/rclcpp/executor_options.hpp:20[m[K,
                 from [01m[K/opt/ros/humble/include/rclcpp/executor.hpp:36[m[K,
                 from [01m[K/opt/ros/humble/include/rclcpp/executors/multi_threaded_executor.hpp:26[m[K,
                 from [01m[K/opt/ros/humble/include/rclcpp/executors.hpp:21[m[K,
                 from [01m[K/opt/ros/humble/include/rclcpp/rclcpp.hpp:156[m[K,
                 from [01m[K/home/apan/Desktop/ws_ROS2PNC/src/planning/src/planning_process/planning_process.h:4[m[K,
                 from [01m[K/home/apan/Desktop/ws_ROS2PNC/src/planning/src/planning_process/planning_process.cpp:1[m[K:
[01m[K/opt/ros/humble/include/rclcpp/logger.hpp:106:17:[m[K [01;36m[Knote: [m[Kdeclared here
  106 |   friend Logger [01;36m[Krclcpp[m[K::get_logger(const std::string & name);
      |                 [01;36m[K^~~~~~[m[K
In file included from [01m[K/opt/ros/humble/include/rclcpp/service.hpp:34[m[K,
                 from [01m[K/opt/ros/humble/include/rclcpp/callback_group.hpp:25[m[K,
                 from [01m[K/opt/ros/humble/include/rclcpp/any_executable.hpp:20[m[K,
                 from [01m[K/opt/ros/humble/include/rclcpp/memory_strategy.hpp:25[m[K,
                 from [01m[K/opt/ros/humble/include/rclcpp/memory_strategies.hpp:18[m[K,
                 from [01m[K/opt/ros/humble/include/rclcpp/executor_options.hpp:20[m[K,
                 from [01m[K/opt/ros/humble/include/rclcpp/executor.hpp:36[m[K,
                 from [01m[K/opt/ros/humble/include/rclcpp/executors/multi_threaded_executor.hpp:26[m[K,
                 from [01m[K/opt/ros/humble/include/rclcpp/executors.hpp:21[m[K,
                 from [01m[K/opt/ros/humble/include/rclcpp/rclcpp.hpp:156[m[K,
                 from [01m[K/home/apan/Desktop/ws_ROS2PNC/src/planning/src/planning_process/planning_process.h:4[m[K,
                 from [01m[K/home/apan/Desktop/ws_ROS2PNC/src/planning/src/planning_process/planning_process.cpp:1[m[K:
[01m[K/home/apan/Desktop/ws_ROS2PNC/src/planning/src/planning_process/planning_process.cpp:12:9:[m[K [01;31m[Kerror: [m[Ktemplate argument 1 is invalid
   12 |         [01;31m[KRCLCPP_INFO[m[K(rclcpp::get_logger(), "Processing ...");
      |         [01;31m[K^~~~~~~~~~~[m[K
[01m[K/home/apan/Desktop/ws_ROS2PNC/src/planning/src/planning_process/planning_process.cpp:12:9:[m[K [01;31m[Kerror: [m[Ktemplate argument 1 is invalid
   12 |         [01;31m[KRCLCPP_INFO[m[K(rclcpp::get_logger(), "Processing ...");
      |         [01;31m[K^~~~~~~~~~~[m[K
[01m[K/home/apan/Desktop/ws_ROS2PNC/src/planning/src/planning_process/planning_process.cpp:12:9:[m[K [01;31m[Kerror: [m[Ktemplate argument 1 is invalid
   12 |         [01;31m[KRCLCPP_INFO[m[K(rclcpp::get_logger(), "Processing ...");
      |         [01;31m[K^~~~~~~~~~~[m[K
In file included from [01m[K/opt/ros/humble/include/rclcpp/client.hpp:40[m[K,
                 from [01m[K/opt/ros/humble/include/rclcpp/callback_group.hpp:23[m[K,
                 from [01m[K/opt/ros/humble/include/rclcpp/any_executable.hpp:20[m[K,
                 from [01m[K/opt/ros/humble/include/rclcpp/memory_strategy.hpp:25[m[K,
                 from [01m[K/opt/ros/humble/include/rclcpp/memory_strategies.hpp:18[m[K,
                 from [01m[K/opt/ros/humble/include/rclcpp/executor_options.hpp:20[m[K,
                 from [01m[K/opt/ros/humble/include/rclcpp/executor.hpp:36[m[K,
                 from [01m[K/opt/ros/humble/include/rclcpp/executors/multi_threaded_executor.hpp:26[m[K,
                 from [01m[K/opt/ros/humble/include/rclcpp/executors.hpp:21[m[K,
                 from [01m[K/opt/ros/humble/include/rclcpp/rclcpp.hpp:156[m[K,
                 from [01m[K/home/apan/Desktop/ws_ROS2PNC/src/planning/src/planning_process/planning_process.h:4[m[K,
                 from [01m[K/home/apan/Desktop/ws_ROS2PNC/src/planning/src/planning_process/planning_process.cpp:1[m[K:
[01m[K/home/apan/Desktop/ws_ROS2PNC/src/planning/src/planning_process/planning_process.cpp:12:40:[m[K [01;31m[Kerror: [m[Ktoo few arguments to function ‘[01m[Krclcpp::Logger rclcpp::get_logger(const string&)[m[K’
   12 |         RCLCPP_INFO(rclcpp::get_logger([01;31m[K)[m[K, "Processing ...");
      |                                        [01;31m[K^[m[K
In file included from [01m[K/opt/ros/humble/include/rclcpp/logging.hpp:23[m[K,
                 from [01m[K/opt/ros/humble/include/rclcpp/service.hpp:34[m[K,
                 from [01m[K/opt/ros/humble/include/rclcpp/callback_group.hpp:25[m[K,
                 from [01m[K/opt/ros/humble/include/rclcpp/any_executable.hpp:20[m[K,
                 from [01m[K/opt/ros/humble/include/rclcpp/memory_strategy.hpp:25[m[K,
                 from [01m[K/opt/ros/humble/include/rclcpp/memory_strategies.hpp:18[m[K,
                 from [01m[K/opt/ros/humble/include/rclcpp/executor_options.hpp:20[m[K,
                 from [01m[K/opt/ros/humble/include/rclcpp/executor.hpp:36[m[K,
                 from [01m[K/opt/ros/humble/include/rclcpp/executors/multi_threaded_executor.hpp:26[m[K,
                 from [01m[K/opt/ros/humble/include/rclcpp/executors.hpp:21[m[K,
                 from [01m[K/opt/ros/humble/include/rclcpp/rclcpp.hpp:156[m[K,
                 from [01m[K/home/apan/Desktop/ws_ROS2PNC/src/planning/src/planning_process/planning_process.h:4[m[K,
                 from [01m[K/home/apan/Desktop/ws_ROS2PNC/src/planning/src/planning_process/planning_process.cpp:1[m[K:
[01m[K/opt/ros/humble/include/rclcpp/logger.hpp:106:17:[m[K [01;36m[Knote: [m[Kdeclared here
  106 |   friend Logger [01;36m[Krclcpp[m[K::get_logger(const std::string & name);
      |                 [01;36m[K^~~~~~[m[K
In file included from [01m[K/opt/ros/humble/include/rclcpp/client.hpp:40[m[K,
                 from [01m[K/opt/ros/humble/include/rclcpp/callback_group.hpp:23[m[K,
                 from [01m[K/opt/ros/humble/include/rclcpp/any_executable.hpp:20[m[K,
                 from [01m[K/opt/ros/humble/include/rclcpp/memory_strategy.hpp:25[m[K,
                 from [01m[K/opt/ros/humble/include/rclcpp/memory_strategies.hpp:18[m[K,
                 from [01m[K/opt/ros/humble/include/rclcpp/executor_options.hpp:20[m[K,
                 from [01m[K/opt/ros/humble/include/rclcpp/executor.hpp:36[m[K,
                 from [01m[K/opt/ros/humble/include/rclcpp/executors/multi_threaded_executor.hpp:26[m[K,
                 from [01m[K/opt/ros/humble/include/rclcpp/executors.hpp:21[m[K,
                 from [01m[K/opt/ros/humble/include/rclcpp/rclcpp.hpp:156[m[K,
                 from [01m[K/home/apan/Desktop/ws_ROS2PNC/src/planning/src/planning_process/planning_process.h:4[m[K,
                 from [01m[K/home/apan/Desktop/ws_ROS2PNC/src/planning/src/planning_process/planning_process.cpp:1[m[K:
[01m[K/home/apan/Desktop/ws_ROS2PNC/src/planning/src/planning_process/planning_process.cpp:12:40:[m[K [01;31m[Kerror: [m[Ktoo few arguments to function ‘[01m[Krclcpp::Logger rclcpp::get_logger(const string&)[m[K’
   12 |         RCLCPP_INFO(rclcpp::get_logger([01;31m[K)[m[K, "Processing ...");
      |                                        [01;31m[K^[m[K
In file included from [01m[K/opt/ros/humble/include/rclcpp/logging.hpp:23[m[K,
                 from [01m[K/opt/ros/humble/include/rclcpp/service.hpp:34[m[K,
                 from [01m[K/opt/ros/humble/include/rclcpp/callback_group.hpp:25[m[K,
                 from [01m[K/opt/ros/humble/include/rclcpp/any_executable.hpp:20[m[K,
                 from [01m[K/opt/ros/humble/include/rclcpp/memory_strategy.hpp:25[m[K,
                 from [01m[K/opt/ros/humble/include/rclcpp/memory_strategies.hpp:18[m[K,
                 from [01m[K/opt/ros/humble/include/rclcpp/executor_options.hpp:20[m[K,
                 from [01m[K/opt/ros/humble/include/rclcpp/executor.hpp:36[m[K,
                 from [01m[K/opt/ros/humble/include/rclcpp/executors/multi_threaded_executor.hpp:26[m[K,
                 from [01m[K/opt/ros/humble/include/rclcpp/executors.hpp:21[m[K,
                 from [01m[K/opt/ros/humble/include/rclcpp/rclcpp.hpp:156[m[K,
                 from [01m[K/home/apan/Desktop/ws_ROS2PNC/src/planning/src/planning_process/planning_process.h:4[m[K,
                 from [01m[K/home/apan/Desktop/ws_ROS2PNC/src/planning/src/planning_process/planning_process.cpp:1[m[K:
[01m[K/opt/ros/humble/include/rclcpp/logger.hpp:106:17:[m[K [01;36m[Knote: [m[Kdeclared here
  106 |   friend Logger [01;36m[Krclcpp[m[K::get_logger(const std::string & name);
      |                 [01;36m[K^~~~~~[m[K
make[2]: *** [src/planning_process/CMakeFiles/planning_node.dir/build.make:95：src/planning_process/CMakeFiles/planning_node.dir/planning_process.cpp.o] 错误 1
make[1]: *** [CMakeFiles/Makefile2:337：src/planning_process/CMakeFiles/planning_node.dir/all] 错误 2
make: *** [Makefile:160：all] 错误 2
