Performing C SOURCE FILE Test CMAKE_HAVE_LIBC_PTHREAD failed with the following output:
Change Dir: /home/panjincheng/Desktop/ws_ROS2PNC/build/planning/CMakeFiles/CMakeTmp

Run Build Command(s):/usr/bin/make cmTC_16769/fast && /usr/bin/make  -f CMakeFiles/cmTC_16769.dir/build.make CMakeFiles/cmTC_16769.dir/build
make[1]: 进入目录“/home/panjincheng/Desktop/ws_ROS2PNC/build/planning/CMakeFiles/CMakeTmp”
Building C object CMakeFiles/cmTC_16769.dir/src.c.o
/usr/bin/cc   -DCMAKE_HAVE_LIBC_PTHREAD -o CMakeFiles/cmTC_16769.dir/src.c.o -c /home/panjincheng/Desktop/ws_ROS2PNC/build/planning/CMakeFiles/CMakeTmp/src.c
Linking C executable cmTC_16769
/home/panjincheng/miniconda3/bin/cmake -E cmake_link_script CMakeFiles/cmTC_16769.dir/link.txt --verbose=1
/usr/bin/cc  -DCMAKE_HAVE_LIBC_PTHREAD CMakeFiles/cmTC_16769.dir/src.c.o -o cmTC_16769 
/usr/bin/ld: CMakeFiles/cmTC_16769.dir/src.c.o: in function `main':
src.c:(.text+0x46): undefined reference to `pthread_create'
/usr/bin/ld: src.c:(.text+0x52): undefined reference to `pthread_detach'
/usr/bin/ld: src.c:(.text+0x5e): undefined reference to `pthread_cancel'
/usr/bin/ld: src.c:(.text+0x6f): undefined reference to `pthread_join'
collect2: error: ld returned 1 exit status
make[1]: *** [CMakeFiles/cmTC_16769.dir/build.make:106：cmTC_16769] 错误 1
make[1]: 离开目录“/home/panjincheng/Desktop/ws_ROS2PNC/build/planning/CMakeFiles/CMakeTmp”
make: *** [Makefile:140：cmTC_16769/fast] 错误 2


Source file was:
#include <pthread.h>

void* test_func(void* data)
{
  return data;
}

int main(void)
{
  pthread_t thread;
  pthread_create(&thread, NULL, test_func, NULL);
  pthread_detach(thread);
  pthread_cancel(thread);
  pthread_join(thread, NULL);
  pthread_atfork(NULL, NULL, NULL);
  pthread_exit(NULL);

  return 0;
}

Determining if the function pthread_create exists in the pthreads failed with the following output:
Change Dir: /home/panjincheng/Desktop/ws_ROS2PNC/build/planning/CMakeFiles/CMakeTmp

Run Build Command(s):/usr/bin/make cmTC_5f8f9/fast && /usr/bin/make  -f CMakeFiles/cmTC_5f8f9.dir/build.make CMakeFiles/cmTC_5f8f9.dir/build
make[1]: 进入目录“/home/panjincheng/Desktop/ws_ROS2PNC/build/planning/CMakeFiles/CMakeTmp”
Building C object CMakeFiles/cmTC_5f8f9.dir/CheckFunctionExists.c.o
/usr/bin/cc   -DCHECK_FUNCTION_EXISTS=pthread_create -o CMakeFiles/cmTC_5f8f9.dir/CheckFunctionExists.c.o -c /home/panjincheng/miniconda3/share/cmake-3.18/Modules/CheckFunctionExists.c
Linking C executable cmTC_5f8f9
/home/panjincheng/miniconda3/bin/cmake -E cmake_link_script CMakeFiles/cmTC_5f8f9.dir/link.txt --verbose=1
/usr/bin/cc  -DCHECK_FUNCTION_EXISTS=pthread_create CMakeFiles/cmTC_5f8f9.dir/CheckFunctionExists.c.o -o cmTC_5f8f9  -lpthreads 
/usr/bin/ld: 找不到 -lpthreads
collect2: error: ld returned 1 exit status
make[1]: *** [CMakeFiles/cmTC_5f8f9.dir/build.make:106：cmTC_5f8f9] 错误 1
make[1]: 离开目录“/home/panjincheng/Desktop/ws_ROS2PNC/build/planning/CMakeFiles/CMakeTmp”
make: *** [Makefile:140：cmTC_5f8f9/fast] 错误 2



