[0.028s] Invoking command in '/home/apan/Desktop/ws_ROS2PNC/build/base_msgs': CMAKE_PREFIX_PATH=${CMAKE_PREFIX_PATH}:/home/apan/Desktop/ws_ROS2PNC/install/data_plot:/opt/ros/humble CONDA_PROMPT_MODIFIER=(base) /home/apan/anaconda3/bin/cmake --build /home/apan/Desktop/ws_ROS2PNC/build/base_msgs -- -j16 -l16
[0.277s] -- Found ament_cmake: 1.1.6 (/opt/ros/humble/share/ament_cmake/cmake)
[0.277s] -- Using PYTHON_EXECUTABLE: /home/apan/anaconda3/bin/python3
[0.279s] -- Found rosidl_default_generators: 1.1.1 (/opt/ros/humble/share/rosidl_default_generators/cmake)
[0.279s] -- Using all available rosidl_typesupport_c: rosidl_typesupport_fastrtps_c;rosidl_typesupport_introspection_c
[0.279s] -- Found rosidl_adapter: 2.2.3 (/opt/ros/humble/share/rosidl_adapter/cmake)
[0.280s] -- Found OpenSSL: /usr/lib/x86_64-linux-gnu/libcrypto.so (found version "1.1.1f")  
[0.286s] -- Found FastRTPS: /opt/ros/humble/include  
[0.365s] -- Using all available rosidl_typesupport_cpp: rosidl_typesupport_fastrtps_cpp;rosidl_typesupport_introspection_cpp
[0.392s] -- Found visualization_msgs: 2.2.4 (/opt/ros/humble/share/visualization_msgs/cmake)
[0.540s] -- Found nav_msgs: 2.2.4 (/opt/ros/humble/share/nav_msgs/cmake)
[0.606s] -- Found ament_lint_auto: 0.10.7 (/opt/ros/humble/share/ament_lint_auto/cmake)
[0.700s] -- Added test 'copyright' to check source files copyright and LICENSE
[0.701s] -- Added test 'lint_cmake' to check CMake code style
[0.702s] -- Added test 'xmllint' to check XML markup files
[0.703s] -- Configuring done
[0.706s] -- Generating done
[0.709s] -- Build files have been written to: /home/apan/Desktop/ws_ROS2PNC/build/base_msgs
[0.723s] Invoked command in '/home/apan/Desktop/ws_ROS2PNC/build/base_msgs' returned '0': CMAKE_PREFIX_PATH=${CMAKE_PREFIX_PATH}:/home/apan/Desktop/ws_ROS2PNC/install/data_plot:/opt/ros/humble CONDA_PROMPT_MODIFIER=(base) /home/apan/anaconda3/bin/cmake --build /home/apan/Desktop/ws_ROS2PNC/build/base_msgs -- -j16 -l16
[0.726s] Invoking command in '/home/apan/Desktop/ws_ROS2PNC/build/base_msgs': CMAKE_PREFIX_PATH=${CMAKE_PREFIX_PATH}:/home/apan/Desktop/ws_ROS2PNC/install/data_plot:/opt/ros/humble CONDA_PROMPT_MODIFIER=(base) /home/apan/anaconda3/bin/cmake --install /home/apan/Desktop/ws_ROS2PNC/build/base_msgs
[0.730s] -- Install configuration: ""
[0.731s] -- Installing: /home/apan/Desktop/ws_ROS2PNC/install/base_msgs/share/ament_index/resource_index/package_run_dependencies/base_msgs
[0.731s] -- Installing: /home/apan/Desktop/ws_ROS2PNC/install/base_msgs/share/ament_index/resource_index/parent_prefix_path/base_msgs
[0.731s] -- Up-to-date: /home/apan/Desktop/ws_ROS2PNC/install/base_msgs/share/base_msgs/environment/ament_prefix_path.sh
[0.731s] -- Installing: /home/apan/Desktop/ws_ROS2PNC/install/base_msgs/share/base_msgs/environment/ament_prefix_path.dsv
[0.731s] -- Up-to-date: /home/apan/Desktop/ws_ROS2PNC/install/base_msgs/share/base_msgs/environment/path.sh
[0.731s] -- Installing: /home/apan/Desktop/ws_ROS2PNC/install/base_msgs/share/base_msgs/environment/path.dsv
[0.731s] -- Up-to-date: /home/apan/Desktop/ws_ROS2PNC/install/base_msgs/share/base_msgs/local_setup.bash
[0.731s] -- Up-to-date: /home/apan/Desktop/ws_ROS2PNC/install/base_msgs/share/base_msgs/local_setup.sh
[0.732s] -- Up-to-date: /home/apan/Desktop/ws_ROS2PNC/install/base_msgs/share/base_msgs/local_setup.zsh
[0.732s] -- Installing: /home/apan/Desktop/ws_ROS2PNC/install/base_msgs/share/base_msgs/local_setup.dsv
[0.732s] -- Installing: /home/apan/Desktop/ws_ROS2PNC/install/base_msgs/share/base_msgs/package.dsv
[0.732s] -- Up-to-date: /home/apan/Desktop/ws_ROS2PNC/install/base_msgs/share/ament_index/resource_index/packages/base_msgs
[0.732s] -- Up-to-date: /home/apan/Desktop/ws_ROS2PNC/install/base_msgs/share/base_msgs/cmake/base_msgsConfig.cmake
[0.732s] -- Up-to-date: /home/apan/Desktop/ws_ROS2PNC/install/base_msgs/share/base_msgs/cmake/base_msgsConfig-version.cmake
[0.732s] -- Installing: /home/apan/Desktop/ws_ROS2PNC/install/base_msgs/share/base_msgs/package.xml
[0.733s] Invoked command in '/home/apan/Desktop/ws_ROS2PNC/build/base_msgs' returned '0': CMAKE_PREFIX_PATH=${CMAKE_PREFIX_PATH}:/home/apan/Desktop/ws_ROS2PNC/install/data_plot:/opt/ros/humble CONDA_PROMPT_MODIFIER=(base) /home/apan/anaconda3/bin/cmake --install /home/apan/Desktop/ws_ROS2PNC/build/base_msgs
